#
# There is insufficient memory for the Java Runtime Environment to continue.
# Native memory allocation (malloc) failed to allocate 1048576 bytes for AllocateHeap
# Possible reasons:
#   The system is out of physical RAM or swap space
#   The process is running with CompressedOops enabled, and the Java Heap may be blocking the growth of the native heap
# Possible solutions:
#   Reduce memory load on the system
#   Increase physical memory or swap space
#   Check if swap backing store is full
#   Decrease Java heap size (-Xmx/-Xms)
#   Decrease number of Java threads
#   Decrease Java thread stack sizes (-Xss)
#   Set larger code cache with -XX:ReservedCodeCacheSize=
#   JVM is running with Unscaled Compressed Oops mode in which the Java heap is
#     placed in the first 4GB address space. The Java Heap base address is the
#     maximum limit for the native heap growth. Please use -XX:HeapBaseMinAddress
#     to set the Java Heap base and to place the Java Heap above 4GB virtual address.
# This output file may be truncated or incomplete.
#
#  Out of Memory Error (./open/src/hotspot/share/memory/allocation.cpp:46), pid=12732, tid=11408
#
# JRE version: Java(TM) SE Runtime Environment 18.9 (11.0.16.1+1) (build 11.0.16.1+1-LTS-1)
# Java VM: Java HotSpot(TM) 64-Bit Server VM 18.9 (11.0.16.1+1-LTS-1, mixed mode, tiered, compressed oops, g1 gc, windows-amd64)
# No core dump will be written. Minidumps are not enabled by default on client versions of Windows
#

---------------  S U M M A R Y ------------

Command Line: -ea -Didea.test.cyclic.buffer.size=1048576 -javaagent:C:\Users\ASUS\IntelliJ IDEA Community Edition 2022.3\lib\idea_rt.jar=57652:C:\Users\ASUS\IntelliJ IDEA Community Edition 2022.3\bin -Dfile.encoding=UTF-8 com.intellij.rt.testng.RemoteTestNGStarter -usedefaultlisteners false -socket57651 @w@C:\Users\ASUS\AppData\Local\Temp\idea_working_dirs_testng.tmp -temp C:\Users\ASUS\AppData\Local\Temp\idea_testng.tmp

Host: AMD Ryzen 5 3500U with Radeon Vega Mobile Gfx  , 8 cores, 5G,  Windows 10 , 64 bit Build 19041 (10.0.19041.2364)
Time: Fri Jan  6 16:18:55 2023  Windows 10 , 64 bit Build 19041 (10.0.19041.2364) elapsed time: 5.360250 seconds (0d 0h 0m 5s)

---------------  T H R E A D  ---------------

Current thread (0x000002df7e576000):  VMThread "VM Thread" [stack: 0x000000efa6e00000,0x000000efa6f00000] [id=11408]

Stack: [0x000000efa6e00000,0x000000efa6f00000]
[error occurred during error reporting (printing stack bounds), id 0xc0000005, EXCEPTION_ACCESS_VIOLATION (0xc0000005) at pc=0x000002df68f90f2d]

Native frames: (J=compiled Java code, j=interpreted, Vv=VM code, C=native code)
V  [jvm.dll+0x62a3da]
V  [jvm.dll+0x76407f]
V  [jvm.dll+0x765729]
V  [jvm.dll+0x765d15]
V  [jvm.dll+0x765ccb]
V  [jvm.dll+0x6298c3]
V  [jvm.dll+0x629fd8]
C  [ntdll.dll+0xa241f]
C  [ntdll.dll+0x514a4]
C  [ntdll.dll+0xa0f4e]
C  0x000002df68f90f2d

VM_Operation (0x000000efa68fbd40): CollectForMetadataAllocation, mode: safepoint, requested by thread 0x000002df618e9000


---------------  P R O C E S S  ---------------

Threads class SMR info:
_java_thread_list=0x000002df7f964690, length=20, elements={
0x000002df618e9000, 0x000002df7e599000, 0x000002df7e5a2800, 0x000002df7ef33000,
0x000002df7e5b7000, 0x000002df7e5b9000, 0x000002df7e5c8000, 0x000002df7e5cd800,
0x000002df7e5d7000, 0x000002df7f080000, 0x000002df7f2ee000, 0x000002df7f961800,
0x000002df01a46800, 0x000002df0052b800, 0x000002df00665800, 0x000002df00147800,
0x000002df00828800, 0x000002df019ff800, 0x000002df0086e000, 0x000002df00b2c000
}

Java Threads: ( => current thread )
  0x000002df618e9000 JavaThread "Forwarding newSession on session null to remote" [_thread_blocked, id=5200, stack(0x000000efa6800000,0x000000efa6900000)]
  0x000002df7e599000 JavaThread "Reference Handler" daemon [_thread_blocked, id=3092, stack(0x000000efa6f00000,0x000000efa7000000)]
  0x000002df7e5a2800 JavaThread "Finalizer" daemon [_thread_blocked, id=21176, stack(0x000000efa7000000,0x000000efa7100000)]
  0x000002df7ef33000 JavaThread "Signal Dispatcher" daemon [_thread_blocked, id=7720, stack(0x000000efa7100000,0x000000efa7200000)]
  0x000002df7e5b7000 JavaThread "Attach Listener" daemon [_thread_blocked, id=16764, stack(0x000000efa7200000,0x000000efa7300000)]
  0x000002df7e5b9000 JavaThread "Service Thread" daemon [_thread_blocked, id=9776, stack(0x000000efa7300000,0x000000efa7400000)]
  0x000002df7e5c8000 JavaThread "C2 CompilerThread0" daemon [_thread_blocked, id=20248, stack(0x000000efa7400000,0x000000efa7500000)]
  0x000002df7e5cd800 JavaThread "C1 CompilerThread0" daemon [_thread_blocked, id=16408, stack(0x000000efa7500000,0x000000efa7600000)]
  0x000002df7e5d7000 JavaThread "Sweeper thread" daemon [_thread_blocked, id=4000, stack(0x000000efa7600000,0x000000efa7700000)]
  0x000002df7f080000 JavaThread "Common-Cleaner" daemon [_thread_blocked, id=15172, stack(0x000000efa7700000,0x000000efa7800000)]
  0x000002df7f2ee000 JavaThread "Monitor Ctrl-Break" daemon [_thread_in_native, id=16972, stack(0x000000efa7900000,0x000000efa7a00000)]
  0x000002df7f961800 JavaThread "ForkJoinPool.commonPool-worker-3" daemon [_thread_blocked, id=3084, stack(0x000000efa7e00000,0x000000efa7f00000)]
  0x000002df01a46800 JavaThread "AsyncHttpClient-1-1" daemon [_thread_blocked, id=16312, stack(0x000000efa7f00000,0x000000efa8000000)]
  0x000002df0052b800 JavaThread "Exec Default Executor" daemon [_thread_in_native, id=12300, stack(0x000000efa7b00000,0x000000efa7c00000)]
  0x000002df00665800 JavaThread "Driver Service Executor" daemon [_thread_blocked, id=21296, stack(0x000000efa8000000,0x000000efa8100000)]
  0x000002df00147800 JavaThread "Driver Service Executor" daemon [_thread_blocked, id=8416, stack(0x000000efa8100000,0x000000efa8200000)]
  0x000002df00828800 JavaThread "UrlChecker-2" daemon [_thread_blocked, id=18672, stack(0x000000efa8200000,0x000000efa8300000)]
  0x000002df019ff800 JavaThread "Exec Stream Pumper" daemon [_thread_in_native, id=6064, stack(0x000000efa8300000,0x000000efa8400000)]
  0x000002df0086e000 JavaThread "Exec Stream Pumper" daemon [_thread_in_native, id=16460, stack(0x000000efa8400000,0x000000efa8500000)]
  0x000002df00b2c000 JavaThread "Keep-Alive-Timer" daemon [_thread_blocked, id=21316, stack(0x000000efa8500000,0x000000efa8600000)]

Other Threads:
=>0x000002df7e576000 VMThread "VM Thread" [stack: 0x000000efa6e00000,0x000000efa6f00000] [id=11408]
  0x000002df7f1f7800 WatcherThread [stack: 0x000000efa7a00000,0x000000efa7b00000] [id=1188]
  0x000002df618fc800 GCTaskThread "GC Thread#0" [stack: 0x000000efa6900000,0x000000efa6a00000] [id=16036]
  0x000002df00042000 GCTaskThread "GC Thread#1" [stack: 0x000000efa7800000,0x000000efa7900000] [id=20204]
  0x000002df61921800 ConcurrentGCThread "G1 Main Marker" [stack: 0x000000efa6a00000,0x000000efa6b00000] [id=20844]
  0x000002df61925000 ConcurrentGCThread "G1 Conc#0" [stack: 0x000000efa6b00000,0x000000efa6c00000] [id=3980]
  0x000002df006c0000 ConcurrentGCThread "G1 Conc#1" [stack: 0x000000efa7c00000,0x000000efa7d00000] [id=1500]
  0x000002df619aa000 ConcurrentGCThread "G1 Refine#0" [stack: 0x000000efa6c00000,0x000000efa6d00000] [id=17096]
  0x000002df619ab000 ConcurrentGCThread "G1 Young RemSet Sampling" [stack: 0x000000efa6d00000,0x000000efa6e00000] [id=16004]

Threads with active compile tasks:
C2 CompilerThread0     5373 2846       4       jdk.internal.util.jar.JarIndex::get (49 bytes)

VM state:at safepoint (normal execution)

VM Mutex/Monitor currently owned by a thread:  ([mutex/lock_event])
[0x000002df618e54e0] Threads_lock - owner thread: 0x000002df7e576000
[0x000002df618e52a0] Heap_lock - owner thread: 0x000002df618e9000

Heap address: 0x00000000a0c00000, size: 1524 MB, Compressed Oops mode: 32-bit
Narrow klass base: 0x0000000000000000, Narrow klass shift: 3
Compressed class space size: 1073741824 Address: 0x0000000100000000

Heap:
 garbage-first heap   total 98304K, used 12180K [0x00000000a0c00000, 0x0000000100000000)
  region size 1024K, 3 young (3072K), 3 survivors (3072K)
 Metaspace       used 31195K, capacity 32116K, committed 32128K, reserved 1087488K
  class space    used 3581K, capacity 3956K, committed 3968K, reserved 1048576K
Heap Regions: E=young(eden), S=young(survivor), O=old, HS=humongous(starts), HC=humongous(continues), CS=collection set, F=free, A=archive, TAMS=top-at-mark-start (previous, next)
|   0|0x00000000a0c00000, 0x00000000a0d00000, 0x00000000a0d00000|100%| O|  |TAMS 0x00000000a0d00000, 0x00000000a0d00000| Untracked 
|   1|0x00000000a0d00000, 0x00000000a0e00000, 0x00000000a0e00000|100%| O|  |TAMS 0x00000000a0e00000, 0x00000000a0e00000| Untracked 
|   2|0x00000000a0e00000, 0x00000000a0f00000, 0x00000000a0f00000|100%| O|  |TAMS 0x00000000a0e10800, 0x00000000a0f00000| Untracked 
|   3|0x00000000a0f00000, 0x00000000a1000000, 0x00000000a1000000|100%| O|  |TAMS 0x00000000a0f00000, 0x00000000a1000000| Untracked 
|   4|0x00000000a1000000, 0x00000000a1100000, 0x00000000a1100000|100%| O|  |TAMS 0x00000000a1000000, 0x00000000a1100000| Untracked 
|   5|0x00000000a1100000, 0x00000000a1200000, 0x00000000a1200000|100%| O|  |TAMS 0x00000000a1100000, 0x00000000a1200000| Untracked 
|   6|0x00000000a1200000, 0x00000000a1300000, 0x00000000a1300000|100%| O|  |TAMS 0x00000000a1200000, 0x00000000a1300000| Untracked 
|   7|0x00000000a1300000, 0x00000000a1400000, 0x00000000a1400000|100%| O|  |TAMS 0x00000000a1300000, 0x00000000a1400000| Untracked 
|   8|0x00000000a1400000, 0x00000000a1500000, 0x00000000a1500000|100%| O|  |TAMS 0x00000000a1400000, 0x00000000a1500000| Untracked 
|   9|0x00000000a1500000, 0x00000000a1511200, 0x00000000a1600000|  6%| O|  |TAMS 0x00000000a1500000, 0x00000000a1511200| Untracked 
|  10|0x00000000a1600000, 0x00000000a1600000, 0x00000000a1700000|  0%| F|  |TAMS 0x00000000a1600000, 0x00000000a1600000| Untracked 
|  11|0x00000000a1700000, 0x00000000a1700000, 0x00000000a1800000|  0%| F|  |TAMS 0x00000000a1700000, 0x00000000a1700000| Untracked 
|  12|0x00000000a1800000, 0x00000000a1800000, 0x00000000a1900000|  0%| F|  |TAMS 0x00000000a1800000, 0x00000000a1800000| Untracked 
|  13|0x00000000a1900000, 0x00000000a1900000, 0x00000000a1a00000|  0%| F|  |TAMS 0x00000000a1900000, 0x00000000a1900000| Untracked 
|  14|0x00000000a1a00000, 0x00000000a1a00000, 0x00000000a1b00000|  0%| F|  |TAMS 0x00000000a1a00000, 0x00000000a1a00000| Untracked 
|  15|0x00000000a1b00000, 0x00000000a1b00000, 0x00000000a1c00000|  0%| F|  |TAMS 0x00000000a1b00000, 0x00000000a1b00000| Untracked 
|  16|0x00000000a1c00000, 0x00000000a1c00000, 0x00000000a1d00000|  0%| F|  |TAMS 0x00000000a1c00000, 0x00000000a1c00000| Untracked 
|  17|0x00000000a1d00000, 0x00000000a1d00000, 0x00000000a1e00000|  0%| F|  |TAMS 0x00000000a1d00000, 0x00000000a1d00000| Untracked 
|  18|0x00000000a1e00000, 0x00000000a1e00000, 0x00000000a1f00000|  0%| F|  |TAMS 0x00000000a1e00000, 0x00000000a1e00000| Untracked 
|  19|0x00000000a1f00000, 0x00000000a1f00000, 0x00000000a2000000|  0%| F|  |TAMS 0x00000000a1f00000, 0x00000000a1f00000| Untracked 
|  20|0x00000000a2000000, 0x00000000a2000000, 0x00000000a2100000|  0%| F|  |TAMS 0x00000000a2000000, 0x00000000a2000000| Untracked 
|  21|0x00000000a2100000, 0x00000000a2100000, 0x00000000a2200000|  0%| F|  |TAMS 0x00000000a2100000, 0x00000000a2100000| Untracked 
|  22|0x00000000a2200000, 0x00000000a2200000, 0x00000000a2300000|  0%| F|  |TAMS 0x00000000a2200000, 0x00000000a2200000| Untracked 
|  23|0x00000000a2300000, 0x00000000a2300000, 0x00000000a2400000|  0%| F|  |TAMS 0x00000000a2300000, 0x00000000a2300000| Untracked 
|  24|0x00000000a2400000, 0x00000000a2400000, 0x00000000a2500000|  0%| F|  |TAMS 0x00000000a2400000, 0x00000000a2400000| Untracked 
|  25|0x00000000a2500000, 0x00000000a2500000, 0x00000000a2600000|  0%| F|  |TAMS 0x00000000a2500000, 0x00000000a2500000| Untracked 
|  26|0x00000000a2600000, 0x00000000a2600000, 0x00000000a2700000|  0%| F|  |TAMS 0x00000000a2600000, 0x00000000a2600000| Untracked 
|  27|0x00000000a2700000, 0x00000000a2700000, 0x00000000a2800000|  0%| F|  |TAMS 0x00000000a2700000, 0x00000000a2700000| Untracked 
|  28|0x00000000a2800000, 0x00000000a2800000, 0x00000000a2900000|  0%| F|  |TAMS 0x00000000a2800000, 0x00000000a2800000| Untracked 
|  29|0x00000000a2900000, 0x00000000a2900000, 0x00000000a2a00000|  0%| F|  |TAMS 0x00000000a2900000, 0x00000000a2900000| Untracked 
|  30|0x00000000a2a00000, 0x00000000a2a00000, 0x00000000a2b00000|  0%| F|  |TAMS 0x00000000a2a00000, 0x00000000a2a00000| Untracked 
|  31|0x00000000a2b00000, 0x00000000a2b00000, 0x00000000a2c00000|  0%| F|  |TAMS 0x00000000a2b00000, 0x00000000a2b00000| Untracked 
|  32|0x00000000a2c00000, 0x00000000a2c00000, 0x00000000a2d00000|  0%| F|  |TAMS 0x00000000a2c00000, 0x00000000a2c00000| Untracked 
|  33|0x00000000a2d00000, 0x00000000a2d00000, 0x00000000a2e00000|  0%| F|  |TAMS 0x00000000a2d00000, 0x00000000a2d00000| Untracked 
|  34|0x00000000a2e00000, 0x00000000a2e00000, 0x00000000a2f00000|  0%| F|  |TAMS 0x00000000a2e00000, 0x00000000a2e00000| Untracked 
|  35|0x00000000a2f00000, 0x00000000a2f00000, 0x00000000a3000000|  0%| F|  |TAMS 0x00000000a2f00000, 0x00000000a2f00000| Untracked 
|  36|0x00000000a3000000, 0x00000000a3000000, 0x00000000a3100000|  0%| F|  |TAMS 0x00000000a3000000, 0x00000000a3000000| Untracked 
|  37|0x00000000a3100000, 0x00000000a3100000, 0x00000000a3200000|  0%| F|  |TAMS 0x00000000a3100000, 0x00000000a3100000| Untracked 
|  38|0x00000000a3200000, 0x00000000a3200000, 0x00000000a3300000|  0%| F|  |TAMS 0x00000000a3200000, 0x00000000a3200000| Untracked 
|  39|0x00000000a3300000, 0x00000000a3300000, 0x00000000a3400000|  0%| F|  |TAMS 0x00000000a3300000, 0x00000000a3300000| Untracked 
|  40|0x00000000a3400000, 0x00000000a3400000, 0x00000000a3500000|  0%| F|  |TAMS 0x00000000a3400000, 0x00000000a3400000| Untracked 
|  41|0x00000000a3500000, 0x00000000a3500000, 0x00000000a3600000|  0%| F|  |TAMS 0x00000000a3500000, 0x00000000a3500000| Untracked 
|  42|0x00000000a3600000, 0x00000000a3600000, 0x00000000a3700000|  0%| F|  |TAMS 0x00000000a3600000, 0x00000000a3600000| Untracked 
|  43|0x00000000a3700000, 0x00000000a3700000, 0x00000000a3800000|  0%| F|  |TAMS 0x00000000a3700000, 0x00000000a3700000| Untracked 
|  44|0x00000000a3800000, 0x00000000a3800000, 0x00000000a3900000|  0%| F|  |TAMS 0x00000000a3800000, 0x00000000a3800000| Untracked 
|  45|0x00000000a3900000, 0x00000000a3900000, 0x00000000a3a00000|  0%| F|  |TAMS 0x00000000a3900000, 0x00000000a3900000| Untracked 
|  46|0x00000000a3a00000, 0x00000000a3a00000, 0x00000000a3b00000|  0%| F|  |TAMS 0x00000000a3a00000, 0x00000000a3a00000| Untracked 
|  47|0x00000000a3b00000, 0x00000000a3b00000, 0x00000000a3c00000|  0%| F|  |TAMS 0x00000000a3b00000, 0x00000000a3b00000| Untracked 
|  48|0x00000000a3c00000, 0x00000000a3c00000, 0x00000000a3d00000|  0%| F|  |TAMS 0x00000000a3c00000, 0x00000000a3c00000| Untracked 
|  49|0x00000000a3d00000, 0x00000000a3d00000, 0x00000000a3e00000|  0%| F|  |TAMS 0x00000000a3d00000, 0x00000000a3d00000| Untracked 
|  50|0x00000000a3e00000, 0x00000000a3e00000, 0x00000000a3f00000|  0%| F|  |TAMS 0x00000000a3e00000, 0x00000000a3e00000| Untracked 
|  51|0x00000000a3f00000, 0x00000000a3f00000, 0x00000000a4000000|  0%| F|  |TAMS 0x00000000a3f00000, 0x00000000a3f00000| Untracked 
|  52|0x00000000a4000000, 0x00000000a4000000, 0x00000000a4100000|  0%| F|  |TAMS 0x00000000a4000000, 0x00000000a4000000| Untracked 
|  53|0x00000000a4100000, 0x00000000a4100000, 0x00000000a4200000|  0%| F|  |TAMS 0x00000000a4100000, 0x00000000a4100000| Untracked 
|  54|0x00000000a4200000, 0x00000000a4200000, 0x00000000a4300000|  0%| F|  |TAMS 0x00000000a4200000, 0x00000000a4200000| Untracked 
|  55|0x00000000a4300000, 0x00000000a4300000, 0x00000000a4400000|  0%| F|  |TAMS 0x00000000a4300000, 0x00000000a4300000| Untracked 
|  56|0x00000000a4400000, 0x00000000a4400000, 0x00000000a4500000|  0%| F|  |TAMS 0x00000000a4400000, 0x00000000a4400000| Untracked 
|  57|0x00000000a4500000, 0x00000000a4500000, 0x00000000a4600000|  0%| F|  |TAMS 0x00000000a4500000, 0x00000000a4500000| Untracked 
|  58|0x00000000a4600000, 0x00000000a4600000, 0x00000000a4700000|  0%| F|  |TAMS 0x00000000a4600000, 0x00000000a4600000| Untracked 
|  59|0x00000000a4700000, 0x00000000a4700000, 0x00000000a4800000|  0%| F|  |TAMS 0x00000000a4700000, 0x00000000a4700000| Untracked 
|  60|0x00000000a4800000, 0x00000000a4800000, 0x00000000a4900000|  0%| F|  |TAMS 0x00000000a4800000, 0x00000000a4800000| Untracked 
|  61|0x00000000a4900000, 0x00000000a4900000, 0x00000000a4a00000|  0%| F|  |TAMS 0x00000000a4900000, 0x00000000a4900000| Untracked 
|  62|0x00000000a4a00000, 0x00000000a4a00000, 0x00000000a4b00000|  0%| F|  |TAMS 0x00000000a4a00000, 0x00000000a4a00000| Untracked 
|  63|0x00000000a4b00000, 0x00000000a4b00000, 0x00000000a4c00000|  0%| F|  |TAMS 0x00000000a4b00000, 0x00000000a4b00000| Untracked 
|  64|0x00000000a4c00000, 0x00000000a4c00000, 0x00000000a4d00000|  0%| F|  |TAMS 0x00000000a4c00000, 0x00000000a4c00000| Untracked 
|  65|0x00000000a4d00000, 0x00000000a4d00000, 0x00000000a4e00000|  0%| F|  |TAMS 0x00000000a4d00000, 0x00000000a4d00000| Untracked 
|  66|0x00000000a4e00000, 0x00000000a4e00000, 0x00000000a4f00000|  0%| F|  |TAMS 0x00000000a4e00000, 0x00000000a4e00000| Untracked 
|  67|0x00000000a4f00000, 0x00000000a4f00000, 0x00000000a5000000|  0%| F|  |TAMS 0x00000000a4f00000, 0x00000000a4f00000| Untracked 
|  68|0x00000000a5000000, 0x00000000a5000000, 0x00000000a5100000|  0%| F|  |TAMS 0x00000000a5000000, 0x00000000a5000000| Untracked 
|  69|0x00000000a5100000, 0x00000000a5100000, 0x00000000a5200000|  0%| F|  |TAMS 0x00000000a5100000, 0x00000000a5100000| Untracked 
|  70|0x00000000a5200000, 0x00000000a5200000, 0x00000000a5300000|  0%| F|  |TAMS 0x00000000a5200000, 0x00000000a5200000| Untracked 
|  71|0x00000000a5300000, 0x00000000a53d3e60, 0x00000000a5400000| 82%| S|CS|TAMS 0x00000000a5300000, 0x00000000a5300000| Complete 
|  72|0x00000000a5400000, 0x00000000a5500000, 0x00000000a5500000|100%| S|CS|TAMS 0x00000000a5400000, 0x00000000a5400000| Complete 
|  73|0x00000000a5500000, 0x00000000a5600000, 0x00000000a5600000|100%| S|CS|TAMS 0x00000000a5500000, 0x00000000a5500000| Complete 
|  74|0x00000000a5600000, 0x00000000a5600000, 0x00000000a5700000|  0%| F|  |TAMS 0x00000000a5600000, 0x00000000a5600000| Untracked 
|  75|0x00000000a5700000, 0x00000000a5700000, 0x00000000a5800000|  0%| F|  |TAMS 0x00000000a5700000, 0x00000000a5700000| Untracked 
|  76|0x00000000a5800000, 0x00000000a5800000, 0x00000000a5900000|  0%| F|  |TAMS 0x00000000a5800000, 0x00000000a5800000| Untracked 
|  77|0x00000000a5900000, 0x00000000a5900000, 0x00000000a5a00000|  0%| F|  |TAMS 0x00000000a5900000, 0x00000000a5900000| Untracked 
|  78|0x00000000a5a00000, 0x00000000a5a00000, 0x00000000a5b00000|  0%| F|  |TAMS 0x00000000a5a00000, 0x00000000a5a00000| Untracked 
|  79|0x00000000a5b00000, 0x00000000a5b00000, 0x00000000a5c00000|  0%| F|  |TAMS 0x00000000a5b00000, 0x00000000a5b00000| Untracked 
|  80|0x00000000a5c00000, 0x00000000a5c00000, 0x00000000a5d00000|  0%| F|  |TAMS 0x00000000a5c00000, 0x00000000a5c00000| Untracked 
|  81|0x00000000a5d00000, 0x00000000a5d00000, 0x00000000a5e00000|  0%| F|  |TAMS 0x00000000a5d00000, 0x00000000a5d00000| Untracked 
|  82|0x00000000a5e00000, 0x00000000a5e00000, 0x00000000a5f00000|  0%| F|  |TAMS 0x00000000a5e00000, 0x00000000a5e00000| Untracked 
|  83|0x00000000a5f00000, 0x00000000a5f00000, 0x00000000a6000000|  0%| F|  |TAMS 0x00000000a5f00000, 0x00000000a5f00000| Untracked 
|  84|0x00000000a6000000, 0x00000000a6000000, 0x00000000a6100000|  0%| F|  |TAMS 0x00000000a6000000, 0x00000000a6000000| Untracked 
|  85|0x00000000a6100000, 0x00000000a6100000, 0x00000000a6200000|  0%| F|  |TAMS 0x00000000a6100000, 0x00000000a6100000| Untracked 
|  86|0x00000000a6200000, 0x00000000a6200000, 0x00000000a6300000|  0%| F|  |TAMS 0x00000000a6200000, 0x00000000a6200000| Untracked 
|  87|0x00000000a6300000, 0x00000000a6300000, 0x00000000a6400000|  0%| F|  |TAMS 0x00000000a6300000, 0x00000000a6300000| Untracked 
|  88|0x00000000a6400000, 0x00000000a6400000, 0x00000000a6500000|  0%| F|  |TAMS 0x00000000a6400000, 0x00000000a6400000| Untracked 
|  89|0x00000000a6500000, 0x00000000a6500000, 0x00000000a6600000|  0%| F|  |TAMS 0x00000000a6500000, 0x00000000a6500000| Untracked 
|  90|0x00000000a6600000, 0x00000000a6600000, 0x00000000a6700000|  0%| F|  |TAMS 0x00000000a6600000, 0x00000000a6600000| Untracked 
|  91|0x00000000a6700000, 0x00000000a6700000, 0x00000000a6800000|  0%| F|  |TAMS 0x00000000a6700000, 0x00000000a6700000| Untracked 
|  92|0x00000000a6800000, 0x00000000a6800000, 0x00000000a6900000|  0%| F|  |TAMS 0x00000000a6800000, 0x00000000a6800000| Untracked 
|  93|0x00000000a6900000, 0x00000000a6900000, 0x00000000a6a00000|  0%| F|  |TAMS 0x00000000a6900000, 0x00000000a6900000| Untracked 
|  94|0x00000000a6a00000, 0x00000000a6a00000, 0x00000000a6b00000|  0%| F|  |TAMS 0x00000000a6a00000, 0x00000000a6a00000| Untracked 
|  95|0x00000000a6b00000, 0x00000000a6b00000, 0x00000000a6c00000|  0%| F|  |TAMS 0x00000000a6b00000, 0x00000000a6b00000| Untracked 

Card table byte_map: [0x000002df785d0000,0x000002df788d0000] _byte_map_base: 0x000002df780ca000

Marking Bits (Prev, Next): (CMBitMap*) 0x000002df6191ac60, (CMBitMap*) 0x000002df6191ac28
 Prev Bits: [0x000002df7a3a0000, 0x000002df7bb70000)
 Next Bits: [0x000002df78bd0000, 0x000002df7a3a0000)

Polling page: 0x000002df610c0000

Metaspace:

Usage:
  Non-class:     27.50 MB capacity,    26.97 MB ( 98%) used,   443.30 KB (  2%) free+waste,   102.13 KB ( <1%) overhead. 
      Class:      3.86 MB capacity,     3.50 MB ( 91%) used,   322.81 KB (  8%) free+waste,    52.06 KB (  1%) overhead. 
       Both:     31.36 MB capacity,    30.46 MB ( 97%) used,   766.12 KB (  2%) free+waste,   154.19 KB ( <1%) overhead. 

Virtual space:
  Non-class space:       38.00 MB reserved,      27.50 MB ( 72%) committed 
      Class space:        1.00 GB reserved,       3.88 MB ( <1%) committed 
             Both:        1.04 GB reserved,      31.38 MB (  3%) committed 

Chunk freelists:
   Non-Class:  0 bytes
       Class:  0 bytes
        Both:  0 bytes

CodeHeap 'non-profiled nmethods': size=120000Kb used=1417Kb max_used=1417Kb free=118582Kb
 bounds [0x000002df70a60000, 0x000002df70cd0000, 0x000002df77f90000]
CodeHeap 'profiled nmethods': size=120000Kb used=5956Kb max_used=5956Kb free=114043Kb
 bounds [0x000002df69530000, 0x000002df69b10000, 0x000002df70a60000]
CodeHeap 'non-nmethods': size=5760Kb used=1203Kb max_used=1221Kb free=4557Kb
 bounds [0x000002df68f90000, 0x000002df69200000, 0x000002df69530000]
 total_blobs=3398 nmethods=2837 adapters=472
 compilation: enabled
              stopped_count=0, restarted_count=0
 full_count=0

Compilation events (10 events):
Event: 5.344 Thread 0x000002df7e5cd800 nmethod 2841 0x000002df69afeb10 code [0x000002df69afed00, 0x000002df69aff288]
Event: 5.344 Thread 0x000002df7e5cd800 2844       3       java.nio.CharBuffer::position (8 bytes)
Event: 5.344 Thread 0x000002df7e5cd800 nmethod 2844 0x000002df69aff490 code [0x000002df69aff640, 0x000002df69aff788]
Event: 5.344 Thread 0x000002df7e5cd800 2845       3       java.nio.CharBuffer::position (6 bytes)
Event: 5.344 Thread 0x000002df7e5cd800 nmethod 2845 0x000002df69aff810 code [0x000002df69aff9c0, 0x000002df69affb68]
Event: 5.344 Thread 0x000002df7e5cd800 2842       3       java.util.stream.ReferencePipeline::filter (22 bytes)
Event: 5.345 Thread 0x000002df7e5cd800 nmethod 2842 0x000002df69affc10 code [0x000002df69affe00, 0x000002df69b00318]
Event: 5.345 Thread 0x000002df7e5cd800 2843       3       java.lang.Class::privateGetDeclaredMethods (64 bytes)
Event: 5.345 Thread 0x000002df7e5cd800 nmethod 2843 0x000002df69b00510 code [0x000002df69b00720, 0x000002df69b00e98]
Event: 5.346 Thread 0x000002df7e5c8000 2846       4       jdk.internal.util.jar.JarIndex::get (49 bytes)

GC Heap History (8 events):
Event: 1.113 GC heap before
{Heap before GC invocations=0 (full 0):
 garbage-first heap   total 98304K, used 23552K [0x00000000a0c00000, 0x0000000100000000)
  region size 1024K, 24 young (24576K), 0 survivors (0K)
 Metaspace       used 11964K, capacity 12268K, committed 12416K, reserved 1060864K
  class space    used 1186K, capacity 1287K, committed 1408K, reserved 1048576K
}
Event: 1.121 GC heap after
{Heap after GC invocations=1 (full 0):
 garbage-first heap   total 98304K, used 5186K [0x00000000a0c00000, 0x0000000100000000)
  region size 1024K, 3 young (3072K), 3 survivors (3072K)
 Metaspace       used 11964K, capacity 12268K, committed 12416K, reserved 1060864K
  class space    used 1186K, capacity 1287K, committed 1408K, reserved 1048576K
}
Event: 2.295 GC heap before
{Heap before GC invocations=1 (full 0):
 garbage-first heap   total 98304K, used 47170K [0x00000000a0c00000, 0x0000000100000000)
  region size 1024K, 45 young (46080K), 3 survivors (3072K)
 Metaspace       used 20541K, capacity 21163K, committed 21248K, reserved 1069056K
  class space    used 2222K, capacity 2503K, committed 2560K, reserved 1048576K
}
Event: 2.309 GC heap after
{Heap after GC invocations=2 (full 0):
 garbage-first heap   total 98304K, used 9763K [0x00000000a0c00000, 0x0000000100000000)
  region size 1024K, 8 young (8192K), 8 survivors (8192K)
 Metaspace       used 20541K, capacity 21163K, committed 21248K, reserved 1069056K
  class space    used 2222K, capacity 2503K, committed 2560K, reserved 1048576K
}
Event: 4.583 GC heap before
{Heap before GC invocations=3 (full 0):
 garbage-first heap   total 98304K, used 53795K [0x00000000a0c00000, 0x0000000100000000)
  region size 1024K, 51 young (52224K), 8 survivors (8192K)
 Metaspace       used 26860K, capacity 27633K, committed 27648K, reserved 1073152K
  class space    used 3004K, capacity 3325K, committed 3328K, reserved 1048576K
}
Event: 4.596 GC heap after
{Heap after GC invocations=4 (full 0):
 garbage-first heap   total 98304K, used 11256K [0x00000000a0c00000, 0x0000000100000000)
  region size 1024K, 2 young (2048K), 2 survivors (2048K)
 Metaspace       used 26860K, capacity 27633K, committed 27648K, reserved 1073152K
  class space    used 3004K, capacity 3325K, committed 3328K, reserved 1048576K
}
Event: 5.351 GC heap before
{Heap before GC invocations=4 (full 0):
 garbage-first heap   total 98304K, used 32760K [0x00000000a0c00000, 0x0000000100000000)
  region size 1024K, 24 young (24576K), 2 survivors (2048K)
 Metaspace       used 31195K, capacity 32116K, committed 32128K, reserved 1085440K
  class space    used 3581K, capacity 3956K, committed 3968K, reserved 1048576K
}
Event: 5.358 GC heap after
{Heap after GC invocations=5 (full 0):
 garbage-first heap   total 98304K, used 12180K [0x00000000a0c00000, 0x0000000100000000)
  region size 1024K, 3 young (3072K), 3 survivors (3072K)
 Metaspace       used 31195K, capacity 32116K, committed 32128K, reserved 1085440K
  class space    used 3581K, capacity 3956K, committed 3968K, reserved 1048576K
}

Deoptimization events (10 events):
Event: 4.649 Thread 0x000002df618e9000 Uncommon trap: reason=class_check action=maybe_recompile pc=0x000002df70b42314 method=java.util.HashSet.contains(Ljava/lang/Object;)Z @ 5 c2
Event: 4.649 Thread 0x000002df618e9000 Uncommon trap: reason=class_check action=maybe_recompile pc=0x000002df70b42314 method=java.util.HashSet.contains(Ljava/lang/Object;)Z @ 5 c2
Event: 4.649 Thread 0x000002df618e9000 Uncommon trap: reason=class_check action=maybe_recompile pc=0x000002df70b42314 method=java.util.HashSet.contains(Ljava/lang/Object;)Z @ 5 c2
Event: 4.819 Thread 0x000002df618e9000 Uncommon trap: reason=class_check action=maybe_recompile pc=0x000002df70b4df24 method=java.util.regex.Matcher.search(I)Z @ 121 c2
Event: 4.820 Thread 0x000002df618e9000 Uncommon trap: reason=class_check action=maybe_recompile pc=0x000002df70b4df24 method=java.util.regex.Matcher.search(I)Z @ 121 c2
Event: 4.820 Thread 0x000002df618e9000 Uncommon trap: reason=class_check action=maybe_recompile pc=0x000002df70b4df24 method=java.util.regex.Matcher.search(I)Z @ 121 c2
Event: 4.820 Thread 0x000002df618e9000 Uncommon trap: reason=class_check action=maybe_recompile pc=0x000002df70b4df24 method=java.util.regex.Matcher.search(I)Z @ 121 c2
Event: 4.834 Thread 0x000002df618e9000 Uncommon trap: reason=unstable_if action=reinterpret pc=0x000002df70b18068 method=java.lang.String.replace(CC)Ljava/lang/String; @ 2 c2
Event: 5.247 Thread 0x000002df618e9000 Uncommon trap: reason=unstable_if action=reinterpret pc=0x000002df70ac73ec method=jdk.internal.org.objectweb.asm.Type.getArgumentsAndReturnSizes(Ljava/lang/String;)I @ 41 c2
Event: 5.247 Thread 0x000002df618e9000 Uncommon trap: reason=unstable_if action=reinterpret pc=0x000002df70adeb70 method=jdk.internal.org.objectweb.asm.Frame.push(Ljdk/internal/org/objectweb/asm/ClassWriter;Ljava/lang/String;)V @ 24 c2

Classes redefined (0 events):
No events

Internal exceptions (10 events):
Event: 4.884 Thread 0x000002df00828800 Exception <a 'java/net/ConnectException'{0x00000000a5c08d78}: Connection refused: connect> (0x00000000a5c08d78) thrown at [./open/src/hotspot/share/prims/jni.cpp, line 632]
Event: 4.905 Thread 0x000002df00828800 Exception <a 'java/net/ConnectException'{0x00000000a5c09cf8}: Connection refused: connect> (0x00000000a5c09cf8) thrown at [./open/src/hotspot/share/prims/jni.cpp, line 632]
Event: 4.961 Thread 0x000002df00828800 Exception <a 'java/net/ConnectException'{0x00000000a5c0ac78}: Connection refused: connect> (0x00000000a5c0ac78) thrown at [./open/src/hotspot/share/prims/jni.cpp, line 632]
Event: 5.054 Thread 0x000002df00828800 Exception <a 'java/net/ConnectException'{0x00000000a5c0bbf8}: Connection refused: connect> (0x00000000a5c0bbf8) thrown at [./open/src/hotspot/share/prims/jni.cpp, line 632]
Event: 5.247 Thread 0x000002df618e9000 Exception <a 'java/lang/NoSuchMethodError'{0x00000000a5b79888}: java.lang.invoke.DirectMethodHandle$Holder.invokeVirtual(Ljava/lang/Object;Ljava/lang/Object;)D> (0x00000000a5b79888) thrown at [./open/src/hotspot/share/interpreter/linkResolver.cpp, line 77
Event: 5.248 Thread 0x000002df618e9000 Exception <a 'java/lang/NoSuchMethodError'{0x00000000a5b7f640}: java.lang.invoke.DirectMethodHandle$Holder.invokeVirtual(Ljava/lang/Object;Ljava/lang/Object;)F> (0x00000000a5b7f640) thrown at [./open/src/hotspot/share/interpreter/linkResolver.cpp, line 77
Event: 5.248 Thread 0x000002df618e9000 Exception <a 'java/lang/NoSuchMethodError'{0x00000000a5b87d20}: java.lang.invoke.DirectMethodHandle$Holder.invokeVirtual(Ljava/lang/Object;Ljava/lang/Object;)J> (0x00000000a5b87d20) thrown at [./open/src/hotspot/share/interpreter/linkResolver.cpp, line 77
Event: 5.279 Thread 0x000002df618e9000 Exception <a 'java/lang/NoSuchMethodError'{0x00000000a5af1718}: java.lang.invoke.DirectMethodHandle$Holder.invokeSpecial(Ljava/lang/Object;Ljava/lang/Object;Ljava/lang/Object;Ljava/lang/Object;Ljava/lang/Object;)V> (0x00000000a5af1718) thrown at [./open/s
Event: 5.281 Thread 0x000002df618e9000 Exception <a 'java/lang/NoSuchMethodError'{0x00000000a5af81e0}: java.lang.invoke.DirectMethodHandle$Holder.invokeStatic(Ljava/lang/Object;Ljava/lang/Object;I)V> (0x00000000a5af81e0) thrown at [./open/src/hotspot/share/interpreter/linkResolver.cpp, line 77
Event: 5.340 Thread 0x000002df618e9000 Exception <a 'java/lang/NoSuchMethodError'{0x00000000a5795f08}: java.lang.invoke.DirectMethodHandle$Holder.invokeSpecialIFC(Ljava/lang/Object;Ljava/lang/Object;Ljava/lang/Object;)I> (0x00000000a5795f08) thrown at [./open/src/hotspot/share/interpreter/link

Events (10 events):
Event: 5.347 loading class org/openqa/selenium/remote/session/EdgeFilter done
Event: 5.348 loading class org/openqa/selenium/remote/session/FirefoxFilter
Event: 5.348 loading class org/openqa/selenium/remote/session/FirefoxFilter done
Event: 5.349 loading class org/openqa/selenium/remote/session/InternetExplorerFilter
Event: 5.349 loading class org/openqa/selenium/remote/session/InternetExplorerFilter done
Event: 5.350 loading class org/openqa/selenium/remote/session/SafariFilter
Event: 5.350 loading class org/openqa/selenium/remote/session/SafariFilter done
Event: 5.351 loading class org/openqa/selenium/remote/session/CapabilitiesFilter
Event: 5.351 loading class org/openqa/selenium/remote/session/CapabilitiesFilter done
Event: 5.351 Executing VM operation: CollectForMetadataAllocation


Dynamic libraries:
0x00007ff71efa0000 - 0x00007ff71efaf000 	C:\Program Files\jdk-11.0.16.1\bin\java.exe
0x00007ff95db70000 - 0x00007ff95dd68000 	C:\WINDOWS\SYSTEM32\ntdll.dll
0x00007ff95d640000 - 0x00007ff95d6ff000 	C:\WINDOWS\System32\KERNEL32.DLL
0x00007ff95b560000 - 0x00007ff95b832000 	C:\WINDOWS\System32\KERNELBASE.dll
0x00007ff95b260000 - 0x00007ff95b360000 	C:\WINDOWS\System32\ucrtbase.dll
0x00007ff949700000 - 0x00007ff949715000 	C:\Program Files\jdk-11.0.16.1\bin\VCRUNTIME140.dll
0x00007ff949200000 - 0x00007ff949218000 	C:\Program Files\jdk-11.0.16.1\bin\jli.dll
0x00007ff95d7f0000 - 0x00007ff95d89e000 	C:\WINDOWS\System32\ADVAPI32.dll
0x00007ff95cde0000 - 0x00007ff95ce7e000 	C:\WINDOWS\System32\msvcrt.dll
0x00007ff95c830000 - 0x00007ff95c8cc000 	C:\WINDOWS\System32\sechost.dll
0x00007ff95bcc0000 - 0x00007ff95bde5000 	C:\WINDOWS\System32\RPCRT4.dll
0x00007ff95d980000 - 0x00007ff95db21000 	C:\WINDOWS\System32\USER32.dll
0x00007ff95b840000 - 0x00007ff95b862000 	C:\WINDOWS\System32\win32u.dll
0x00007ff94b500000 - 0x00007ff94b79a000 	C:\WINDOWS\WinSxS\amd64_microsoft.windows.common-controls_6595b64144ccf1df_6.0.19041.1110_none_60b5254171f9507e\COMCTL32.dll
0x00007ff95bc90000 - 0x00007ff95bcbb000 	C:\WINDOWS\System32\GDI32.dll
0x00007ff95ba50000 - 0x00007ff95bb5f000 	C:\WINDOWS\System32\gdi32full.dll
0x00007ff95b360000 - 0x00007ff95b3fd000 	C:\WINDOWS\System32\msvcp_win.dll
0x00007ff953c30000 - 0x00007ff953c3a000 	C:\WINDOWS\SYSTEM32\VERSION.dll
0x00007ff95bea0000 - 0x00007ff95bed2000 	C:\WINDOWS\System32\IMM32.DLL
0x00007ff937400000 - 0x00007ff93749b000 	C:\Program Files\jdk-11.0.16.1\bin\msvcp140.dll
0x00007ff90e890000 - 0x00007ff90f3a8000 	C:\Program Files\jdk-11.0.16.1\bin\server\jvm.dll
0x00007ff95d8a0000 - 0x00007ff95d8a8000 	C:\WINDOWS\System32\PSAPI.DLL
0x00007ff952080000 - 0x00007ff9520a7000 	C:\WINDOWS\SYSTEM32\WINMM.dll
0x00007ff94f800000 - 0x00007ff94f809000 	C:\WINDOWS\SYSTEM32\WSOCK32.dll
0x00007ff95d160000 - 0x00007ff95d1cb000 	C:\WINDOWS\System32\WS2_32.dll
0x00007ff959120000 - 0x00007ff959132000 	C:\WINDOWS\SYSTEM32\kernel.appcore.dll
0x00007ff94ad50000 - 0x00007ff94ad60000 	C:\Program Files\jdk-11.0.16.1\bin\verify.dll
0x00007ff953cd0000 - 0x00007ff953eb4000 	C:\WINDOWS\SYSTEM32\DBGHELP.DLL
0x00007ff93ecb0000 - 0x00007ff93ece5000 	C:\WINDOWS\SYSTEM32\dbgcore.DLL
0x00007ff95b9c0000 - 0x00007ff95ba42000 	C:\WINDOWS\System32\bcryptPrimitives.dll
0x00007ff945e40000 - 0x00007ff945e68000 	C:\Program Files\jdk-11.0.16.1\bin\java.dll
0x00007ff94ab60000 - 0x00007ff94ab6a000 	C:\Program Files\jdk-11.0.16.1\bin\jimage.dll
0x00007ff956370000 - 0x00007ff95637e000 	C:\Program Files\jdk-11.0.16.1\bin\instrument.dll
0x00007ff940140000 - 0x00007ff940156000 	C:\Program Files\jdk-11.0.16.1\bin\zip.dll
0x00007ff95c0e0000 - 0x00007ff95c824000 	C:\WINDOWS\System32\SHELL32.dll
0x00007ff959320000 - 0x00007ff959ab2000 	C:\WINDOWS\SYSTEM32\windows.storage.dll
0x00007ff95ca80000 - 0x00007ff95cdd5000 	C:\WINDOWS\System32\combase.dll
0x00007ff95abe0000 - 0x00007ff95ac10000 	C:\WINDOWS\SYSTEM32\Wldp.dll
0x00007ff95bdf0000 - 0x00007ff95be9d000 	C:\WINDOWS\System32\SHCORE.dll
0x00007ff95bc30000 - 0x00007ff95bc85000 	C:\WINDOWS\System32\shlwapi.dll
0x00007ff95b1a0000 - 0x00007ff95b1bf000 	C:\WINDOWS\SYSTEM32\profapi.dll
0x00007ff9387a0000 - 0x00007ff9387b9000 	C:\Program Files\jdk-11.0.16.1\bin\net.dll
0x00007ff9520b0000 - 0x00007ff9521bc000 	C:\WINDOWS\SYSTEM32\WINHTTP.dll
0x00007ff95a940000 - 0x00007ff95a9aa000 	C:\WINDOWS\system32\mswsock.dll
0x00007ff938010000 - 0x00007ff938022000 	C:\Program Files\jdk-11.0.16.1\bin\nio.dll
0x00007ff951420000 - 0x00007ff95143a000 	C:\Users\ASUS\IntelliJ IDEA Community Edition 2022.3\bin\breakgen64.dll
0x00007ff95ab30000 - 0x00007ff95ab48000 	C:\WINDOWS\SYSTEM32\CRYPTSP.dll
0x00007ff95a260000 - 0x00007ff95a294000 	C:\WINDOWS\system32\rsaenh.dll
0x00007ff95b870000 - 0x00007ff95b897000 	C:\WINDOWS\System32\bcrypt.dll
0x00007ff95b120000 - 0x00007ff95b14e000 	C:\WINDOWS\SYSTEM32\USERENV.dll
0x00007ff95ab50000 - 0x00007ff95ab5c000 	C:\WINDOWS\SYSTEM32\CRYPTBASE.dll
0x00007ff95a630000 - 0x00007ff95a66b000 	C:\WINDOWS\SYSTEM32\IPHLPAPI.DLL
0x00007ff95d020000 - 0x00007ff95d028000 	C:\WINDOWS\System32\NSI.dll
0x00007ff952be0000 - 0x00007ff952bf7000 	C:\WINDOWS\SYSTEM32\dhcpcsvc6.DLL
0x00007ff954160000 - 0x00007ff95417d000 	C:\WINDOWS\SYSTEM32\dhcpcsvc.DLL
0x00007ff95a670000 - 0x00007ff95a73a000 	C:\WINDOWS\SYSTEM32\DNSAPI.dll
0x00007ff950e10000 - 0x00007ff950e35000 	C:\Program Files\jdk-11.0.16.1\bin\sunec.dll
0x00000000763a0000 - 0x00000000763c6000 	C:\Program Files\Bonjour\mdnsNSP.dll
0x00007ff94c5e0000 - 0x00007ff94c5ea000 	C:\Windows\System32\rasadhlp.dll
0x00007ff94c5f0000 - 0x00007ff94c670000 	C:\WINDOWS\System32\fwpuclnt.dll
0x00007ff950e00000 - 0x00007ff950e0d000 	C:\Program Files\jdk-11.0.16.1\bin\sunmscapi.dll
0x00007ff95b400000 - 0x00007ff95b556000 	C:\WINDOWS\System32\CRYPT32.dll
0x00007ff95ac50000 - 0x00007ff95ac77000 	C:\WINDOWS\SYSTEM32\ncrypt.dll
0x00007ff95ac10000 - 0x00007ff95ac4b000 	C:\WINDOWS\SYSTEM32\NTASN1.dll
0x00007ff956360000 - 0x00007ff956369000 	C:\Program Files\jdk-11.0.16.1\bin\management.dll
0x00007ff954640000 - 0x00007ff95464b000 	C:\Program Files\jdk-11.0.16.1\bin\management_ext.dll
0x00007ff958aa0000 - 0x00007ff958b31000 	C:\WINDOWS\system32\apphelp.dll

dbghelp: loaded successfully - version: 4.0.5 - missing functions: none
symbol engine: initialized successfully - sym options: 0x614 - pdb path: .;C:\Program Files\jdk-11.0.16.1\bin;C:\WINDOWS\SYSTEM32;C:\WINDOWS\WinSxS\amd64_microsoft.windows.common-controls_6595b64144ccf1df_6.0.19041.1110_none_60b5254171f9507e;C:\Program Files\jdk-11.0.16.1\bin\server;C:\Users\ASUS\IntelliJ IDEA Community Edition 2022.3\bin;C:\Program Files\Bonjour

VM Arguments:
jvm_args: -ea -Didea.test.cyclic.buffer.size=1048576 -javaagent:C:\Users\ASUS\IntelliJ IDEA Community Edition 2022.3\lib\idea_rt.jar=57652:C:\Users\ASUS\IntelliJ IDEA Community Edition 2022.3\bin -Dfile.encoding=UTF-8 
java_command: com.intellij.rt.testng.RemoteTestNGStarter -usedefaultlisteners false -socket57651 @w@C:\Users\ASUS\AppData\Local\Temp\idea_working_dirs_testng.tmp -temp C:\Users\ASUS\AppData\Local\Temp\idea_testng.tmp
java_class_path (initial): C:\Users\ASUS\IntelliJ IDEA Community Edition 2022.3\lib\idea_rt.jar;C:\Users\ASUS\IntelliJ IDEA Community Edition 2022.3\plugins\testng\lib\testng-rt.jar;C:\Users\ASUS\IdeaProjects\FirstSeleniumTest\target\test-classes;C:\Users\ASUS\.m2\repository\org\seleniumhq\selenium\selenium-java\4.6.0\selenium-java-4.6.0.jar;C:\Users\ASUS\.m2\repository\org\seleniumhq\selenium\selenium-api\4.6.0\selenium-api-4.6.0.jar;C:\Users\ASUS\.m2\repository\org\seleniumhq\selenium\selenium-chrome-driver\4.6.0\selenium-chrome-driver-4.6.0.jar;C:\Users\ASUS\.m2\repository\com\google\auto\service\auto-service-annotations\1.0.1\auto-service-annotations-1.0.1.jar;C:\Users\ASUS\.m2\repository\com\google\auto\service\auto-service\1.0.1\auto-service-1.0.1.jar;C:\Users\ASUS\.m2\repository\com\google\auto\auto-common\1.2\auto-common-1.2.jar;C:\Users\ASUS\.m2\repository\com\google\guava\guava\31.1-jre\guava-31.1-jre.jar;C:\Users\ASUS\.m2\repository\com\google\guava\failureaccess\1.0.1\failureaccess-1.0.1.jar;C:\Users\ASUS\.m2\repository\com\google\guava\listenablefuture\9999.0-empty-to-avoid-conflict-with-guava\listenablefuture-9999.0-empty-to-avoid-conflict-with-guava.jar;C:\Users\ASUS\.m2\repository\com\google\code\findbugs\jsr305\3.0.2\jsr305-3.0.2.jar;C:\Users\ASUS\.m2\repository\org\checkerframework\checker-qual\3.12.0\checker-qual-3.12.0.jar;C:\Users\ASUS\.m2\repository\com\google\errorprone\error_prone_annotations\2.11.0\error_prone_annotations-2.11.0.jar;C:\Users\ASUS\.m2\repository\com\google\j2objc\j2objc-annotations\1.3\j2objc-annotations-1.3.jar;C:\Users\ASUS\.m2\repository\org\seleniumhq\selenium\selenium-chromium-driver\4.6.0\selenium-chromium-driver-4.6.0.jar;C:\Users\ASUS\.m2\repository\org\seleniumhq\selenium\selenium-json\4.6.0\selenium-json-4.6.0.jar;C:\Users\ASUS\.m2\repository\org\seleniumhq\selenium\selenium-devtools-v105\4.6.0\selenium-devtools-v105-4.6.0.jar;C:\Users\ASUS\.m2\repository\org\seleniumhq\selenium\selenium-devtools-v106\4.6.0\seleni
Launcher Type: SUN_STANDARD

[Global flags]
     intx CICompilerCount                          = 4                                         {product} {ergonomic}
     uint ConcGCThreads                            = 2                                         {product} {ergonomic}
     uint G1ConcRefinementThreads                  = 8                                         {product} {ergonomic}
   size_t G1HeapRegionSize                         = 1048576                                   {product} {ergonomic}
    uintx GCDrainStackTargetSize                   = 64                                        {product} {ergonomic}
   size_t InitialHeapSize                          = 100663296                                 {product} {ergonomic}
   size_t MarkStackSize                            = 4194304                                   {product} {ergonomic}
   size_t MaxHeapSize                              = 1598029824                                {product} {ergonomic}
   size_t MaxNewSize                               = 958398464                                 {product} {ergonomic}
   size_t MinHeapDeltaBytes                        = 1048576                                   {product} {ergonomic}
    uintx NonNMethodCodeHeapSize                   = 5836300                                {pd product} {ergonomic}
    uintx NonProfiledCodeHeapSize                  = 122910970                              {pd product} {ergonomic}
    uintx ProfiledCodeHeapSize                     = 122910970                              {pd product} {ergonomic}
    uintx ReservedCodeCacheSize                    = 251658240                              {pd product} {ergonomic}
     bool SegmentedCodeCache                       = true                                      {product} {ergonomic}
     bool UseCompressedClassPointers               = true                                 {lp64_product} {ergonomic}
     bool UseCompressedOops                        = true                                 {lp64_product} {ergonomic}
     bool UseG1GC                                  = true                                      {product} {ergonomic}
     bool UseLargePagesIndividualAllocation        = false                                  {pd product} {ergonomic}

Logging:
Log output configuration:
 #0: stdout all=warning uptime,level,tags
 #1: stderr all=off uptime,level,tags

Environment Variables:
PATH=C:\WINDOWS\system32;C:\WINDOWS;C:\WINDOWS\System32\Wbem;C:\WINDOWS\System32\WindowsPowerShell\v1.0\;C:\WINDOWS\System32\OpenSSH\;C:\Program Files\Git\cmd;C:\Program Files\jdk-11.0.16.1\bin;C:\Users\ASUS\AppData\Local\Microsoft\WindowsApps;;C:\Users\ASUS\IntelliJ IDEA Community Edition 2022.3\bin;;C:\Users\ASUS\AppData\Local\Programs\Microsoft VS Code\bin
USERNAME=ASUS
OS=Windows_NT
PROCESSOR_IDENTIFIER=AMD64 Family 23 Model 24 Stepping 1, AuthenticAMD



---------------  S Y S T E M  ---------------

OS: Windows 10 , 64 bit Build 19041 (10.0.19041.2364)

CPU:total 8 (initial active 8) (8 cores per cpu, 2 threads per core) family 23 model 24 stepping 1 microcode 0x0, cmov, cx8, fxsr, mmx, sse, sse2, sse3, ssse3, sse4.1, sse4.2, popcnt, avx, avx2, aes, clmul, mmxext, 3dnowpref, lzcnt, sse4a, ht, tsc, tscinvbit, tscinv, bmi1, bmi2, adx, s

Memory: 4k page, system-wide physical 6091M (850M free)
TotalPageFile size 8107M (AvailPageFile size 4M)
current process WorkingSet (physical memory assigned to process): 159M, peak: 159M
current process commit charge ("private bytes"): 232M, peak: 234M

vm_info: Java HotSpot(TM) 64-Bit Server VM (11.0.16.1+1-LTS-1) for windows-amd64 JRE (11.0.16.1+1-LTS-1), built on Aug 16 2022 01:46:01 by "mach5one" with MS VC++ 15.9 (VS2017)

END.
