#
# There is insufficient memory for the Java Runtime Environment to continue.
# Native memory allocation (malloc) failed to allocate 401296 bytes for Chunk::new
# Possible reasons:
#   The system is out of physical RAM or swap space
#   The process is running with CompressedOops enabled, and the Java Heap may be blocking the growth of the native heap
# Possible solutions:
#   Reduce memory load on the system
#   Increase physical memory or swap space
#   Check if swap backing store is full
#   Decrease Java heap size (-Xmx/-Xms)
#   Decrease number of Java threads
#   Decrease Java thread stack sizes (-Xss)
#   Set larger code cache with -XX:ReservedCodeCacheSize=
#   JVM is running with Unscaled Compressed Oops mode in which the Java heap is
#     placed in the first 4GB address space. The Java Heap base address is the
#     maximum limit for the native heap growth. Please use -XX:HeapBaseMinAddress
#     to set the Java Heap base and to place the Java Heap above 4GB virtual address.
# This output file may be truncated or incomplete.
#
#  Out of Memory Error (./open/src/hotspot/share/memory/arena.cpp:197), pid=11268, tid=1216
#
# JRE version: Java(TM) SE Runtime Environment 18.9 (11.0.16.1+1) (build 11.0.16.1+1-LTS-1)
# Java VM: Java HotSpot(TM) 64-Bit Server VM 18.9 (11.0.16.1+1-LTS-1, mixed mode, tiered, compressed oops, g1 gc, windows-amd64)
# No core dump will be written. Minidumps are not enabled by default on client versions of Windows
#

---------------  S U M M A R Y ------------

Command Line: -ea -Didea.test.cyclic.buffer.size=1048576 -javaagent:C:\Users\ASUS\IntelliJ IDEA Community Edition 2022.3\lib\idea_rt.jar=57705:C:\Users\ASUS\IntelliJ IDEA Community Edition 2022.3\bin -Dfile.encoding=UTF-8 com.intellij.rt.testng.RemoteTestNGStarter -usedefaultlisteners false -socket57704 @w@C:\Users\ASUS\AppData\Local\Temp\idea_working_dirs_testng.tmp -temp C:\Users\ASUS\AppData\Local\Temp\idea_testng.tmp

Host: AMD Ryzen 5 3500U with Radeon Vega Mobile Gfx  , 8 cores, 5G,  Windows 10 , 64 bit Build 19041 (10.0.19041.2364)
Time: Fri Jan  6 16:19:24 2023  Windows 10 , 64 bit Build 19041 (10.0.19041.2364) elapsed time: 2.327201 seconds (0d 0h 0m 2s)

---------------  T H R E A D  ---------------

Current thread (0x000002047d4db800):  JavaThread "C2 CompilerThread0" daemon [_thread_in_native, id=1216, stack(0x000000d9e0b00000,0x000000d9e0c00000)]


Current CompileTask:
C2:   2327 2050   !   4       jdk.internal.loader.URLClassPath$JarLoader::getResource (353 bytes)

Stack: [0x000000d9e0b00000,0x000000d9e0c00000]
Native frames: (J=compiled Java code, j=interpreted, Vv=VM code, C=native code)
V  [jvm.dll+0x62a3da]
V  [jvm.dll+0x76407f]
V  [jvm.dll+0x765729]
V  [jvm.dll+0x765db3]
V  [jvm.dll+0x23dc18]
V  [jvm.dll+0xb2a1c]
V  [jvm.dll+0xb2fdc]
V  [jvm.dll+0x2ae994]
V  [jvm.dll+0x53d98b]
V  [jvm.dll+0x200a07]
V  [jvm.dll+0x1fa79a]
V  [jvm.dll+0x1f774d]
V  [jvm.dll+0x177c81]
V  [jvm.dll+0x207186]
V  [jvm.dll+0x20531b]
V  [jvm.dll+0x729f60]
V  [jvm.dll+0x722b34]
V  [jvm.dll+0x629276]
C  [ucrtbase.dll+0x21bb2]
C  [KERNEL32.DLL+0x17614]
C  [ntdll.dll+0x526a1]


---------------  P R O C E S S  ---------------

Threads class SMR info:
_java_thread_list=0x000002047f26fbd0, length=14, elements={
0x000002045e897800, 0x000002047d4aa800, 0x000002047d4b4000, 0x000002047de53000,
0x000002047d4c9000, 0x000002047d4ca000, 0x000002047d4db800, 0x000002047d4fe000,
0x000002047de5c800, 0x000002047d445800, 0x000002047e246800, 0x000002047ef2e000,
0x000002047e8b5800, 0x000002047f456800
}

Java Threads: ( => current thread )
  0x000002045e897800 JavaThread "main" [_thread_in_vm, id=16572, stack(0x000000d9dff00000,0x000000d9e0000000)]
  0x000002047d4aa800 JavaThread "Reference Handler" daemon [_thread_blocked, id=20428, stack(0x000000d9e0600000,0x000000d9e0700000)]
  0x000002047d4b4000 JavaThread "Finalizer" daemon [_thread_blocked, id=3388, stack(0x000000d9e0700000,0x000000d9e0800000)]
  0x000002047de53000 JavaThread "Signal Dispatcher" daemon [_thread_blocked, id=7640, stack(0x000000d9e0800000,0x000000d9e0900000)]
  0x000002047d4c9000 JavaThread "Attach Listener" daemon [_thread_blocked, id=8600, stack(0x000000d9e0900000,0x000000d9e0a00000)]
  0x000002047d4ca000 JavaThread "Service Thread" daemon [_thread_blocked, id=15220, stack(0x000000d9e0a00000,0x000000d9e0b00000)]
=>0x000002047d4db800 JavaThread "C2 CompilerThread0" daemon [_thread_in_native, id=1216, stack(0x000000d9e0b00000,0x000000d9e0c00000)]
  0x000002047d4fe000 JavaThread "C1 CompilerThread0" daemon [_thread_blocked, id=20900, stack(0x000000d9e0c00000,0x000000d9e0d00000)]
  0x000002047de5c800 JavaThread "Sweeper thread" daemon [_thread_blocked, id=18288, stack(0x000000d9e0d00000,0x000000d9e0e00000)]
  0x000002047d445800 JavaThread "Common-Cleaner" daemon [_thread_blocked, id=17784, stack(0x000000d9e0e00000,0x000000d9e0f00000)]
  0x000002047e246800 JavaThread "Monitor Ctrl-Break" daemon [_thread_in_native, id=7944, stack(0x000000d9e1000000,0x000000d9e1100000)]
  0x000002047ef2e000 JavaThread "C2 CompilerThread1" daemon [_thread_in_native, id=14392, stack(0x000000d9e1200000,0x000000d9e1300000)]
  0x000002047e8b5800 JavaThread "C2 CompilerThread2" daemon [_thread_in_native, id=8308, stack(0x000000d9e1300000,0x000000d9e1400000)]
  0x000002047f456800 JavaThread "ForkJoinPool.commonPool-worker-3" daemon [_thread_blocked, id=756, stack(0x000000d9e1400000,0x000000d9e1500000)]

Other Threads:
  0x000002047d487800 VMThread "VM Thread" [stack: 0x000000d9e0500000,0x000000d9e0600000] [id=9612]
  0x000002047e24b800 WatcherThread [stack: 0x000000d9e1100000,0x000000d9e1200000] [id=18068]
  0x000002045e8ad000 GCTaskThread "GC Thread#0" [stack: 0x000000d9e0000000,0x000000d9e0100000] [id=15100]
  0x000002047f049000 GCTaskThread "GC Thread#1" [stack: 0x000000d9e0f00000,0x000000d9e1000000] [id=17820]
  0x000002045e8d3800 ConcurrentGCThread "G1 Main Marker" [stack: 0x000000d9e0100000,0x000000d9e0200000] [id=9436]
  0x000002045e8d4800 ConcurrentGCThread "G1 Conc#0" [stack: 0x000000d9e0200000,0x000000d9e0300000] [id=18216]
  0x000002047f97f800 ConcurrentGCThread "G1 Conc#1" [stack: 0x000000d9e1500000,0x000000d9e1600000] [id=10032]
  0x000002045e95b800 ConcurrentGCThread "G1 Refine#0" [stack: 0x000000d9e0300000,0x000000d9e0400000] [id=884]
  0x000002045e95c800 ConcurrentGCThread "G1 Young RemSet Sampling" [stack: 0x000000d9e0400000,0x000000d9e0500000] [id=18364]

Threads with active compile tasks:
C2 CompilerThread0     2352 2050   !   4       jdk.internal.loader.URLClassPath$JarLoader::getResource (353 bytes)
C1 CompilerThread0     2352 2063       3       java.lang.invoke.MethodHandles$Lookup::checkMethod (83 bytes)
C2 CompilerThread1     2352 2047 %     4       jdk.internal.loader.URLClassPath::getResource @ 39 (74 bytes)
C2 CompilerThread2     2352 2056       4       jdk.internal.util.jar.JarIndex::get (49 bytes)

VM state:not at safepoint (normal execution)

VM Mutex/Monitor currently owned by a thread: None

Heap address: 0x00000000a0c00000, size: 1524 MB, Compressed Oops mode: 32-bit
Narrow klass base: 0x0000000000000000, Narrow klass shift: 3
Compressed class space size: 1073741824 Address: 0x0000000100000000

Heap:
 garbage-first heap   total 98304K, used 15407K [0x00000000a0c00000, 0x0000000100000000)
  region size 1024K, 14 young (14336K), 8 survivors (8192K)
 Metaspace       used 21342K, capacity 22048K, committed 22144K, reserved 1069056K
  class space    used 2311K, capacity 2632K, committed 2688K, reserved 1048576K
Heap Regions: E=young(eden), S=young(survivor), O=old, HS=humongous(starts), HC=humongous(continues), CS=collection set, F=free, A=archive, TAMS=top-at-mark-start (previous, next)
|   0|0x00000000a0c00000, 0x00000000a0d00000, 0x00000000a0d00000|100%| O|  |TAMS 0x00000000a0d00000, 0x00000000a0c00000| Untracked 
|   1|0x00000000a0d00000, 0x00000000a0e00000, 0x00000000a0e00000|100%| O|  |TAMS 0x00000000a0e00000, 0x00000000a0d00000| Untracked 
|   2|0x00000000a0e00000, 0x00000000a0e89600, 0x00000000a0f00000| 53%| O|  |TAMS 0x00000000a0e89600, 0x00000000a0e00000| Untracked 
|   3|0x00000000a0f00000, 0x00000000a0f00000, 0x00000000a1000000|  0%| F|  |TAMS 0x00000000a0f00000, 0x00000000a0f00000| Untracked 
|   4|0x00000000a1000000, 0x00000000a1000000, 0x00000000a1100000|  0%| F|  |TAMS 0x00000000a1000000, 0x00000000a1000000| Untracked 
|   5|0x00000000a1100000, 0x00000000a1100000, 0x00000000a1200000|  0%| F|  |TAMS 0x00000000a1100000, 0x00000000a1100000| Untracked 
|   6|0x00000000a1200000, 0x00000000a1200000, 0x00000000a1300000|  0%| F|  |TAMS 0x00000000a1200000, 0x00000000a1200000| Untracked 
|   7|0x00000000a1300000, 0x00000000a1300000, 0x00000000a1400000|  0%| F|  |TAMS 0x00000000a1300000, 0x00000000a1300000| Untracked 
|   8|0x00000000a1400000, 0x00000000a1400000, 0x00000000a1500000|  0%| F|  |TAMS 0x00000000a1400000, 0x00000000a1400000| Untracked 
|   9|0x00000000a1500000, 0x00000000a1500000, 0x00000000a1600000|  0%| F|  |TAMS 0x00000000a1500000, 0x00000000a1500000| Untracked 
|  10|0x00000000a1600000, 0x00000000a1600000, 0x00000000a1700000|  0%| F|  |TAMS 0x00000000a1600000, 0x00000000a1600000| Untracked 
|  11|0x00000000a1700000, 0x00000000a1700000, 0x00000000a1800000|  0%| F|  |TAMS 0x00000000a1700000, 0x00000000a1700000| Untracked 
|  12|0x00000000a1800000, 0x00000000a1800000, 0x00000000a1900000|  0%| F|  |TAMS 0x00000000a1800000, 0x00000000a1800000| Untracked 
|  13|0x00000000a1900000, 0x00000000a1900000, 0x00000000a1a00000|  0%| F|  |TAMS 0x00000000a1900000, 0x00000000a1900000| Untracked 
|  14|0x00000000a1a00000, 0x00000000a1a00000, 0x00000000a1b00000|  0%| F|  |TAMS 0x00000000a1a00000, 0x00000000a1a00000| Untracked 
|  15|0x00000000a1b00000, 0x00000000a1b00000, 0x00000000a1c00000|  0%| F|  |TAMS 0x00000000a1b00000, 0x00000000a1b00000| Untracked 
|  16|0x00000000a1c00000, 0x00000000a1c00000, 0x00000000a1d00000|  0%| F|  |TAMS 0x00000000a1c00000, 0x00000000a1c00000| Untracked 
|  17|0x00000000a1d00000, 0x00000000a1d00000, 0x00000000a1e00000|  0%| F|  |TAMS 0x00000000a1d00000, 0x00000000a1d00000| Untracked 
|  18|0x00000000a1e00000, 0x00000000a1e00000, 0x00000000a1f00000|  0%| F|  |TAMS 0x00000000a1e00000, 0x00000000a1e00000| Untracked 
|  19|0x00000000a1f00000, 0x00000000a1f00000, 0x00000000a2000000|  0%| F|  |TAMS 0x00000000a1f00000, 0x00000000a1f00000| Untracked 
|  20|0x00000000a2000000, 0x00000000a2000000, 0x00000000a2100000|  0%| F|  |TAMS 0x00000000a2000000, 0x00000000a2000000| Untracked 
|  21|0x00000000a2100000, 0x00000000a2100000, 0x00000000a2200000|  0%| F|  |TAMS 0x00000000a2100000, 0x00000000a2100000| Untracked 
|  22|0x00000000a2200000, 0x00000000a2200000, 0x00000000a2300000|  0%| F|  |TAMS 0x00000000a2200000, 0x00000000a2200000| Untracked 
|  23|0x00000000a2300000, 0x00000000a2300000, 0x00000000a2400000|  0%| F|  |TAMS 0x00000000a2300000, 0x00000000a2300000| Untracked 
|  24|0x00000000a2400000, 0x00000000a2400000, 0x00000000a2500000|  0%| F|  |TAMS 0x00000000a2400000, 0x00000000a2400000| Untracked 
|  25|0x00000000a2500000, 0x00000000a2500000, 0x00000000a2600000|  0%| F|  |TAMS 0x00000000a2500000, 0x00000000a2500000| Untracked 
|  26|0x00000000a2600000, 0x00000000a2600000, 0x00000000a2700000|  0%| F|  |TAMS 0x00000000a2600000, 0x00000000a2600000| Untracked 
|  27|0x00000000a2700000, 0x00000000a2700000, 0x00000000a2800000|  0%| F|  |TAMS 0x00000000a2700000, 0x00000000a2700000| Untracked 
|  28|0x00000000a2800000, 0x00000000a2800000, 0x00000000a2900000|  0%| F|  |TAMS 0x00000000a2800000, 0x00000000a2800000| Untracked 
|  29|0x00000000a2900000, 0x00000000a2900000, 0x00000000a2a00000|  0%| F|  |TAMS 0x00000000a2900000, 0x00000000a2900000| Untracked 
|  30|0x00000000a2a00000, 0x00000000a2a00000, 0x00000000a2b00000|  0%| F|  |TAMS 0x00000000a2a00000, 0x00000000a2a00000| Untracked 
|  31|0x00000000a2b00000, 0x00000000a2b00000, 0x00000000a2c00000|  0%| F|  |TAMS 0x00000000a2b00000, 0x00000000a2b00000| Untracked 
|  32|0x00000000a2c00000, 0x00000000a2c00000, 0x00000000a2d00000|  0%| F|  |TAMS 0x00000000a2c00000, 0x00000000a2c00000| Untracked 
|  33|0x00000000a2d00000, 0x00000000a2d827a8, 0x00000000a2e00000| 50%| S|CS|TAMS 0x00000000a2d00000, 0x00000000a2d00000| Complete 
|  34|0x00000000a2e00000, 0x00000000a2f00000, 0x00000000a2f00000|100%| S|CS|TAMS 0x00000000a2e00000, 0x00000000a2e00000| Complete 
|  35|0x00000000a2f00000, 0x00000000a3000000, 0x00000000a3000000|100%| S|CS|TAMS 0x00000000a2f00000, 0x00000000a2f00000| Complete 
|  36|0x00000000a3000000, 0x00000000a3100000, 0x00000000a3100000|100%| S|CS|TAMS 0x00000000a3000000, 0x00000000a3000000| Complete 
|  37|0x00000000a3100000, 0x00000000a3200000, 0x00000000a3200000|100%| S|CS|TAMS 0x00000000a3100000, 0x00000000a3100000| Complete 
|  38|0x00000000a3200000, 0x00000000a3300000, 0x00000000a3300000|100%| S|CS|TAMS 0x00000000a3200000, 0x00000000a3200000| Complete 
|  39|0x00000000a3300000, 0x00000000a3400000, 0x00000000a3400000|100%| S|CS|TAMS 0x00000000a3300000, 0x00000000a3300000| Complete 
|  40|0x00000000a3400000, 0x00000000a3500000, 0x00000000a3500000|100%| S|CS|TAMS 0x00000000a3400000, 0x00000000a3400000| Complete 
|  41|0x00000000a3500000, 0x00000000a3500000, 0x00000000a3600000|  0%| F|  |TAMS 0x00000000a3500000, 0x00000000a3500000| Untracked 
|  42|0x00000000a3600000, 0x00000000a3600000, 0x00000000a3700000|  0%| F|  |TAMS 0x00000000a3600000, 0x00000000a3600000| Untracked 
|  43|0x00000000a3700000, 0x00000000a3700000, 0x00000000a3800000|  0%| F|  |TAMS 0x00000000a3700000, 0x00000000a3700000| Untracked 
|  44|0x00000000a3800000, 0x00000000a3800000, 0x00000000a3900000|  0%| F|  |TAMS 0x00000000a3800000, 0x00000000a3800000| Untracked 
|  45|0x00000000a3900000, 0x00000000a3900000, 0x00000000a3a00000|  0%| F|  |TAMS 0x00000000a3900000, 0x00000000a3900000| Untracked 
|  46|0x00000000a3a00000, 0x00000000a3a00000, 0x00000000a3b00000|  0%| F|  |TAMS 0x00000000a3a00000, 0x00000000a3a00000| Untracked 
|  47|0x00000000a3b00000, 0x00000000a3b00000, 0x00000000a3c00000|  0%| F|  |TAMS 0x00000000a3b00000, 0x00000000a3b00000| Untracked 
|  48|0x00000000a3c00000, 0x00000000a3c00000, 0x00000000a3d00000|  0%| F|  |TAMS 0x00000000a3c00000, 0x00000000a3c00000| Untracked 
|  49|0x00000000a3d00000, 0x00000000a3d00000, 0x00000000a3e00000|  0%| F|  |TAMS 0x00000000a3d00000, 0x00000000a3d00000| Untracked 
|  50|0x00000000a3e00000, 0x00000000a3e00000, 0x00000000a3f00000|  0%| F|  |TAMS 0x00000000a3e00000, 0x00000000a3e00000| Untracked 
|  51|0x00000000a3f00000, 0x00000000a3f00000, 0x00000000a4000000|  0%| F|  |TAMS 0x00000000a3f00000, 0x00000000a3f00000| Untracked 
|  52|0x00000000a4000000, 0x00000000a4000000, 0x00000000a4100000|  0%| F|  |TAMS 0x00000000a4000000, 0x00000000a4000000| Untracked 
|  53|0x00000000a4100000, 0x00000000a4100000, 0x00000000a4200000|  0%| F|  |TAMS 0x00000000a4100000, 0x00000000a4100000| Untracked 
|  54|0x00000000a4200000, 0x00000000a4200000, 0x00000000a4300000|  0%| F|  |TAMS 0x00000000a4200000, 0x00000000a4200000| Untracked 
|  55|0x00000000a4300000, 0x00000000a4300000, 0x00000000a4400000|  0%| F|  |TAMS 0x00000000a4300000, 0x00000000a4300000| Untracked 
|  56|0x00000000a4400000, 0x00000000a4400000, 0x00000000a4500000|  0%| F|  |TAMS 0x00000000a4400000, 0x00000000a4400000| Untracked 
|  57|0x00000000a4500000, 0x00000000a4500000, 0x00000000a4600000|  0%| F|  |TAMS 0x00000000a4500000, 0x00000000a4500000| Untracked 
|  58|0x00000000a4600000, 0x00000000a4600000, 0x00000000a4700000|  0%| F|  |TAMS 0x00000000a4600000, 0x00000000a4600000| Untracked 
|  59|0x00000000a4700000, 0x00000000a4700000, 0x00000000a4800000|  0%| F|  |TAMS 0x00000000a4700000, 0x00000000a4700000| Untracked 
|  60|0x00000000a4800000, 0x00000000a4800000, 0x00000000a4900000|  0%| F|  |TAMS 0x00000000a4800000, 0x00000000a4800000| Untracked 
|  61|0x00000000a4900000, 0x00000000a4900000, 0x00000000a4a00000|  0%| F|  |TAMS 0x00000000a4900000, 0x00000000a4900000| Untracked 
|  62|0x00000000a4a00000, 0x00000000a4a00000, 0x00000000a4b00000|  0%| F|  |TAMS 0x00000000a4a00000, 0x00000000a4a00000| Untracked 
|  63|0x00000000a4b00000, 0x00000000a4b00000, 0x00000000a4c00000|  0%| F|  |TAMS 0x00000000a4b00000, 0x00000000a4b00000| Untracked 
|  64|0x00000000a4c00000, 0x00000000a4c00000, 0x00000000a4d00000|  0%| F|  |TAMS 0x00000000a4c00000, 0x00000000a4c00000| Untracked 
|  65|0x00000000a4d00000, 0x00000000a4d00000, 0x00000000a4e00000|  0%| F|  |TAMS 0x00000000a4d00000, 0x00000000a4d00000| Untracked 
|  66|0x00000000a4e00000, 0x00000000a4e00000, 0x00000000a4f00000|  0%| F|  |TAMS 0x00000000a4e00000, 0x00000000a4e00000| Untracked 
|  67|0x00000000a4f00000, 0x00000000a4f00000, 0x00000000a5000000|  0%| F|  |TAMS 0x00000000a4f00000, 0x00000000a4f00000| Untracked 
|  68|0x00000000a5000000, 0x00000000a5000000, 0x00000000a5100000|  0%| F|  |TAMS 0x00000000a5000000, 0x00000000a5000000| Untracked 
|  69|0x00000000a5100000, 0x00000000a5100000, 0x00000000a5200000|  0%| F|  |TAMS 0x00000000a5100000, 0x00000000a5100000| Untracked 
|  70|0x00000000a5200000, 0x00000000a5200000, 0x00000000a5300000|  0%| F|  |TAMS 0x00000000a5200000, 0x00000000a5200000| Untracked 
|  71|0x00000000a5300000, 0x00000000a5300000, 0x00000000a5400000|  0%| F|  |TAMS 0x00000000a5300000, 0x00000000a5300000| Untracked 
|  72|0x00000000a5400000, 0x00000000a5400000, 0x00000000a5500000|  0%| F|  |TAMS 0x00000000a5400000, 0x00000000a5400000| Untracked 
|  73|0x00000000a5500000, 0x00000000a5500000, 0x00000000a5600000|  0%| F|  |TAMS 0x00000000a5500000, 0x00000000a5500000| Untracked 
|  74|0x00000000a5600000, 0x00000000a5600000, 0x00000000a5700000|  0%| F|  |TAMS 0x00000000a5600000, 0x00000000a5600000| Untracked 
|  75|0x00000000a5700000, 0x00000000a5700000, 0x00000000a5800000|  0%| F|  |TAMS 0x00000000a5700000, 0x00000000a5700000| Untracked 
|  76|0x00000000a5800000, 0x00000000a5800000, 0x00000000a5900000|  0%| F|  |TAMS 0x00000000a5800000, 0x00000000a5800000| Untracked 
|  77|0x00000000a5900000, 0x00000000a5900000, 0x00000000a5a00000|  0%| F|  |TAMS 0x00000000a5900000, 0x00000000a5900000| Untracked 
|  78|0x00000000a5a00000, 0x00000000a5a00000, 0x00000000a5b00000|  0%| F|  |TAMS 0x00000000a5a00000, 0x00000000a5a00000| Untracked 
|  79|0x00000000a5b00000, 0x00000000a5b00000, 0x00000000a5c00000|  0%| F|  |TAMS 0x00000000a5b00000, 0x00000000a5b00000| Untracked 
|  80|0x00000000a5c00000, 0x00000000a5c00000, 0x00000000a5d00000|  0%| F|  |TAMS 0x00000000a5c00000, 0x00000000a5c00000| Untracked 
|  81|0x00000000a5d00000, 0x00000000a5d00000, 0x00000000a5e00000|  0%| F|  |TAMS 0x00000000a5d00000, 0x00000000a5d00000| Untracked 
|  82|0x00000000a5e00000, 0x00000000a5e00000, 0x00000000a5f00000|  0%| F|  |TAMS 0x00000000a5e00000, 0x00000000a5e00000| Untracked 
|  83|0x00000000a5f00000, 0x00000000a5f00000, 0x00000000a6000000|  0%| F|  |TAMS 0x00000000a5f00000, 0x00000000a5f00000| Untracked 
|  84|0x00000000a6000000, 0x00000000a6000000, 0x00000000a6100000|  0%| F|  |TAMS 0x00000000a6000000, 0x00000000a6000000| Untracked 
|  85|0x00000000a6100000, 0x00000000a6100000, 0x00000000a6200000|  0%| F|  |TAMS 0x00000000a6100000, 0x00000000a6100000| Untracked 
|  86|0x00000000a6200000, 0x00000000a6200000, 0x00000000a6300000|  0%| F|  |TAMS 0x00000000a6200000, 0x00000000a6200000| Untracked 
|  87|0x00000000a6300000, 0x00000000a6300000, 0x00000000a6400000|  0%| F|  |TAMS 0x00000000a6300000, 0x00000000a6300000| Untracked 
|  88|0x00000000a6400000, 0x00000000a6400000, 0x00000000a6500000|  0%| F|  |TAMS 0x00000000a6400000, 0x00000000a6400000| Untracked 
|  89|0x00000000a6500000, 0x00000000a6580800, 0x00000000a6600000| 50%| E|  |TAMS 0x00000000a6500000, 0x00000000a6500000| Complete 
|  90|0x00000000a6600000, 0x00000000a6700000, 0x00000000a6700000|100%| E|CS|TAMS 0x00000000a6600000, 0x00000000a6600000| Complete 
|  91|0x00000000a6700000, 0x00000000a6800000, 0x00000000a6800000|100%| E|CS|TAMS 0x00000000a6700000, 0x00000000a6700000| Complete 
|  92|0x00000000a6800000, 0x00000000a6900000, 0x00000000a6900000|100%| E|CS|TAMS 0x00000000a6800000, 0x00000000a6800000| Complete 
|  93|0x00000000a6900000, 0x00000000a6a00000, 0x00000000a6a00000|100%| E|CS|TAMS 0x00000000a6900000, 0x00000000a6900000| Complete 
|  94|0x00000000a6a00000, 0x00000000a6b00000, 0x00000000a6b00000|100%| E|CS|TAMS 0x00000000a6a00000, 0x00000000a6a00000| Complete 
|  95|0x00000000a6b00000, 0x00000000a6c00000, 0x00000000a6c00000|100%| E|CS|TAMS 0x00000000a6b00000, 0x00000000a6b00000| Complete 

Card table byte_map: [0x0000020477460000,0x0000020477760000] _byte_map_base: 0x0000020476f5a000

Marking Bits (Prev, Next): (CMBitMap*) 0x000002045e8cc830, (CMBitMap*) 0x000002045e8cc7f8
 Prev Bits: [0x0000020479230000, 0x000002047aa00000)
 Next Bits: [0x0000020477a60000, 0x0000020479230000)

Polling page: 0x000002045e750000

Metaspace:

Usage:
  Non-class:     18.96 MB capacity,    18.60 MB ( 98%) used,   300.76 KB (  2%) free+waste,    72.38 KB ( <1%) overhead. 
      Class:      2.57 MB capacity,     2.26 MB ( 88%) used,   280.17 KB ( 11%) free+waste,    37.13 KB (  1%) overhead. 
       Both:     21.53 MB capacity,    20.86 MB ( 97%) used,   580.93 KB (  3%) free+waste,   109.50 KB ( <1%) overhead. 

Virtual space:
  Non-class space:       20.00 MB reserved,      19.00 MB ( 95%) committed 
      Class space:        1.00 GB reserved,       2.63 MB ( <1%) committed 
             Both:        1.02 GB reserved,      21.63 MB (  2%) committed 

Chunk freelists:
   Non-Class:  5.00 KB
       Class:  3.00 KB
        Both:  8.00 KB

CodeHeap 'non-profiled nmethods': size=120000Kb used=936Kb max_used=936Kb free=119063Kb
 bounds [0x000002046f1c0000, 0x000002046f430000, 0x00000204766f0000]
CodeHeap 'profiled nmethods': size=120000Kb used=4217Kb max_used=4217Kb free=115782Kb
 bounds [0x0000020467c90000, 0x00000204680b0000, 0x000002046f1c0000]
CodeHeap 'non-nmethods': size=5760Kb used=1168Kb max_used=1185Kb free=4592Kb
 bounds [0x00000204676f0000, 0x0000020467960000, 0x0000020467c90000]
 total_blobs=2568 nmethods=2057 adapters=422
 compilation: enabled
              stopped_count=0, restarted_count=0
 full_count=0

Compilation events (10 events):
Event: 2.293 Thread 0x000002047d4db800 2050   !   4       jdk.internal.loader.URLClassPath$JarLoader::getResource (353 bytes)
Event: 2.306 Thread 0x000002047e8b5800 2051       4       java.lang.String::regionMatches (150 bytes)
Event: 2.316 Thread 0x000002047d4fe000 2053       3       java.lang.invoke.LambdaForm$MH/0x00000001000a8840::invoke (31 bytes)
Event: 2.316 Thread 0x000002047d4fe000 nmethod 2053 0x00000204680aad10 code [0x00000204680aaee0, 0x00000204680ab378]
Event: 2.317 Thread 0x000002047d4fe000 2054       1       java.util.logging.LogManager$LoggerContext::getOwner (5 bytes)
Event: 2.317 Thread 0x000002047d4fe000 nmethod 2054 0x000002046f2a7d90 code [0x000002046f2a7f20, 0x000002046f2a7fd8]
Event: 2.318 Thread 0x000002047d4fe000 2055       3       java.lang.StringConcatHelper::mixLen (10 bytes)
Event: 2.319 Thread 0x000002047d4fe000 nmethod 2055 0x00000204680ab490 code [0x00000204680ab660, 0x00000204680ab9a8]
Event: 2.322 Thread 0x000002047e8b5800 nmethod 2051 0x000002046f2a8090 code [0x000002046f2a8240, 0x000002046f2a8958]
Event: 2.322 Thread 0x000002047e8b5800 2052       4       java.lang.AbstractStringBuilder::append (55 bytes)

GC Heap History (4 events):
Event: 1.134 GC heap before
{Heap before GC invocations=0 (full 0):
 garbage-first heap   total 98304K, used 23552K [0x00000000a0c00000, 0x0000000100000000)
  region size 1024K, 24 young (24576K), 0 survivors (0K)
 Metaspace       used 12126K, capacity 12397K, committed 12672K, reserved 1060864K
  class space    used 1198K, capacity 1288K, committed 1408K, reserved 1048576K
}
Event: 1.143 GC heap after
{Heap after GC invocations=1 (full 0):
 garbage-first heap   total 98304K, used 5669K [0x00000000a0c00000, 0x0000000100000000)
  region size 1024K, 3 young (3072K), 3 survivors (3072K)
 Metaspace       used 12126K, capacity 12397K, committed 12672K, reserved 1060864K
  class space    used 1198K, capacity 1288K, committed 1408K, reserved 1048576K
}
Event: 2.253 GC heap before
{Heap before GC invocations=1 (full 0):
 garbage-first heap   total 98304K, used 57893K [0x00000000a0c00000, 0x0000000100000000)
  region size 1024K, 55 young (56320K), 3 survivors (3072K)
 Metaspace       used 20520K, capacity 21169K, committed 21248K, reserved 1069056K
  class space    used 2204K, capacity 2531K, committed 2560K, reserved 1048576K
}
Event: 2.269 GC heap after
{Heap after GC invocations=2 (full 0):
 garbage-first heap   total 98304K, used 10287K [0x00000000a0c00000, 0x0000000100000000)
  region size 1024K, 8 young (8192K), 8 survivors (8192K)
 Metaspace       used 20520K, capacity 21169K, committed 21248K, reserved 1069056K
  class space    used 2204K, capacity 2531K, committed 2560K, reserved 1048576K
}

Deoptimization events (10 events):
Event: 1.977 Thread 0x000002045e897800 Uncommon trap: reason=unstable_if action=reinterpret pc=0x000002046f254430 method=java.lang.CharacterDataLatin1.digit(II)I @ 7 c2
Event: 1.990 Thread 0x000002045e897800 Uncommon trap: reason=unstable_if action=reinterpret pc=0x000002046f1ca944 method=java.lang.String.isLatin1()Z @ 10 c2
Event: 2.006 Thread 0x000002045e897800 Uncommon trap: reason=unstable_if action=reinterpret pc=0x000002046f1ff018 method=java.lang.AbstractStringBuilder.isLatin1()Z @ 10 c2
Event: 2.053 Thread 0x000002045e897800 Uncommon trap: reason=unstable_if action=reinterpret pc=0x000002046f1de0e0 method=java.lang.AbstractStringBuilder.putStringAt(ILjava/lang/String;)V @ 8 c2
Event: 2.053 Thread 0x000002045e897800 Uncommon trap: reason=unstable_if action=reinterpret pc=0x000002046f1dd2ec method=java.lang.String.getBytes([BIB)V @ 5 c2
Event: 2.066 Thread 0x000002045e897800 Uncommon trap: reason=unstable_if action=reinterpret pc=0x000002046f28a674 method=java.util.Properties$LineReader.readLine()I @ 249 c2
Event: 2.149 Thread 0x000002045e897800 Uncommon trap: reason=unstable_if action=reinterpret pc=0x000002046f29a748 method=java.util.Properties$LineReader.readLine()I @ 256 c2
Event: 2.221 Thread 0x000002045e897800 Uncommon trap: reason=unstable_if action=reinterpret pc=0x000002046f263d98 method=java.io.ByteArrayInputStream.read([BII)I @ 35 c2
Event: 2.221 Thread 0x000002045e897800 Uncommon trap: reason=unstable_if action=reinterpret pc=0x000002046f20e280 method=java.util.jar.JarFile.getVersionedEntry(Ljava/lang/String;Ljava/util/jar/JarEntry;)Ljava/util/jar/JarEntry; @ 7 c2
Event: 2.288 Thread 0x000002045e897800 Uncommon trap: reason=speculate_null_assert action=make_not_entrant pc=0x000002046f256af8 method=jdk.internal.loader.URLClassPath$JarLoader.getResource(Ljava/lang/String;ZLjava/util/Set;)Ljdk/internal/loader/Resource; @ 17 c2

Classes redefined (0 events):
No events

Internal exceptions (10 events):
Event: 1.393 Thread 0x000002045e897800 Exception <a 'java/lang/NoSuchMethodError'{0x00000000a6279d08}: java.lang.invoke.DirectMethodHandle$Holder.invokeSpecial(Ljava/lang/Object;Ljava/lang/Object;Ljava/lang/Object;Ljava/lang/Object;)V> (0x00000000a6279d08) thrown at [./open/src/hotspot/share/i
Event: 1.414 Thread 0x000002045e897800 Exception <a 'java/lang/NoSuchMethodError'{0x00000000a613a860}: java.lang.invoke.DirectMethodHandle$Holder.invokeInterface(Ljava/lang/Object;Ljava/lang/Object;)V> (0x00000000a613a860) thrown at [./open/src/hotspot/share/interpreter/linkResolver.cpp, line 
Event: 1.689 Thread 0x000002045e897800 Exception <a 'sun/nio/fs/WindowsException'{0x00000000a5791e18}> (0x00000000a5791e18) thrown at [./open/src/hotspot/share/prims/jni.cpp, line 611]
Event: 1.690 Thread 0x000002045e897800 Exception <a 'java/lang/NoSuchMethodError'{0x00000000a5793578}: java.lang.invoke.DirectMethodHandle$Holder.invokeSpecialIFC(Ljava/lang/Object;Ljava/lang/Object;I)I> (0x00000000a5793578) thrown at [./open/src/hotspot/share/interpreter/linkResolver.cpp, lin
Event: 1.702 Thread 0x000002045e897800 Exception <a 'java/lang/NoSuchMethodError'{0x00000000a57bc878}: java.lang.invoke.DirectMethodHandle$Holder.invokeStaticInit(Ljava/lang/Object;Ljava/lang/Object;Ljava/lang/Object;Ljava/lang/Object;)I> (0x00000000a57bc878) thrown at [./open/src/hotspot/shar
Event: 1.703 Thread 0x000002045e897800 Exception <a 'java/lang/NoSuchMethodError'{0x00000000a57c7d80}: java.lang.invoke.DirectMethodHandle$Holder.invokeStaticInit(Ljava/lang/Object;Ljava/lang/Object;)V> (0x00000000a57c7d80) thrown at [./open/src/hotspot/share/interpreter/linkResolver.cpp, line
Event: 1.906 Thread 0x000002045e897800 Exception <a 'java/lang/NoSuchMethodError'{0x00000000a4851500}: java.lang.invoke.DirectMethodHandle$Holder.invokeVirtual(Ljava/lang/Object;Ljava/lang/Object;Ljava/lang/Object;)Ljava/lang/Object;> (0x00000000a4851500) thrown at [./open/src/hotspot/share/in
Event: 2.310 Thread 0x000002045e897800 Exception <a 'java/lang/NoClassDefFoundError'{0x00000000a6982f90}> (0x00000000a6982f90) thrown at [./open/src/hotspot/share/oops/instanceKlass.cpp, line 1024]
Event: 2.311 Thread 0x000002045e897800 Exception <a 'java/lang/NoClassDefFoundError'{0x00000000a69a4c90}: org/apache/logging/log4j/spi/ExtendedLoggerWrapper> (0x00000000a69a4c90) thrown at [./open/src/hotspot/share/classfile/systemDictionary.cpp, line 215]
Event: 2.313 Thread 0x000002045e897800 Exception <a 'java/lang/NoClassDefFoundError'{0x00000000a69c4680}: org/apache/log4j/Priority> (0x00000000a69c4680) thrown at [./open/src/hotspot/share/classfile/systemDictionary.cpp, line 215]

Events (10 events):
Event: 2.319 loading class io/netty/util/ResourceLeak
Event: 2.319 loading class io/netty/util/ResourceLeak done
Event: 2.320 loading class io/netty/util/ResourceLeakTracker
Event: 2.320 loading class io/netty/util/ResourceLeakTracker done
Event: 2.320 loading class io/netty/util/ResourceLeakDetector$Level
Event: 2.320 loading class io/netty/util/ResourceLeakDetector$Level done
Event: 2.321 loading class io/netty/util/internal/EmptyArrays
Event: 2.321 loading class io/netty/util/internal/EmptyArrays done
Event: 2.322 loading class io/netty/util/AsciiString
Event: 2.322 loading class io/netty/util/AsciiString done


Dynamic libraries:
0x00007ff71efa0000 - 0x00007ff71efaf000 	C:\Program Files\jdk-11.0.16.1\bin\java.exe
0x00007ff95db70000 - 0x00007ff95dd68000 	C:\WINDOWS\SYSTEM32\ntdll.dll
0x00007ff95d640000 - 0x00007ff95d6ff000 	C:\WINDOWS\System32\KERNEL32.DLL
0x00007ff95b560000 - 0x00007ff95b832000 	C:\WINDOWS\System32\KERNELBASE.dll
0x00007ff95b260000 - 0x00007ff95b360000 	C:\WINDOWS\System32\ucrtbase.dll
0x00007ff949700000 - 0x00007ff949715000 	C:\Program Files\jdk-11.0.16.1\bin\VCRUNTIME140.dll
0x00007ff949200000 - 0x00007ff949218000 	C:\Program Files\jdk-11.0.16.1\bin\jli.dll
0x00007ff95d7f0000 - 0x00007ff95d89e000 	C:\WINDOWS\System32\ADVAPI32.dll
0x00007ff95cde0000 - 0x00007ff95ce7e000 	C:\WINDOWS\System32\msvcrt.dll
0x00007ff95c830000 - 0x00007ff95c8cc000 	C:\WINDOWS\System32\sechost.dll
0x00007ff95bcc0000 - 0x00007ff95bde5000 	C:\WINDOWS\System32\RPCRT4.dll
0x00007ff95d980000 - 0x00007ff95db21000 	C:\WINDOWS\System32\USER32.dll
0x00007ff95b840000 - 0x00007ff95b862000 	C:\WINDOWS\System32\win32u.dll
0x00007ff94b500000 - 0x00007ff94b79a000 	C:\WINDOWS\WinSxS\amd64_microsoft.windows.common-controls_6595b64144ccf1df_6.0.19041.1110_none_60b5254171f9507e\COMCTL32.dll
0x00007ff95bc90000 - 0x00007ff95bcbb000 	C:\WINDOWS\System32\GDI32.dll
0x00007ff95ba50000 - 0x00007ff95bb5f000 	C:\WINDOWS\System32\gdi32full.dll
0x00007ff95b360000 - 0x00007ff95b3fd000 	C:\WINDOWS\System32\msvcp_win.dll
0x00007ff953c30000 - 0x00007ff953c3a000 	C:\WINDOWS\SYSTEM32\VERSION.dll
0x00007ff95bea0000 - 0x00007ff95bed2000 	C:\WINDOWS\System32\IMM32.DLL
0x00007ff937400000 - 0x00007ff93749b000 	C:\Program Files\jdk-11.0.16.1\bin\msvcp140.dll
0x00007ff90e890000 - 0x00007ff90f3a8000 	C:\Program Files\jdk-11.0.16.1\bin\server\jvm.dll
0x00007ff95d8a0000 - 0x00007ff95d8a8000 	C:\WINDOWS\System32\PSAPI.DLL
0x00007ff94f800000 - 0x00007ff94f809000 	C:\WINDOWS\SYSTEM32\WSOCK32.dll
0x00007ff952080000 - 0x00007ff9520a7000 	C:\WINDOWS\SYSTEM32\WINMM.dll
0x00007ff95d160000 - 0x00007ff95d1cb000 	C:\WINDOWS\System32\WS2_32.dll
0x00007ff959120000 - 0x00007ff959132000 	C:\WINDOWS\SYSTEM32\kernel.appcore.dll
0x00007ff94ad50000 - 0x00007ff94ad60000 	C:\Program Files\jdk-11.0.16.1\bin\verify.dll
0x00007ff953cd0000 - 0x00007ff953eb4000 	C:\WINDOWS\SYSTEM32\DBGHELP.DLL
0x00007ff93ecb0000 - 0x00007ff93ece5000 	C:\WINDOWS\SYSTEM32\dbgcore.DLL
0x00007ff95b9c0000 - 0x00007ff95ba42000 	C:\WINDOWS\System32\bcryptPrimitives.dll
0x00007ff945e40000 - 0x00007ff945e68000 	C:\Program Files\jdk-11.0.16.1\bin\java.dll
0x00007ff94ab60000 - 0x00007ff94ab6a000 	C:\Program Files\jdk-11.0.16.1\bin\jimage.dll
0x00007ff956370000 - 0x00007ff95637e000 	C:\Program Files\jdk-11.0.16.1\bin\instrument.dll
0x00007ff940140000 - 0x00007ff940156000 	C:\Program Files\jdk-11.0.16.1\bin\zip.dll
0x00007ff95c0e0000 - 0x00007ff95c824000 	C:\WINDOWS\System32\SHELL32.dll
0x00007ff959320000 - 0x00007ff959ab2000 	C:\WINDOWS\SYSTEM32\windows.storage.dll
0x00007ff95ca80000 - 0x00007ff95cdd5000 	C:\WINDOWS\System32\combase.dll
0x00007ff95abe0000 - 0x00007ff95ac10000 	C:\WINDOWS\SYSTEM32\Wldp.dll
0x00007ff95bdf0000 - 0x00007ff95be9d000 	C:\WINDOWS\System32\SHCORE.dll
0x00007ff95bc30000 - 0x00007ff95bc85000 	C:\WINDOWS\System32\shlwapi.dll
0x00007ff95b1a0000 - 0x00007ff95b1bf000 	C:\WINDOWS\SYSTEM32\profapi.dll
0x00007ff9387a0000 - 0x00007ff9387b9000 	C:\Program Files\jdk-11.0.16.1\bin\net.dll
0x00007ff9520b0000 - 0x00007ff9521bc000 	C:\WINDOWS\SYSTEM32\WINHTTP.dll
0x00007ff95a940000 - 0x00007ff95a9aa000 	C:\WINDOWS\system32\mswsock.dll
0x00007ff938010000 - 0x00007ff938022000 	C:\Program Files\jdk-11.0.16.1\bin\nio.dll
0x00007ff951420000 - 0x00007ff95143a000 	C:\Users\ASUS\IntelliJ IDEA Community Edition 2022.3\bin\breakgen64.dll
0x00007ff95ab30000 - 0x00007ff95ab48000 	C:\WINDOWS\SYSTEM32\CRYPTSP.dll
0x00007ff95a260000 - 0x00007ff95a294000 	C:\WINDOWS\system32\rsaenh.dll
0x00007ff95b870000 - 0x00007ff95b897000 	C:\WINDOWS\System32\bcrypt.dll
0x00007ff95b120000 - 0x00007ff95b14e000 	C:\WINDOWS\SYSTEM32\USERENV.dll
0x00007ff95ab50000 - 0x00007ff95ab5c000 	C:\WINDOWS\SYSTEM32\CRYPTBASE.dll
0x00007ff95a630000 - 0x00007ff95a66b000 	C:\WINDOWS\SYSTEM32\IPHLPAPI.DLL
0x00007ff95d020000 - 0x00007ff95d028000 	C:\WINDOWS\System32\NSI.dll
0x00007ff952be0000 - 0x00007ff952bf7000 	C:\WINDOWS\SYSTEM32\dhcpcsvc6.DLL
0x00007ff954160000 - 0x00007ff95417d000 	C:\WINDOWS\SYSTEM32\dhcpcsvc.DLL
0x00007ff95a670000 - 0x00007ff95a73a000 	C:\WINDOWS\SYSTEM32\DNSAPI.dll
0x00007ff950e10000 - 0x00007ff950e35000 	C:\Program Files\jdk-11.0.16.1\bin\sunec.dll
0x00000000763a0000 - 0x00000000763c6000 	C:\Program Files\Bonjour\mdnsNSP.dll
0x00007ff94c5e0000 - 0x00007ff94c5ea000 	C:\Windows\System32\rasadhlp.dll
0x00007ff94c5f0000 - 0x00007ff94c670000 	C:\WINDOWS\System32\fwpuclnt.dll

dbghelp: loaded successfully - version: 4.0.5 - missing functions: none
symbol engine: initialized successfully - sym options: 0x614 - pdb path: .;C:\Program Files\jdk-11.0.16.1\bin;C:\WINDOWS\SYSTEM32;C:\WINDOWS\WinSxS\amd64_microsoft.windows.common-controls_6595b64144ccf1df_6.0.19041.1110_none_60b5254171f9507e;C:\Program Files\jdk-11.0.16.1\bin\server;C:\Users\ASUS\IntelliJ IDEA Community Edition 2022.3\bin;C:\Program Files\Bonjour

VM Arguments:
jvm_args: -ea -Didea.test.cyclic.buffer.size=1048576 -javaagent:C:\Users\ASUS\IntelliJ IDEA Community Edition 2022.3\lib\idea_rt.jar=57705:C:\Users\ASUS\IntelliJ IDEA Community Edition 2022.3\bin -Dfile.encoding=UTF-8 
java_command: com.intellij.rt.testng.RemoteTestNGStarter -usedefaultlisteners false -socket57704 @w@C:\Users\ASUS\AppData\Local\Temp\idea_working_dirs_testng.tmp -temp C:\Users\ASUS\AppData\Local\Temp\idea_testng.tmp
java_class_path (initial): C:\Users\ASUS\IntelliJ IDEA Community Edition 2022.3\lib\idea_rt.jar;C:\Users\ASUS\IntelliJ IDEA Community Edition 2022.3\plugins\testng\lib\testng-rt.jar;C:\Users\ASUS\IdeaProjects\FirstSeleniumTest\target\test-classes;C:\Users\ASUS\.m2\repository\org\seleniumhq\selenium\selenium-java\4.6.0\selenium-java-4.6.0.jar;C:\Users\ASUS\.m2\repository\org\seleniumhq\selenium\selenium-api\4.6.0\selenium-api-4.6.0.jar;C:\Users\ASUS\.m2\repository\org\seleniumhq\selenium\selenium-chrome-driver\4.6.0\selenium-chrome-driver-4.6.0.jar;C:\Users\ASUS\.m2\repository\com\google\auto\service\auto-service-annotations\1.0.1\auto-service-annotations-1.0.1.jar;C:\Users\ASUS\.m2\repository\com\google\auto\service\auto-service\1.0.1\auto-service-1.0.1.jar;C:\Users\ASUS\.m2\repository\com\google\auto\auto-common\1.2\auto-common-1.2.jar;C:\Users\ASUS\.m2\repository\com\google\guava\guava\31.1-jre\guava-31.1-jre.jar;C:\Users\ASUS\.m2\repository\com\google\guava\failureaccess\1.0.1\failureaccess-1.0.1.jar;C:\Users\ASUS\.m2\repository\com\google\guava\listenablefuture\9999.0-empty-to-avoid-conflict-with-guava\listenablefuture-9999.0-empty-to-avoid-conflict-with-guava.jar;C:\Users\ASUS\.m2\repository\com\google\code\findbugs\jsr305\3.0.2\jsr305-3.0.2.jar;C:\Users\ASUS\.m2\repository\org\checkerframework\checker-qual\3.12.0\checker-qual-3.12.0.jar;C:\Users\ASUS\.m2\repository\com\google\errorprone\error_prone_annotations\2.11.0\error_prone_annotations-2.11.0.jar;C:\Users\ASUS\.m2\repository\com\google\j2objc\j2objc-annotations\1.3\j2objc-annotations-1.3.jar;C:\Users\ASUS\.m2\repository\org\seleniumhq\selenium\selenium-chromium-driver\4.6.0\selenium-chromium-driver-4.6.0.jar;C:\Users\ASUS\.m2\repository\org\seleniumhq\selenium\selenium-json\4.6.0\selenium-json-4.6.0.jar;C:\Users\ASUS\.m2\repository\org\seleniumhq\selenium\selenium-devtools-v105\4.6.0\selenium-devtools-v105-4.6.0.jar;C:\Users\ASUS\.m2\repository\org\seleniumhq\selenium\selenium-devtools-v106\4.6.0\seleni
Launcher Type: SUN_STANDARD

[Global flags]
     intx CICompilerCount                          = 4                                         {product} {ergonomic}
     uint ConcGCThreads                            = 2                                         {product} {ergonomic}
     uint G1ConcRefinementThreads                  = 8                                         {product} {ergonomic}
   size_t G1HeapRegionSize                         = 1048576                                   {product} {ergonomic}
    uintx GCDrainStackTargetSize                   = 64                                        {product} {ergonomic}
   size_t InitialHeapSize                          = 100663296                                 {product} {ergonomic}
   size_t MarkStackSize                            = 4194304                                   {product} {ergonomic}
   size_t MaxHeapSize                              = 1598029824                                {product} {ergonomic}
   size_t MaxNewSize                               = 958398464                                 {product} {ergonomic}
   size_t MinHeapDeltaBytes                        = 1048576                                   {product} {ergonomic}
    uintx NonNMethodCodeHeapSize                   = 5836300                                {pd product} {ergonomic}
    uintx NonProfiledCodeHeapSize                  = 122910970                              {pd product} {ergonomic}
    uintx ProfiledCodeHeapSize                     = 122910970                              {pd product} {ergonomic}
    uintx ReservedCodeCacheSize                    = 251658240                              {pd product} {ergonomic}
     bool SegmentedCodeCache                       = true                                      {product} {ergonomic}
     bool UseCompressedClassPointers               = true                                 {lp64_product} {ergonomic}
     bool UseCompressedOops                        = true                                 {lp64_product} {ergonomic}
     bool UseG1GC                                  = true                                      {product} {ergonomic}
     bool UseLargePagesIndividualAllocation        = false                                  {pd product} {ergonomic}

Logging:
Log output configuration:
 #0: stdout all=warning uptime,level,tags
 #1: stderr all=off uptime,level,tags

Environment Variables:
PATH=C:\WINDOWS\system32;C:\WINDOWS;C:\WINDOWS\System32\Wbem;C:\WINDOWS\System32\WindowsPowerShell\v1.0\;C:\WINDOWS\System32\OpenSSH\;C:\Program Files\Git\cmd;C:\Program Files\jdk-11.0.16.1\bin;C:\Users\ASUS\AppData\Local\Microsoft\WindowsApps;;C:\Users\ASUS\IntelliJ IDEA Community Edition 2022.3\bin;;C:\Users\ASUS\AppData\Local\Programs\Microsoft VS Code\bin
USERNAME=ASUS
OS=Windows_NT
PROCESSOR_IDENTIFIER=AMD64 Family 23 Model 24 Stepping 1, AuthenticAMD



---------------  S Y S T E M  ---------------

OS: Windows 10 , 64 bit Build 19041 (10.0.19041.2364)

CPU:total 8 (initial active 8) (8 cores per cpu, 2 threads per core) family 23 model 24 stepping 1 microcode 0x0, cmov, cx8, fxsr, mmx, sse, sse2, sse3, ssse3, sse4.1, sse4.2, popcnt, avx, avx2, aes, clmul, mmxext, 3dnowpref, lzcnt, sse4a, ht, tsc, tscinvbit, tscinv, bmi1, bmi2, adx, s

Memory: 4k page, system-wide physical 6091M (914M free)
TotalPageFile size 8107M (AvailPageFile size 5M)
current process WorkingSet (physical memory assigned to process): 147M, peak: 147M
current process commit charge ("private bytes"): 219M, peak: 219M

vm_info: Java HotSpot(TM) 64-Bit Server VM (11.0.16.1+1-LTS-1) for windows-amd64 JRE (11.0.16.1+1-LTS-1), built on Aug 16 2022 01:46:01 by "mach5one" with MS VC++ 15.9 (VS2017)

END.
