#
# There is insufficient memory for the Java Runtime Environment to continue.
# Native memory allocation (malloc) failed to allocate 32744 bytes for ChunkPool::allocate
# Possible reasons:
#   The system is out of physical RAM or swap space
#   The process is running with CompressedOops enabled, and the Java Heap may be blocking the growth of the native heap
# Possible solutions:
#   Reduce memory load on the system
#   Increase physical memory or swap space
#   Check if swap backing store is full
#   Decrease Java heap size (-Xmx/-Xms)
#   Decrease number of Java threads
#   Decrease Java thread stack sizes (-Xss)
#   Set larger code cache with -XX:ReservedCodeCacheSize=
#   JVM is running with Unscaled Compressed Oops mode in which the Java heap is
#     placed in the first 4GB address space. The Java Heap base address is the
#     maximum limit for the native heap growth. Please use -XX:HeapBaseMinAddress
#     to set the Java Heap base and to place the Java Heap above 4GB virtual address.
# This output file may be truncated or incomplete.
#
#  Out of Memory Error (./open/src/hotspot/share/memory/arena.cpp:81), pid=8448, tid=4764
#
# JRE version: Java(TM) SE Runtime Environment 18.9 (11.0.16.1+1) (build 11.0.16.1+1-LTS-1)
# Java VM: Java HotSpot(TM) 64-Bit Server VM 18.9 (11.0.16.1+1-LTS-1, mixed mode, tiered, compressed oops, g1 gc, windows-amd64)
# No core dump will be written. Minidumps are not enabled by default on client versions of Windows
#

---------------  S U M M A R Y ------------

Command Line: -ea -Didea.test.cyclic.buffer.size=1048576 -javaagent:C:\Users\ASUS\IntelliJ IDEA Community Edition 2022.3\lib\idea_rt.jar=57604:C:\Users\ASUS\IntelliJ IDEA Community Edition 2022.3\bin -Dfile.encoding=UTF-8 com.intellij.rt.testng.RemoteTestNGStarter -usedefaultlisteners false -socket57603 @w@C:\Users\ASUS\AppData\Local\Temp\idea_working_dirs_testng.tmp -temp C:\Users\ASUS\AppData\Local\Temp\idea_testng.tmp

Host: AMD Ryzen 5 3500U with Radeon Vega Mobile Gfx  , 8 cores, 5G,  Windows 10 , 64 bit Build 19041 (10.0.19041.2364)
Time: Fri Jan  6 16:16:21 2023  Windows 10 , 64 bit Build 19041 (10.0.19041.2364) elapsed time: 0.294468 seconds (0d 0h 0m 0s)

---------------  T H R E A D  ---------------

Current thread (0x000001e4ff7be000):  JavaThread "C1 CompilerThread0" daemon [_thread_in_vm, id=4764, stack(0x000000d982f00000,0x000000d983000000)]


Current CompileTask:
C1:    294  179       1       java.lang.module.ResolvedModule::configuration (5 bytes)

Stack: [0x000000d982f00000,0x000000d983000000]
Native frames: (J=compiled Java code, j=interpreted, Vv=VM code, C=native code)
V  [jvm.dll+0x62a3da]
V  [jvm.dll+0x76407f]
V  [jvm.dll+0x765729]
V  [jvm.dll+0x765db3]
V  [jvm.dll+0x23dc18]
V  [jvm.dll+0xb2c7b]
V  [jvm.dll+0xb2fdc]
V  [jvm.dll+0x32a68a]
V  [jvm.dll+0x1a5e85]
V  [jvm.dll+0x19276f]
V  [jvm.dll+0x20703a]
V  [jvm.dll+0x20531b]
V  [jvm.dll+0x729f60]
V  [jvm.dll+0x722b34]
V  [jvm.dll+0x629276]
C  [ucrtbase.dll+0x21bb2]
C  [KERNEL32.DLL+0x17614]
C  [ntdll.dll+0x526a1]


---------------  P R O C E S S  ---------------

Threads class SMR info:
_java_thread_list=0x000001e49129f160, length=11, elements={
0x000001e4f3ae8000, 0x000001e4ff78a000, 0x000001e4ff793800, 0x000001e491153000,
0x000001e4ff7a7800, 0x000001e4ff7a9800, 0x000001e4ff7b9000, 0x000001e4ff7be000,
0x000001e4ff7cf800, 0x000001e49129b000, 0x000001e4912c7800
}

Java Threads: ( => current thread )
  0x000001e4f3ae8000 JavaThread "main" [_thread_blocked, id=20280, stack(0x000000d982200000,0x000000d982300000)]
  0x000001e4ff78a000 JavaThread "Reference Handler" daemon [_thread_blocked, id=17556, stack(0x000000d982900000,0x000000d982a00000)]
  0x000001e4ff793800 JavaThread "Finalizer" daemon [_thread_blocked, id=1644, stack(0x000000d982a00000,0x000000d982b00000)]
  0x000001e491153000 JavaThread "Signal Dispatcher" daemon [_thread_blocked, id=19032, stack(0x000000d982b00000,0x000000d982c00000)]
  0x000001e4ff7a7800 JavaThread "Attach Listener" daemon [_thread_blocked, id=16300, stack(0x000000d982c00000,0x000000d982d00000)]
  0x000001e4ff7a9800 JavaThread "Service Thread" daemon [_thread_blocked, id=21276, stack(0x000000d982d00000,0x000000d982e00000)]
  0x000001e4ff7b9000 JavaThread "C2 CompilerThread0" daemon [_thread_blocked, id=13856, stack(0x000000d982e00000,0x000000d982f00000)]
=>0x000001e4ff7be000 JavaThread "C1 CompilerThread0" daemon [_thread_in_vm, id=4764, stack(0x000000d982f00000,0x000000d983000000)]
  0x000001e4ff7cf800 JavaThread "Sweeper thread" daemon [_thread_blocked, id=18832, stack(0x000000d983000000,0x000000d983100000)]
  0x000001e49129b000 JavaThread "Common-Cleaner" daemon [_thread_blocked, id=13144, stack(0x000000d983100000,0x000000d983200000)]
  0x000001e4912c7800 JavaThread "C2 CompilerThread1" daemon [_thread_in_native, id=816, stack(0x000000d983200000,0x000000d983300000)]

Other Threads:
  0x000001e4ff764800 VMThread "VM Thread" [stack: 0x000000d982800000,0x000000d982900000] [id=15496]
  0x000001e4f3afb800 GCTaskThread "GC Thread#0" [stack: 0x000000d982300000,0x000000d982400000] [id=20384]
  0x000001e4f3b21800 ConcurrentGCThread "G1 Main Marker" [stack: 0x000000d982400000,0x000000d982500000] [id=18200]
  0x000001e4f3b25000 ConcurrentGCThread "G1 Conc#0" [stack: 0x000000d982500000,0x000000d982600000] [id=19808]
  0x000001e4f3baa800 ConcurrentGCThread "G1 Refine#0" [stack: 0x000000d982600000,0x000000d982700000] [id=19608]
  0x000001e4f3bac000 ConcurrentGCThread "G1 Young RemSet Sampling" [stack: 0x000000d982700000,0x000000d982800000] [id=20024]

Threads with active compile tasks:
C1 CompilerThread0      313  179       1       java.lang.module.ResolvedModule::configuration (5 bytes)
C2 CompilerThread1      313  174       4       java.util.HashMap::putVal (300 bytes)

VM state:synchronizing (normal execution)

VM Mutex/Monitor currently owned by a thread:  ([mutex/lock_event])
[0x000001e4f3ae4530] Threads_lock - owner thread: 0x000001e4ff764800
[0x000001e4f3ae3ba0] Heap_lock - owner thread: 0x000001e4f3ae8000

Heap address: 0x00000000a0c00000, size: 1524 MB, Compressed Oops mode: 32-bit
Narrow klass base: 0x0000000000000000, Narrow klass shift: 3
Compressed class space size: 1073741824 Address: 0x0000000100000000

Heap:
 garbage-first heap   total 98304K, used 1024K [0x00000000a0c00000, 0x0000000100000000)
  region size 1024K, 2 young (2048K), 0 survivors (0K)
 Metaspace       used 5000K, capacity 5019K, committed 5120K, reserved 1060864K
  class space    used 428K, capacity 438K, committed 512K, reserved 1048576K
Heap Regions: E=young(eden), S=young(survivor), O=old, HS=humongous(starts), HC=humongous(continues), CS=collection set, F=free, A=archive, TAMS=top-at-mark-start (previous, next)
|   0|0x00000000a0c00000, 0x00000000a0c00000, 0x00000000a0d00000|  0%| F|  |TAMS 0x00000000a0c00000, 0x00000000a0c00000| Untracked 
|   1|0x00000000a0d00000, 0x00000000a0d00000, 0x00000000a0e00000|  0%| F|  |TAMS 0x00000000a0d00000, 0x00000000a0d00000| Untracked 
|   2|0x00000000a0e00000, 0x00000000a0e00000, 0x00000000a0f00000|  0%| F|  |TAMS 0x00000000a0e00000, 0x00000000a0e00000| Untracked 
|   3|0x00000000a0f00000, 0x00000000a0f00000, 0x00000000a1000000|  0%| F|  |TAMS 0x00000000a0f00000, 0x00000000a0f00000| Untracked 
|   4|0x00000000a1000000, 0x00000000a1000000, 0x00000000a1100000|  0%| F|  |TAMS 0x00000000a1000000, 0x00000000a1000000| Untracked 
|   5|0x00000000a1100000, 0x00000000a1100000, 0x00000000a1200000|  0%| F|  |TAMS 0x00000000a1100000, 0x00000000a1100000| Untracked 
|   6|0x00000000a1200000, 0x00000000a1200000, 0x00000000a1300000|  0%| F|  |TAMS 0x00000000a1200000, 0x00000000a1200000| Untracked 
|   7|0x00000000a1300000, 0x00000000a1300000, 0x00000000a1400000|  0%| F|  |TAMS 0x00000000a1300000, 0x00000000a1300000| Untracked 
|   8|0x00000000a1400000, 0x00000000a1400000, 0x00000000a1500000|  0%| F|  |TAMS 0x00000000a1400000, 0x00000000a1400000| Untracked 
|   9|0x00000000a1500000, 0x00000000a1500000, 0x00000000a1600000|  0%| F|  |TAMS 0x00000000a1500000, 0x00000000a1500000| Untracked 
|  10|0x00000000a1600000, 0x00000000a1600000, 0x00000000a1700000|  0%| F|  |TAMS 0x00000000a1600000, 0x00000000a1600000| Untracked 
|  11|0x00000000a1700000, 0x00000000a1700000, 0x00000000a1800000|  0%| F|  |TAMS 0x00000000a1700000, 0x00000000a1700000| Untracked 
|  12|0x00000000a1800000, 0x00000000a1800000, 0x00000000a1900000|  0%| F|  |TAMS 0x00000000a1800000, 0x00000000a1800000| Untracked 
|  13|0x00000000a1900000, 0x00000000a1900000, 0x00000000a1a00000|  0%| F|  |TAMS 0x00000000a1900000, 0x00000000a1900000| Untracked 
|  14|0x00000000a1a00000, 0x00000000a1a00000, 0x00000000a1b00000|  0%| F|  |TAMS 0x00000000a1a00000, 0x00000000a1a00000| Untracked 
|  15|0x00000000a1b00000, 0x00000000a1b00000, 0x00000000a1c00000|  0%| F|  |TAMS 0x00000000a1b00000, 0x00000000a1b00000| Untracked 
|  16|0x00000000a1c00000, 0x00000000a1c00000, 0x00000000a1d00000|  0%| F|  |TAMS 0x00000000a1c00000, 0x00000000a1c00000| Untracked 
|  17|0x00000000a1d00000, 0x00000000a1d00000, 0x00000000a1e00000|  0%| F|  |TAMS 0x00000000a1d00000, 0x00000000a1d00000| Untracked 
|  18|0x00000000a1e00000, 0x00000000a1e00000, 0x00000000a1f00000|  0%| F|  |TAMS 0x00000000a1e00000, 0x00000000a1e00000| Untracked 
|  19|0x00000000a1f00000, 0x00000000a1f00000, 0x00000000a2000000|  0%| F|  |TAMS 0x00000000a1f00000, 0x00000000a1f00000| Untracked 
|  20|0x00000000a2000000, 0x00000000a2000000, 0x00000000a2100000|  0%| F|  |TAMS 0x00000000a2000000, 0x00000000a2000000| Untracked 
|  21|0x00000000a2100000, 0x00000000a2100000, 0x00000000a2200000|  0%| F|  |TAMS 0x00000000a2100000, 0x00000000a2100000| Untracked 
|  22|0x00000000a2200000, 0x00000000a2200000, 0x00000000a2300000|  0%| F|  |TAMS 0x00000000a2200000, 0x00000000a2200000| Untracked 
|  23|0x00000000a2300000, 0x00000000a2300000, 0x00000000a2400000|  0%| F|  |TAMS 0x00000000a2300000, 0x00000000a2300000| Untracked 
|  24|0x00000000a2400000, 0x00000000a2400000, 0x00000000a2500000|  0%| F|  |TAMS 0x00000000a2400000, 0x00000000a2400000| Untracked 
|  25|0x00000000a2500000, 0x00000000a2500000, 0x00000000a2600000|  0%| F|  |TAMS 0x00000000a2500000, 0x00000000a2500000| Untracked 
|  26|0x00000000a2600000, 0x00000000a2600000, 0x00000000a2700000|  0%| F|  |TAMS 0x00000000a2600000, 0x00000000a2600000| Untracked 
|  27|0x00000000a2700000, 0x00000000a2700000, 0x00000000a2800000|  0%| F|  |TAMS 0x00000000a2700000, 0x00000000a2700000| Untracked 
|  28|0x00000000a2800000, 0x00000000a2800000, 0x00000000a2900000|  0%| F|  |TAMS 0x00000000a2800000, 0x00000000a2800000| Untracked 
|  29|0x00000000a2900000, 0x00000000a2900000, 0x00000000a2a00000|  0%| F|  |TAMS 0x00000000a2900000, 0x00000000a2900000| Untracked 
|  30|0x00000000a2a00000, 0x00000000a2a00000, 0x00000000a2b00000|  0%| F|  |TAMS 0x00000000a2a00000, 0x00000000a2a00000| Untracked 
|  31|0x00000000a2b00000, 0x00000000a2b00000, 0x00000000a2c00000|  0%| F|  |TAMS 0x00000000a2b00000, 0x00000000a2b00000| Untracked 
|  32|0x00000000a2c00000, 0x00000000a2c00000, 0x00000000a2d00000|  0%| F|  |TAMS 0x00000000a2c00000, 0x00000000a2c00000| Untracked 
|  33|0x00000000a2d00000, 0x00000000a2d00000, 0x00000000a2e00000|  0%| F|  |TAMS 0x00000000a2d00000, 0x00000000a2d00000| Untracked 
|  34|0x00000000a2e00000, 0x00000000a2e00000, 0x00000000a2f00000|  0%| F|  |TAMS 0x00000000a2e00000, 0x00000000a2e00000| Untracked 
|  35|0x00000000a2f00000, 0x00000000a2f00000, 0x00000000a3000000|  0%| F|  |TAMS 0x00000000a2f00000, 0x00000000a2f00000| Untracked 
|  36|0x00000000a3000000, 0x00000000a3000000, 0x00000000a3100000|  0%| F|  |TAMS 0x00000000a3000000, 0x00000000a3000000| Untracked 
|  37|0x00000000a3100000, 0x00000000a3100000, 0x00000000a3200000|  0%| F|  |TAMS 0x00000000a3100000, 0x00000000a3100000| Untracked 
|  38|0x00000000a3200000, 0x00000000a3200000, 0x00000000a3300000|  0%| F|  |TAMS 0x00000000a3200000, 0x00000000a3200000| Untracked 
|  39|0x00000000a3300000, 0x00000000a3300000, 0x00000000a3400000|  0%| F|  |TAMS 0x00000000a3300000, 0x00000000a3300000| Untracked 
|  40|0x00000000a3400000, 0x00000000a3400000, 0x00000000a3500000|  0%| F|  |TAMS 0x00000000a3400000, 0x00000000a3400000| Untracked 
|  41|0x00000000a3500000, 0x00000000a3500000, 0x00000000a3600000|  0%| F|  |TAMS 0x00000000a3500000, 0x00000000a3500000| Untracked 
|  42|0x00000000a3600000, 0x00000000a3600000, 0x00000000a3700000|  0%| F|  |TAMS 0x00000000a3600000, 0x00000000a3600000| Untracked 
|  43|0x00000000a3700000, 0x00000000a3700000, 0x00000000a3800000|  0%| F|  |TAMS 0x00000000a3700000, 0x00000000a3700000| Untracked 
|  44|0x00000000a3800000, 0x00000000a3800000, 0x00000000a3900000|  0%| F|  |TAMS 0x00000000a3800000, 0x00000000a3800000| Untracked 
|  45|0x00000000a3900000, 0x00000000a3900000, 0x00000000a3a00000|  0%| F|  |TAMS 0x00000000a3900000, 0x00000000a3900000| Untracked 
|  46|0x00000000a3a00000, 0x00000000a3a00000, 0x00000000a3b00000|  0%| F|  |TAMS 0x00000000a3a00000, 0x00000000a3a00000| Untracked 
|  47|0x00000000a3b00000, 0x00000000a3b00000, 0x00000000a3c00000|  0%| F|  |TAMS 0x00000000a3b00000, 0x00000000a3b00000| Untracked 
|  48|0x00000000a3c00000, 0x00000000a3c00000, 0x00000000a3d00000|  0%| F|  |TAMS 0x00000000a3c00000, 0x00000000a3c00000| Untracked 
|  49|0x00000000a3d00000, 0x00000000a3d00000, 0x00000000a3e00000|  0%| F|  |TAMS 0x00000000a3d00000, 0x00000000a3d00000| Untracked 
|  50|0x00000000a3e00000, 0x00000000a3e00000, 0x00000000a3f00000|  0%| F|  |TAMS 0x00000000a3e00000, 0x00000000a3e00000| Untracked 
|  51|0x00000000a3f00000, 0x00000000a3f00000, 0x00000000a4000000|  0%| F|  |TAMS 0x00000000a3f00000, 0x00000000a3f00000| Untracked 
|  52|0x00000000a4000000, 0x00000000a4000000, 0x00000000a4100000|  0%| F|  |TAMS 0x00000000a4000000, 0x00000000a4000000| Untracked 
|  53|0x00000000a4100000, 0x00000000a4100000, 0x00000000a4200000|  0%| F|  |TAMS 0x00000000a4100000, 0x00000000a4100000| Untracked 
|  54|0x00000000a4200000, 0x00000000a4200000, 0x00000000a4300000|  0%| F|  |TAMS 0x00000000a4200000, 0x00000000a4200000| Untracked 
|  55|0x00000000a4300000, 0x00000000a4300000, 0x00000000a4400000|  0%| F|  |TAMS 0x00000000a4300000, 0x00000000a4300000| Untracked 
|  56|0x00000000a4400000, 0x00000000a4400000, 0x00000000a4500000|  0%| F|  |TAMS 0x00000000a4400000, 0x00000000a4400000| Untracked 
|  57|0x00000000a4500000, 0x00000000a4500000, 0x00000000a4600000|  0%| F|  |TAMS 0x00000000a4500000, 0x00000000a4500000| Untracked 
|  58|0x00000000a4600000, 0x00000000a4600000, 0x00000000a4700000|  0%| F|  |TAMS 0x00000000a4600000, 0x00000000a4600000| Untracked 
|  59|0x00000000a4700000, 0x00000000a4700000, 0x00000000a4800000|  0%| F|  |TAMS 0x00000000a4700000, 0x00000000a4700000| Untracked 
|  60|0x00000000a4800000, 0x00000000a4800000, 0x00000000a4900000|  0%| F|  |TAMS 0x00000000a4800000, 0x00000000a4800000| Untracked 
|  61|0x00000000a4900000, 0x00000000a4900000, 0x00000000a4a00000|  0%| F|  |TAMS 0x00000000a4900000, 0x00000000a4900000| Untracked 
|  62|0x00000000a4a00000, 0x00000000a4a00000, 0x00000000a4b00000|  0%| F|  |TAMS 0x00000000a4a00000, 0x00000000a4a00000| Untracked 
|  63|0x00000000a4b00000, 0x00000000a4b00000, 0x00000000a4c00000|  0%| F|  |TAMS 0x00000000a4b00000, 0x00000000a4b00000| Untracked 
|  64|0x00000000a4c00000, 0x00000000a4c00000, 0x00000000a4d00000|  0%| F|  |TAMS 0x00000000a4c00000, 0x00000000a4c00000| Untracked 
|  65|0x00000000a4d00000, 0x00000000a4d00000, 0x00000000a4e00000|  0%| F|  |TAMS 0x00000000a4d00000, 0x00000000a4d00000| Untracked 
|  66|0x00000000a4e00000, 0x00000000a4e00000, 0x00000000a4f00000|  0%| F|  |TAMS 0x00000000a4e00000, 0x00000000a4e00000| Untracked 
|  67|0x00000000a4f00000, 0x00000000a4f00000, 0x00000000a5000000|  0%| F|  |TAMS 0x00000000a4f00000, 0x00000000a4f00000| Untracked 
|  68|0x00000000a5000000, 0x00000000a5000000, 0x00000000a5100000|  0%| F|  |TAMS 0x00000000a5000000, 0x00000000a5000000| Untracked 
|  69|0x00000000a5100000, 0x00000000a5100000, 0x00000000a5200000|  0%| F|  |TAMS 0x00000000a5100000, 0x00000000a5100000| Untracked 
|  70|0x00000000a5200000, 0x00000000a5200000, 0x00000000a5300000|  0%| F|  |TAMS 0x00000000a5200000, 0x00000000a5200000| Untracked 
|  71|0x00000000a5300000, 0x00000000a5300000, 0x00000000a5400000|  0%| F|  |TAMS 0x00000000a5300000, 0x00000000a5300000| Untracked 
|  72|0x00000000a5400000, 0x00000000a5400000, 0x00000000a5500000|  0%| F|  |TAMS 0x00000000a5400000, 0x00000000a5400000| Untracked 
|  73|0x00000000a5500000, 0x00000000a5500000, 0x00000000a5600000|  0%| F|  |TAMS 0x00000000a5500000, 0x00000000a5500000| Untracked 
|  74|0x00000000a5600000, 0x00000000a5600000, 0x00000000a5700000|  0%| F|  |TAMS 0x00000000a5600000, 0x00000000a5600000| Untracked 
|  75|0x00000000a5700000, 0x00000000a5700000, 0x00000000a5800000|  0%| F|  |TAMS 0x00000000a5700000, 0x00000000a5700000| Untracked 
|  76|0x00000000a5800000, 0x00000000a5800000, 0x00000000a5900000|  0%| F|  |TAMS 0x00000000a5800000, 0x00000000a5800000| Untracked 
|  77|0x00000000a5900000, 0x00000000a5900000, 0x00000000a5a00000|  0%| F|  |TAMS 0x00000000a5900000, 0x00000000a5900000| Untracked 
|  78|0x00000000a5a00000, 0x00000000a5a00000, 0x00000000a5b00000|  0%| F|  |TAMS 0x00000000a5a00000, 0x00000000a5a00000| Untracked 
|  79|0x00000000a5b00000, 0x00000000a5b00000, 0x00000000a5c00000|  0%| F|  |TAMS 0x00000000a5b00000, 0x00000000a5b00000| Untracked 
|  80|0x00000000a5c00000, 0x00000000a5c00000, 0x00000000a5d00000|  0%| F|  |TAMS 0x00000000a5c00000, 0x00000000a5c00000| Untracked 
|  81|0x00000000a5d00000, 0x00000000a5d00000, 0x00000000a5e00000|  0%| F|  |TAMS 0x00000000a5d00000, 0x00000000a5d00000| Untracked 
|  82|0x00000000a5e00000, 0x00000000a5e00000, 0x00000000a5f00000|  0%| F|  |TAMS 0x00000000a5e00000, 0x00000000a5e00000| Untracked 
|  83|0x00000000a5f00000, 0x00000000a5f00000, 0x00000000a6000000|  0%| F|  |TAMS 0x00000000a5f00000, 0x00000000a5f00000| Untracked 
|  84|0x00000000a6000000, 0x00000000a6000000, 0x00000000a6100000|  0%| F|  |TAMS 0x00000000a6000000, 0x00000000a6000000| Untracked 
|  85|0x00000000a6100000, 0x00000000a6100000, 0x00000000a6200000|  0%| F|  |TAMS 0x00000000a6100000, 0x00000000a6100000| Untracked 
|  86|0x00000000a6200000, 0x00000000a6200000, 0x00000000a6300000|  0%| F|  |TAMS 0x00000000a6200000, 0x00000000a6200000| Untracked 
|  87|0x00000000a6300000, 0x00000000a6300000, 0x00000000a6400000|  0%| F|  |TAMS 0x00000000a6300000, 0x00000000a6300000| Untracked 
|  88|0x00000000a6400000, 0x00000000a6400000, 0x00000000a6500000|  0%| F|  |TAMS 0x00000000a6400000, 0x00000000a6400000| Untracked 
|  89|0x00000000a6500000, 0x00000000a6500000, 0x00000000a6600000|  0%| F|  |TAMS 0x00000000a6500000, 0x00000000a6500000| Untracked 
|  90|0x00000000a6600000, 0x00000000a6600000, 0x00000000a6700000|  0%| F|  |TAMS 0x00000000a6600000, 0x00000000a6600000| Untracked 
|  91|0x00000000a6700000, 0x00000000a6700000, 0x00000000a6800000|  0%| F|  |TAMS 0x00000000a6700000, 0x00000000a6700000| Untracked 
|  92|0x00000000a6800000, 0x00000000a6800000, 0x00000000a6900000|  0%| F|  |TAMS 0x00000000a6800000, 0x00000000a6800000| Untracked 
|  93|0x00000000a6900000, 0x00000000a6900000, 0x00000000a6a00000|  0%| F|  |TAMS 0x00000000a6900000, 0x00000000a6900000| Untracked 
|  94|0x00000000a6a00000, 0x00000000a6af6498, 0x00000000a6b00000| 96%| E|  |TAMS 0x00000000a6a00000, 0x00000000a6a00000| Complete 
|  95|0x00000000a6b00000, 0x00000000a6c00000, 0x00000000a6c00000|100%| E|CS|TAMS 0x00000000a6b00000, 0x00000000a6b00000| Complete 

Card table byte_map: [0x000001e4fb7c0000,0x000001e4fbac0000] _byte_map_base: 0x000001e4fb2ba000

Marking Bits (Prev, Next): (CMBitMap*) 0x000001e4f3b1ae98, (CMBitMap*) 0x000001e4f3b1aed0
 Prev Bits: [0x000001e4fbdc0000, 0x000001e4fd590000)
 Next Bits: [0x000001e4fd590000, 0x000001e4fed60000)

Polling page: 0x000001e4f18f0000

Metaspace:

Usage:
  Non-class:      4.47 MB capacity,     4.47 MB (>99%) used,     6.50 KB ( <1%) free+waste,     2.06 KB ( <1%) overhead. 
      Class:    438.00 KB capacity,   428.05 KB ( 98%) used,     8.70 KB (  2%) free+waste,     1.25 KB ( <1%) overhead. 
       Both:      4.90 MB capacity,     4.88 MB (>99%) used,    15.20 KB ( <1%) free+waste,     3.31 KB ( <1%) overhead. 

Virtual space:
  Non-class space:       12.00 MB reserved,       4.50 MB ( 38%) committed 
      Class space:        1.00 GB reserved,     512.00 KB ( <1%) committed 
             Both:        1.01 GB reserved,       5.00 MB ( <1%) committed 

Chunk freelists:
   Non-Class:  3.38 KB
       Class:  1.25 KB
        Both:  4.63 KB

CodeHeap 'non-profiled nmethods': size=120000Kb used=50Kb max_used=50Kb free=119950Kb
 bounds [0x000001e487ad0000, 0x000001e487d40000, 0x000001e48f000000]
CodeHeap 'profiled nmethods': size=120000Kb used=220Kb max_used=220Kb free=119779Kb
 bounds [0x000001e4805a0000, 0x000001e480810000, 0x000001e487ad0000]
CodeHeap 'non-nmethods': size=5760Kb used=1021Kb max_used=1042Kb free=4738Kb
 bounds [0x000001e480000000, 0x000001e480270000, 0x000001e4805a0000]
 total_blobs=470 nmethods=179 adapters=203
 compilation: enabled
              stopped_count=0, restarted_count=0
 full_count=0

Compilation events (10 events):
Event: 0.289 Thread 0x000001e4ff7be000  173       3       java.util.Optional::orElse (16 bytes)
Event: 0.290 Thread 0x000001e4ff7be000 nmethod 173 0x000001e4805d6390 code [0x000001e4805d6520, 0x000001e4805d6678]
Event: 0.290 Thread 0x000001e4ff7be000  175       1       java.lang.module.ModuleDescriptor$Version::toString (5 bytes)
Event: 0.290 Thread 0x000001e4ff7be000 nmethod 175 0x000001e487adb690 code [0x000001e487adb820, 0x000001e487adb8d8]
Event: 0.290 Thread 0x000001e4ff7be000  176       3       java.lang.module.ResolvedModule::name (11 bytes)
Event: 0.290 Thread 0x000001e4ff7be000 nmethod 176 0x000001e4805d6710 code [0x000001e4805d68a0, 0x000001e4805d6a18]
Event: 0.290 Thread 0x000001e4ff7be000  177       3       java.util.HashSet::<init> (16 bytes)
Event: 0.291 Thread 0x000001e4ff7be000 nmethod 177 0x000001e4805d6b10 code [0x000001e4805d6ce0, 0x000001e4805d70d8]
Event: 0.291 Thread 0x000001e4ff7b9000  178       4       java.util.HashMap::newNode (13 bytes)
Event: 0.291 Thread 0x000001e4ff7be000  179       1       java.lang.module.ResolvedModule::configuration (5 bytes)

GC Heap History (0 events):
No events

Deoptimization events (0 events):
No events

Classes redefined (0 events):
No events

Internal exceptions (0 events):
No events

Events (10 events):
Event: 0.277 loading class java/util/Collections$UnmodifiableCollection$1 done
Event: 0.278 loading class java/lang/module/ResolvedModule
Event: 0.278 loading class java/lang/module/ResolvedModule done
Event: 0.286 loading class jdk/internal/module/ModuleLoaderMap
Event: 0.286 Thread 0x000001e4912c7800 Thread added: 0x000001e4912c7800
Event: 0.286 loading class jdk/internal/module/ModuleLoaderMap done
Event: 0.287 loading class jdk/internal/module/ModuleLoaderMap$Mapper
Event: 0.287 loading class jdk/internal/module/ModuleLoaderMap$Mapper done
Event: 0.287 loading class java/util/concurrent/ConcurrentHashMap$ForwardingNode
Event: 0.287 loading class java/util/concurrent/ConcurrentHashMap$ForwardingNode done


Dynamic libraries:
0x00007ff71efa0000 - 0x00007ff71efaf000 	C:\Program Files\jdk-11.0.16.1\bin\java.exe
0x00007ff95db70000 - 0x00007ff95dd68000 	C:\WINDOWS\SYSTEM32\ntdll.dll
0x00007ff95d640000 - 0x00007ff95d6ff000 	C:\WINDOWS\System32\KERNEL32.DLL
0x00007ff95b560000 - 0x00007ff95b832000 	C:\WINDOWS\System32\KERNELBASE.dll
0x00007ff95b260000 - 0x00007ff95b360000 	C:\WINDOWS\System32\ucrtbase.dll
0x00007ff949700000 - 0x00007ff949715000 	C:\Program Files\jdk-11.0.16.1\bin\VCRUNTIME140.dll
0x00007ff949200000 - 0x00007ff949218000 	C:\Program Files\jdk-11.0.16.1\bin\jli.dll
0x00007ff95d7f0000 - 0x00007ff95d89e000 	C:\WINDOWS\System32\ADVAPI32.dll
0x00007ff95cde0000 - 0x00007ff95ce7e000 	C:\WINDOWS\System32\msvcrt.dll
0x00007ff95c830000 - 0x00007ff95c8cc000 	C:\WINDOWS\System32\sechost.dll
0x00007ff95bcc0000 - 0x00007ff95bde5000 	C:\WINDOWS\System32\RPCRT4.dll
0x00007ff95d980000 - 0x00007ff95db21000 	C:\WINDOWS\System32\USER32.dll
0x00007ff94b500000 - 0x00007ff94b79a000 	C:\WINDOWS\WinSxS\amd64_microsoft.windows.common-controls_6595b64144ccf1df_6.0.19041.1110_none_60b5254171f9507e\COMCTL32.dll
0x00007ff95b840000 - 0x00007ff95b862000 	C:\WINDOWS\System32\win32u.dll
0x00007ff95bc90000 - 0x00007ff95bcbb000 	C:\WINDOWS\System32\GDI32.dll
0x00007ff95ba50000 - 0x00007ff95bb5f000 	C:\WINDOWS\System32\gdi32full.dll
0x00007ff95b360000 - 0x00007ff95b3fd000 	C:\WINDOWS\System32\msvcp_win.dll
0x00007ff953c30000 - 0x00007ff953c3a000 	C:\WINDOWS\SYSTEM32\VERSION.dll
0x00007ff95bea0000 - 0x00007ff95bed2000 	C:\WINDOWS\System32\IMM32.DLL
0x00007ff937400000 - 0x00007ff93749b000 	C:\Program Files\jdk-11.0.16.1\bin\msvcp140.dll
0x00007ff90e890000 - 0x00007ff90f3a8000 	C:\Program Files\jdk-11.0.16.1\bin\server\jvm.dll
0x00007ff95d8a0000 - 0x00007ff95d8a8000 	C:\WINDOWS\System32\PSAPI.DLL
0x00007ff952080000 - 0x00007ff9520a7000 	C:\WINDOWS\SYSTEM32\WINMM.dll
0x00007ff94f800000 - 0x00007ff94f809000 	C:\WINDOWS\SYSTEM32\WSOCK32.dll
0x00007ff95d160000 - 0x00007ff95d1cb000 	C:\WINDOWS\System32\WS2_32.dll
0x00007ff959120000 - 0x00007ff959132000 	C:\WINDOWS\SYSTEM32\kernel.appcore.dll
0x00007ff94ad50000 - 0x00007ff94ad60000 	C:\Program Files\jdk-11.0.16.1\bin\verify.dll
0x00007ff953cd0000 - 0x00007ff953eb4000 	C:\WINDOWS\SYSTEM32\DBGHELP.DLL
0x00007ff93ecb0000 - 0x00007ff93ece5000 	C:\WINDOWS\SYSTEM32\dbgcore.DLL
0x00007ff95b9c0000 - 0x00007ff95ba42000 	C:\WINDOWS\System32\bcryptPrimitives.dll
0x00007ff945e40000 - 0x00007ff945e68000 	C:\Program Files\jdk-11.0.16.1\bin\java.dll
0x00007ff94ab60000 - 0x00007ff94ab6a000 	C:\Program Files\jdk-11.0.16.1\bin\jimage.dll
0x00007ff951430000 - 0x00007ff95143e000 	C:\Program Files\jdk-11.0.16.1\bin\instrument.dll
0x00007ff940140000 - 0x00007ff940156000 	C:\Program Files\jdk-11.0.16.1\bin\zip.dll
0x00007ff95c0e0000 - 0x00007ff95c824000 	C:\WINDOWS\System32\SHELL32.dll
0x00007ff959320000 - 0x00007ff959ab2000 	C:\WINDOWS\SYSTEM32\windows.storage.dll
0x00007ff95ca80000 - 0x00007ff95cdd5000 	C:\WINDOWS\System32\combase.dll
0x00007ff95abe0000 - 0x00007ff95ac10000 	C:\WINDOWS\SYSTEM32\Wldp.dll
0x00007ff95bdf0000 - 0x00007ff95be9d000 	C:\WINDOWS\System32\SHCORE.dll
0x00007ff95bc30000 - 0x00007ff95bc85000 	C:\WINDOWS\System32\shlwapi.dll
0x00007ff95b1a0000 - 0x00007ff95b1bf000 	C:\WINDOWS\SYSTEM32\profapi.dll

dbghelp: loaded successfully - version: 4.0.5 - missing functions: none
symbol engine: initialized successfully - sym options: 0x614 - pdb path: .;C:\Program Files\jdk-11.0.16.1\bin;C:\WINDOWS\SYSTEM32;C:\WINDOWS\WinSxS\amd64_microsoft.windows.common-controls_6595b64144ccf1df_6.0.19041.1110_none_60b5254171f9507e;C:\Program Files\jdk-11.0.16.1\bin\server

VM Arguments:
jvm_args: -ea -Didea.test.cyclic.buffer.size=1048576 -javaagent:C:\Users\ASUS\IntelliJ IDEA Community Edition 2022.3\lib\idea_rt.jar=57604:C:\Users\ASUS\IntelliJ IDEA Community Edition 2022.3\bin -Dfile.encoding=UTF-8 
java_command: com.intellij.rt.testng.RemoteTestNGStarter -usedefaultlisteners false -socket57603 @w@C:\Users\ASUS\AppData\Local\Temp\idea_working_dirs_testng.tmp -temp C:\Users\ASUS\AppData\Local\Temp\idea_testng.tmp
java_class_path (initial): C:\Users\ASUS\IntelliJ IDEA Community Edition 2022.3\lib\idea_rt.jar;C:\Users\ASUS\IntelliJ IDEA Community Edition 2022.3\plugins\testng\lib\testng-rt.jar;C:\Users\ASUS\IdeaProjects\FirstSeleniumTest\target\test-classes;C:\Users\ASUS\.m2\repository\org\seleniumhq\selenium\selenium-java\4.6.0\selenium-java-4.6.0.jar;C:\Users\ASUS\.m2\repository\org\seleniumhq\selenium\selenium-api\4.6.0\selenium-api-4.6.0.jar;C:\Users\ASUS\.m2\repository\org\seleniumhq\selenium\selenium-chrome-driver\4.6.0\selenium-chrome-driver-4.6.0.jar;C:\Users\ASUS\.m2\repository\com\google\auto\service\auto-service-annotations\1.0.1\auto-service-annotations-1.0.1.jar;C:\Users\ASUS\.m2\repository\com\google\auto\service\auto-service\1.0.1\auto-service-1.0.1.jar;C:\Users\ASUS\.m2\repository\com\google\auto\auto-common\1.2\auto-common-1.2.jar;C:\Users\ASUS\.m2\repository\com\google\guava\guava\31.1-jre\guava-31.1-jre.jar;C:\Users\ASUS\.m2\repository\com\google\guava\failureaccess\1.0.1\failureaccess-1.0.1.jar;C:\Users\ASUS\.m2\repository\com\google\guava\listenablefuture\9999.0-empty-to-avoid-conflict-with-guava\listenablefuture-9999.0-empty-to-avoid-conflict-with-guava.jar;C:\Users\ASUS\.m2\repository\com\google\code\findbugs\jsr305\3.0.2\jsr305-3.0.2.jar;C:\Users\ASUS\.m2\repository\org\checkerframework\checker-qual\3.12.0\checker-qual-3.12.0.jar;C:\Users\ASUS\.m2\repository\com\google\errorprone\error_prone_annotations\2.11.0\error_prone_annotations-2.11.0.jar;C:\Users\ASUS\.m2\repository\com\google\j2objc\j2objc-annotations\1.3\j2objc-annotations-1.3.jar;C:\Users\ASUS\.m2\repository\org\seleniumhq\selenium\selenium-chromium-driver\4.6.0\selenium-chromium-driver-4.6.0.jar;C:\Users\ASUS\.m2\repository\org\seleniumhq\selenium\selenium-json\4.6.0\selenium-json-4.6.0.jar;C:\Users\ASUS\.m2\repository\org\seleniumhq\selenium\selenium-devtools-v105\4.6.0\selenium-devtools-v105-4.6.0.jar;C:\Users\ASUS\.m2\repository\org\seleniumhq\selenium\selenium-devtools-v106\4.6.0\seleni
Launcher Type: SUN_STANDARD

[Global flags]
     intx CICompilerCount                          = 4                                         {product} {ergonomic}
     uint ConcGCThreads                            = 2                                         {product} {ergonomic}
     uint G1ConcRefinementThreads                  = 8                                         {product} {ergonomic}
   size_t G1HeapRegionSize                         = 1048576                                   {product} {ergonomic}
    uintx GCDrainStackTargetSize                   = 64                                        {product} {ergonomic}
   size_t InitialHeapSize                          = 100663296                                 {product} {ergonomic}
   size_t MarkStackSize                            = 4194304                                   {product} {ergonomic}
   size_t MaxHeapSize                              = 1598029824                                {product} {ergonomic}
   size_t MaxNewSize                               = 958398464                                 {product} {ergonomic}
   size_t MinHeapDeltaBytes                        = 1048576                                   {product} {ergonomic}
    uintx NonNMethodCodeHeapSize                   = 5836300                                {pd product} {ergonomic}
    uintx NonProfiledCodeHeapSize                  = 122910970                              {pd product} {ergonomic}
    uintx ProfiledCodeHeapSize                     = 122910970                              {pd product} {ergonomic}
    uintx ReservedCodeCacheSize                    = 251658240                              {pd product} {ergonomic}
     bool SegmentedCodeCache                       = true                                      {product} {ergonomic}
     bool UseCompressedClassPointers               = true                                 {lp64_product} {ergonomic}
     bool UseCompressedOops                        = true                                 {lp64_product} {ergonomic}
     bool UseG1GC                                  = true                                      {product} {ergonomic}
     bool UseLargePagesIndividualAllocation        = false                                  {pd product} {ergonomic}

Logging:
Log output configuration:
 #0: stdout all=warning uptime,level,tags
 #1: stderr all=off uptime,level,tags

Environment Variables:
PATH=C:\WINDOWS\system32;C:\WINDOWS;C:\WINDOWS\System32\Wbem;C:\WINDOWS\System32\WindowsPowerShell\v1.0\;C:\WINDOWS\System32\OpenSSH\;C:\Program Files\Git\cmd;C:\Program Files\jdk-11.0.16.1\bin;C:\Users\ASUS\AppData\Local\Microsoft\WindowsApps;;C:\Users\ASUS\IntelliJ IDEA Community Edition 2022.3\bin;;C:\Users\ASUS\AppData\Local\Programs\Microsoft VS Code\bin
USERNAME=ASUS
OS=Windows_NT
PROCESSOR_IDENTIFIER=AMD64 Family 23 Model 24 Stepping 1, AuthenticAMD



---------------  S Y S T E M  ---------------

OS: Windows 10 , 64 bit Build 19041 (10.0.19041.2364)

CPU:total 8 (initial active 8) (8 cores per cpu, 2 threads per core) family 23 model 24 stepping 1 microcode 0x0, cmov, cx8, fxsr, mmx, sse, sse2, sse3, ssse3, sse4.1, sse4.2, popcnt, avx, avx2, aes, clmul, mmxext, 3dnowpref, lzcnt, sse4a, ht, tsc, tscinvbit, tscinv, bmi1, bmi2, adx, s

Memory: 4k page, system-wide physical 6091M (1084M free)
TotalPageFile size 8107M (AvailPageFile size 3M)
current process WorkingSet (physical memory assigned to process): 33M, peak: 33M
current process commit charge ("private bytes"): 171M, peak: 172M

vm_info: Java HotSpot(TM) 64-Bit Server VM (11.0.16.1+1-LTS-1) for windows-amd64 JRE (11.0.16.1+1-LTS-1), built on Aug 16 2022 01:46:01 by "mach5one" with MS VC++ 15.9 (VS2017)

END.
