#
# There is insufficient memory for the Java Runtime Environment to continue.
# Native memory allocation (malloc) failed to allocate 66576 bytes for Chunk::new
# Possible reasons:
#   The system is out of physical RAM or swap space
#   The process is running with CompressedOops enabled, and the Java Heap may be blocking the growth of the native heap
# Possible solutions:
#   Reduce memory load on the system
#   Increase physical memory or swap space
#   Check if swap backing store is full
#   Decrease Java heap size (-Xmx/-Xms)
#   Decrease number of Java threads
#   Decrease Java thread stack sizes (-Xss)
#   Set larger code cache with -XX:ReservedCodeCacheSize=
#   JVM is running with Unscaled Compressed Oops mode in which the Java heap is
#     placed in the first 4GB address space. The Java Heap base address is the
#     maximum limit for the native heap growth. Please use -XX:HeapBaseMinAddress
#     to set the Java Heap base and to place the Java Heap above 4GB virtual address.
# This output file may be truncated or incomplete.
#
#  Out of Memory Error (./open/src/hotspot/share/memory/arena.cpp:197), pid=11840, tid=13792
#
# JRE version: Java(TM) SE Runtime Environment 18.9 (11.0.16.1+1) (build 11.0.16.1+1-LTS-1)
# Java VM: Java HotSpot(TM) 64-Bit Server VM 18.9 (11.0.16.1+1-LTS-1, mixed mode, tiered, compressed oops, g1 gc, windows-amd64)
# No core dump will be written. Minidumps are not enabled by default on client versions of Windows
#

---------------  S U M M A R Y ------------

Command Line: -ea -Didea.test.cyclic.buffer.size=1048576 -javaagent:C:\Users\ASUS\IntelliJ IDEA Community Edition 2022.3\lib\idea_rt.jar=63429:C:\Users\ASUS\IntelliJ IDEA Community Edition 2022.3\bin -Dfile.encoding=UTF-8 com.intellij.rt.testng.RemoteTestNGStarter -usedefaultlisteners false -socket63428 @w@C:\Users\ASUS\AppData\Local\Temp\idea_working_dirs_testng.tmp -temp C:\Users\ASUS\AppData\Local\Temp\idea_testng.tmp

Host: AMD Ryzen 5 3500U with Radeon Vega Mobile Gfx  , 8 cores, 5G,  Windows 10 , 64 bit Build 19041 (10.0.19041.2364)
Time: Fri Jan 20 11:08:58 2023  Windows 10 , 64 bit Build 19041 (10.0.19041.2364) elapsed time: 5.576794 seconds (0d 0h 0m 5s)

---------------  T H R E A D  ---------------

Current thread (0x0000018011729000):  JavaThread "C2 CompilerThread0" daemon [_thread_in_native, id=13792, stack(0x00000046a3900000,0x00000046a3a00000)]


Current CompileTask:
C2:   5576 2636       4       java.lang.StringBuilder::toString (35 bytes)

Stack: [0x00000046a3900000,0x00000046a3a00000]
Native frames: (J=compiled Java code, j=interpreted, Vv=VM code, C=native code)
V  [jvm.dll+0x62a3da]
V  [jvm.dll+0x76407f]
V  [jvm.dll+0x765729]
V  [jvm.dll+0x765db3]
V  [jvm.dll+0x23dc18]
V  [jvm.dll+0xb2a1c]
V  [jvm.dll+0xb2fdc]
V  [jvm.dll+0x341452]
V  [jvm.dll+0x30ee03]
V  [jvm.dll+0x30e14a]
V  [jvm.dll+0x1f8685]
V  [jvm.dll+0x1f786d]
V  [jvm.dll+0x177c81]
V  [jvm.dll+0x207186]
V  [jvm.dll+0x20531b]
V  [jvm.dll+0x729f60]
V  [jvm.dll+0x722b34]
V  [jvm.dll+0x629276]
C  [ucrtbase.dll+0x21bb2]
C  [KERNEL32.DLL+0x17614]
C  [ntdll.dll+0x526a1]


---------------  P R O C E S S  ---------------

Threads class SMR info:
_java_thread_list=0x0000018013a83520, length=22, elements={
0x00000180749b8000, 0x00000180116f7000, 0x0000018011700000, 0x00000180120a3000,
0x0000018011716800, 0x0000018011718800, 0x0000018011729000, 0x000001801172c000,
0x000001801172d800, 0x0000018012205800, 0x0000018012204000, 0x0000018012207000,
0x0000018012208000, 0x0000018012204800, 0x0000018012206000, 0x0000018012208800,
0x0000018012209800, 0x000001801220a800, 0x0000018013831000, 0x000001801382d800,
0x0000018013834000, 0x0000018013831800
}

Java Threads: ( => current thread )
  0x00000180749b8000 JavaThread "main" [_thread_blocked, id=17340, stack(0x00000046a2d00000,0x00000046a2e00000)]
  0x00000180116f7000 JavaThread "Reference Handler" daemon [_thread_blocked, id=17284, stack(0x00000046a3400000,0x00000046a3500000)]
  0x0000018011700000 JavaThread "Finalizer" daemon [_thread_blocked, id=16364, stack(0x00000046a3500000,0x00000046a3600000)]
  0x00000180120a3000 JavaThread "Signal Dispatcher" daemon [_thread_blocked, id=12936, stack(0x00000046a3600000,0x00000046a3700000)]
  0x0000018011716800 JavaThread "Attach Listener" daemon [_thread_blocked, id=14288, stack(0x00000046a3700000,0x00000046a3800000)]
  0x0000018011718800 JavaThread "Service Thread" daemon [_thread_blocked, id=6840, stack(0x00000046a3800000,0x00000046a3900000)]
=>0x0000018011729000 JavaThread "C2 CompilerThread0" daemon [_thread_in_native, id=13792, stack(0x00000046a3900000,0x00000046a3a00000)]
  0x000001801172c000 JavaThread "C1 CompilerThread0" daemon [_thread_blocked, id=13348, stack(0x00000046a3a00000,0x00000046a3b00000)]
  0x000001801172d800 JavaThread "Sweeper thread" daemon [_thread_blocked, id=16684, stack(0x00000046a3b00000,0x00000046a3c00000)]
  0x0000018012205800 JavaThread "Common-Cleaner" daemon [_thread_blocked, id=17880, stack(0x00000046a3c00000,0x00000046a3d00000)]
  0x0000018012204000 JavaThread "Monitor Ctrl-Break" daemon [_thread_in_native, id=11408, stack(0x00000046a3e00000,0x00000046a3f00000)]
  0x0000018012207000 JavaThread "ForkJoinPool.commonPool-worker-3" daemon [_thread_blocked, id=17544, stack(0x00000046a4100000,0x00000046a4200000)]
  0x0000018012208000 JavaThread "AsyncHttpClient-1-1" daemon [_thread_blocked, id=18012, stack(0x00000046a4400000,0x00000046a4500000)]
  0x0000018012204800 JavaThread "Exec Default Executor" daemon [_thread_in_native, id=16764, stack(0x00000046a4500000,0x00000046a4600000)]
  0x0000018012206000 JavaThread "Driver Service Executor" daemon [_thread_blocked, id=18328, stack(0x00000046a4600000,0x00000046a4700000)]
  0x0000018012208800 JavaThread "Driver Service Executor" daemon [_thread_blocked, id=17488, stack(0x00000046a4700000,0x00000046a4800000)]
  0x0000018012209800 JavaThread "UrlChecker-2" daemon [_thread_blocked, id=4904, stack(0x00000046a4800000,0x00000046a4900000)]
  0x000001801220a800 JavaThread "Exec Stream Pumper" daemon [_thread_in_native, id=468, stack(0x00000046a4900000,0x00000046a4a00000)]
  0x0000018013831000 JavaThread "Exec Stream Pumper" daemon [_thread_in_native, id=13800, stack(0x00000046a4a00000,0x00000046a4b00000)]
  0x000001801382d800 JavaThread "Keep-Alive-Timer" daemon [_thread_blocked, id=7328, stack(0x00000046a4b00000,0x00000046a4c00000)]
  0x0000018013834000 JavaThread "AsyncHttpClient-1-2" daemon [_thread_in_native, id=9968, stack(0x00000046a4c00000,0x00000046a4d00000)]
  0x0000018013831800 JavaThread "AsyncHttpClient-1-3" daemon [_thread_in_native, id=8528, stack(0x00000046a3d00000,0x00000046a3e00000)]

Other Threads:
  0x00000180116d3800 VMThread "VM Thread" [stack: 0x00000046a3300000,0x00000046a3400000] [id=16368]
  0x000001801232a000 WatcherThread [stack: 0x00000046a3f00000,0x00000046a4000000] [id=8460]
  0x00000180749cc000 GCTaskThread "GC Thread#0" [stack: 0x00000046a2e00000,0x00000046a2f00000] [id=14388]
  0x0000018012cb9000 GCTaskThread "GC Thread#1" [stack: 0x00000046a4000000,0x00000046a4100000] [id=16436]
  0x00000180749f2800 ConcurrentGCThread "G1 Main Marker" [stack: 0x00000046a2f00000,0x00000046a3000000] [id=17176]
  0x00000180749f6000 ConcurrentGCThread "G1 Conc#0" [stack: 0x00000046a3000000,0x00000046a3100000] [id=2896]
  0x00000180138ec800 ConcurrentGCThread "G1 Conc#1" [stack: 0x00000046a4300000,0x00000046a4400000] [id=9676]
  0x0000018074a7a000 ConcurrentGCThread "G1 Refine#0" [stack: 0x00000046a3100000,0x00000046a3200000] [id=16644]
  0x0000018074a7b800 ConcurrentGCThread "G1 Young RemSet Sampling" [stack: 0x00000046a3200000,0x00000046a3300000] [id=16396]

Threads with active compile tasks:
C2 CompilerThread0     5619 2636       4       java.lang.StringBuilder::toString (35 bytes)

VM state:not at safepoint (normal execution)

VM Mutex/Monitor currently owned by a thread: None

Heap address: 0x00000000a0c00000, size: 1524 MB, Compressed Oops mode: 32-bit
Narrow klass base: 0x0000000000000000, Narrow klass shift: 3
Compressed class space size: 1073741824 Address: 0x0000000100000000

Heap:
 garbage-first heap   total 98304K, used 31726K [0x00000000a0c00000, 0x0000000100000000)
  region size 1024K, 17 young (17408K), 3 survivors (3072K)
 Metaspace       used 33370K, capacity 34449K, committed 34688K, reserved 1079296K
  class space    used 3958K, capacity 4402K, committed 4480K, reserved 1048576K
Heap Regions: E=young(eden), S=young(survivor), O=old, HS=humongous(starts), HC=humongous(continues), CS=collection set, F=free, A=archive, TAMS=top-at-mark-start (previous, next)
|   0|0x00000000a0c00000, 0x00000000a0d00000, 0x00000000a0d00000|100%| O|  |TAMS 0x00000000a0d00000, 0x00000000a0c00000| Untracked 
|   1|0x00000000a0d00000, 0x00000000a0e00000, 0x00000000a0e00000|100%| O|  |TAMS 0x00000000a0e00000, 0x00000000a0d00000| Untracked 
|   2|0x00000000a0e00000, 0x00000000a0f00000, 0x00000000a0f00000|100%| O|  |TAMS 0x00000000a0ec4600, 0x00000000a0e00000| Untracked 
|   3|0x00000000a0f00000, 0x00000000a1000000, 0x00000000a1000000|100%| O|  |TAMS 0x00000000a0f00000, 0x00000000a0f00000| Untracked 
|   4|0x00000000a1000000, 0x00000000a1100000, 0x00000000a1100000|100%| O|  |TAMS 0x00000000a1000000, 0x00000000a1000000| Untracked 
|   5|0x00000000a1100000, 0x00000000a1200000, 0x00000000a1200000|100%| O|  |TAMS 0x00000000a1100000, 0x00000000a1100000| Untracked 
|   6|0x00000000a1200000, 0x00000000a1300000, 0x00000000a1300000|100%| O|  |TAMS 0x00000000a1200000, 0x00000000a1200000| Untracked 
|   7|0x00000000a1300000, 0x00000000a1400000, 0x00000000a1400000|100%| O|  |TAMS 0x00000000a1300000, 0x00000000a1300000| Untracked 
|   8|0x00000000a1400000, 0x00000000a1500000, 0x00000000a1500000|100%| O|  |TAMS 0x00000000a1400000, 0x00000000a1400000| Untracked 
|   9|0x00000000a1500000, 0x00000000a15ff200, 0x00000000a1600000| 99%| O|  |TAMS 0x00000000a1500000, 0x00000000a1500000| Untracked 
|  10|0x00000000a1600000, 0x00000000a1700000, 0x00000000a1700000|100%|HS|  |TAMS 0x00000000a1600000, 0x00000000a1600000| Complete 
|  11|0x00000000a1700000, 0x00000000a1800000, 0x00000000a1800000|100%|HC|  |TAMS 0x00000000a1700000, 0x00000000a1700000| Complete 
|  12|0x00000000a1800000, 0x00000000a1900000, 0x00000000a1900000|100%|HC|  |TAMS 0x00000000a1800000, 0x00000000a1800000| Complete 
|  13|0x00000000a1900000, 0x00000000a1a00000, 0x00000000a1a00000|100%|HC|  |TAMS 0x00000000a1900000, 0x00000000a1900000| Complete 
|  14|0x00000000a1a00000, 0x00000000a1b00000, 0x00000000a1b00000|100%|HC|  |TAMS 0x00000000a1a00000, 0x00000000a1a00000| Complete 
|  15|0x00000000a1b00000, 0x00000000a1b00000, 0x00000000a1c00000|  0%| F|  |TAMS 0x00000000a1b00000, 0x00000000a1b00000| Untracked 
|  16|0x00000000a1c00000, 0x00000000a1c00000, 0x00000000a1d00000|  0%| F|  |TAMS 0x00000000a1c00000, 0x00000000a1c00000| Untracked 
|  17|0x00000000a1d00000, 0x00000000a1d00000, 0x00000000a1e00000|  0%| F|  |TAMS 0x00000000a1d00000, 0x00000000a1d00000| Untracked 
|  18|0x00000000a1e00000, 0x00000000a1e00000, 0x00000000a1f00000|  0%| F|  |TAMS 0x00000000a1e00000, 0x00000000a1e00000| Untracked 
|  19|0x00000000a1f00000, 0x00000000a1f00000, 0x00000000a2000000|  0%| F|  |TAMS 0x00000000a1f00000, 0x00000000a1f00000| Untracked 
|  20|0x00000000a2000000, 0x00000000a2000000, 0x00000000a2100000|  0%| F|  |TAMS 0x00000000a2000000, 0x00000000a2000000| Untracked 
|  21|0x00000000a2100000, 0x00000000a2100000, 0x00000000a2200000|  0%| F|  |TAMS 0x00000000a2100000, 0x00000000a2100000| Untracked 
|  22|0x00000000a2200000, 0x00000000a2200000, 0x00000000a2300000|  0%| F|  |TAMS 0x00000000a2200000, 0x00000000a2200000| Untracked 
|  23|0x00000000a2300000, 0x00000000a2300000, 0x00000000a2400000|  0%| F|  |TAMS 0x00000000a2300000, 0x00000000a2300000| Untracked 
|  24|0x00000000a2400000, 0x00000000a2400000, 0x00000000a2500000|  0%| F|  |TAMS 0x00000000a2400000, 0x00000000a2400000| Untracked 
|  25|0x00000000a2500000, 0x00000000a2500000, 0x00000000a2600000|  0%| F|  |TAMS 0x00000000a2500000, 0x00000000a2500000| Untracked 
|  26|0x00000000a2600000, 0x00000000a2600000, 0x00000000a2700000|  0%| F|  |TAMS 0x00000000a2600000, 0x00000000a2600000| Untracked 
|  27|0x00000000a2700000, 0x00000000a2700000, 0x00000000a2800000|  0%| F|  |TAMS 0x00000000a2700000, 0x00000000a2700000| Untracked 
|  28|0x00000000a2800000, 0x00000000a2800000, 0x00000000a2900000|  0%| F|  |TAMS 0x00000000a2800000, 0x00000000a2800000| Untracked 
|  29|0x00000000a2900000, 0x00000000a2900000, 0x00000000a2a00000|  0%| F|  |TAMS 0x00000000a2900000, 0x00000000a2900000| Untracked 
|  30|0x00000000a2a00000, 0x00000000a2a00000, 0x00000000a2b00000|  0%| F|  |TAMS 0x00000000a2a00000, 0x00000000a2a00000| Untracked 
|  31|0x00000000a2b00000, 0x00000000a2b00000, 0x00000000a2c00000|  0%| F|  |TAMS 0x00000000a2b00000, 0x00000000a2b00000| Untracked 
|  32|0x00000000a2c00000, 0x00000000a2c00000, 0x00000000a2d00000|  0%| F|  |TAMS 0x00000000a2c00000, 0x00000000a2c00000| Untracked 
|  33|0x00000000a2d00000, 0x00000000a2d00000, 0x00000000a2e00000|  0%| F|  |TAMS 0x00000000a2d00000, 0x00000000a2d00000| Untracked 
|  34|0x00000000a2e00000, 0x00000000a2e00000, 0x00000000a2f00000|  0%| F|  |TAMS 0x00000000a2e00000, 0x00000000a2e00000| Untracked 
|  35|0x00000000a2f00000, 0x00000000a2f00000, 0x00000000a3000000|  0%| F|  |TAMS 0x00000000a2f00000, 0x00000000a2f00000| Untracked 
|  36|0x00000000a3000000, 0x00000000a3000000, 0x00000000a3100000|  0%| F|  |TAMS 0x00000000a3000000, 0x00000000a3000000| Untracked 
|  37|0x00000000a3100000, 0x00000000a3100000, 0x00000000a3200000|  0%| F|  |TAMS 0x00000000a3100000, 0x00000000a3100000| Untracked 
|  38|0x00000000a3200000, 0x00000000a3200000, 0x00000000a3300000|  0%| F|  |TAMS 0x00000000a3200000, 0x00000000a3200000| Untracked 
|  39|0x00000000a3300000, 0x00000000a3300000, 0x00000000a3400000|  0%| F|  |TAMS 0x00000000a3300000, 0x00000000a3300000| Untracked 
|  40|0x00000000a3400000, 0x00000000a3400000, 0x00000000a3500000|  0%| F|  |TAMS 0x00000000a3400000, 0x00000000a3400000| Untracked 
|  41|0x00000000a3500000, 0x00000000a3500000, 0x00000000a3600000|  0%| F|  |TAMS 0x00000000a3500000, 0x00000000a3500000| Untracked 
|  42|0x00000000a3600000, 0x00000000a3600000, 0x00000000a3700000|  0%| F|  |TAMS 0x00000000a3600000, 0x00000000a3600000| Untracked 
|  43|0x00000000a3700000, 0x00000000a3700000, 0x00000000a3800000|  0%| F|  |TAMS 0x00000000a3700000, 0x00000000a3700000| Untracked 
|  44|0x00000000a3800000, 0x00000000a38fc6a0, 0x00000000a3900000| 98%| S|CS|TAMS 0x00000000a3800000, 0x00000000a3800000| Complete 
|  45|0x00000000a3900000, 0x00000000a3a00000, 0x00000000a3a00000|100%| S|CS|TAMS 0x00000000a3900000, 0x00000000a3900000| Complete 
|  46|0x00000000a3a00000, 0x00000000a3b00000, 0x00000000a3b00000|100%| S|CS|TAMS 0x00000000a3a00000, 0x00000000a3a00000| Complete 
|  47|0x00000000a3b00000, 0x00000000a3b00000, 0x00000000a3c00000|  0%| F|  |TAMS 0x00000000a3b00000, 0x00000000a3b00000| Untracked 
|  48|0x00000000a3c00000, 0x00000000a3c00000, 0x00000000a3d00000|  0%| F|  |TAMS 0x00000000a3c00000, 0x00000000a3c00000| Untracked 
|  49|0x00000000a3d00000, 0x00000000a3d00000, 0x00000000a3e00000|  0%| F|  |TAMS 0x00000000a3d00000, 0x00000000a3d00000| Untracked 
|  50|0x00000000a3e00000, 0x00000000a3e00000, 0x00000000a3f00000|  0%| F|  |TAMS 0x00000000a3e00000, 0x00000000a3e00000| Untracked 
|  51|0x00000000a3f00000, 0x00000000a3f00000, 0x00000000a4000000|  0%| F|  |TAMS 0x00000000a3f00000, 0x00000000a3f00000| Untracked 
|  52|0x00000000a4000000, 0x00000000a4000000, 0x00000000a4100000|  0%| F|  |TAMS 0x00000000a4000000, 0x00000000a4000000| Untracked 
|  53|0x00000000a4100000, 0x00000000a4100000, 0x00000000a4200000|  0%| F|  |TAMS 0x00000000a4100000, 0x00000000a4100000| Untracked 
|  54|0x00000000a4200000, 0x00000000a4200000, 0x00000000a4300000|  0%| F|  |TAMS 0x00000000a4200000, 0x00000000a4200000| Untracked 
|  55|0x00000000a4300000, 0x00000000a4300000, 0x00000000a4400000|  0%| F|  |TAMS 0x00000000a4300000, 0x00000000a4300000| Untracked 
|  56|0x00000000a4400000, 0x00000000a4400000, 0x00000000a4500000|  0%| F|  |TAMS 0x00000000a4400000, 0x00000000a4400000| Untracked 
|  57|0x00000000a4500000, 0x00000000a4500000, 0x00000000a4600000|  0%| F|  |TAMS 0x00000000a4500000, 0x00000000a4500000| Untracked 
|  58|0x00000000a4600000, 0x00000000a4600000, 0x00000000a4700000|  0%| F|  |TAMS 0x00000000a4600000, 0x00000000a4600000| Untracked 
|  59|0x00000000a4700000, 0x00000000a4700000, 0x00000000a4800000|  0%| F|  |TAMS 0x00000000a4700000, 0x00000000a4700000| Untracked 
|  60|0x00000000a4800000, 0x00000000a4800000, 0x00000000a4900000|  0%| F|  |TAMS 0x00000000a4800000, 0x00000000a4800000| Untracked 
|  61|0x00000000a4900000, 0x00000000a4900000, 0x00000000a4a00000|  0%| F|  |TAMS 0x00000000a4900000, 0x00000000a4900000| Untracked 
|  62|0x00000000a4a00000, 0x00000000a4a00000, 0x00000000a4b00000|  0%| F|  |TAMS 0x00000000a4a00000, 0x00000000a4a00000| Untracked 
|  63|0x00000000a4b00000, 0x00000000a4b00000, 0x00000000a4c00000|  0%| F|  |TAMS 0x00000000a4b00000, 0x00000000a4b00000| Untracked 
|  64|0x00000000a4c00000, 0x00000000a4c00000, 0x00000000a4d00000|  0%| F|  |TAMS 0x00000000a4c00000, 0x00000000a4c00000| Untracked 
|  65|0x00000000a4d00000, 0x00000000a4d00000, 0x00000000a4e00000|  0%| F|  |TAMS 0x00000000a4d00000, 0x00000000a4d00000| Untracked 
|  66|0x00000000a4e00000, 0x00000000a4e00000, 0x00000000a4f00000|  0%| F|  |TAMS 0x00000000a4e00000, 0x00000000a4e00000| Untracked 
|  67|0x00000000a4f00000, 0x00000000a4f00000, 0x00000000a5000000|  0%| F|  |TAMS 0x00000000a4f00000, 0x00000000a4f00000| Untracked 
|  68|0x00000000a5000000, 0x00000000a5000000, 0x00000000a5100000|  0%| F|  |TAMS 0x00000000a5000000, 0x00000000a5000000| Untracked 
|  69|0x00000000a5100000, 0x00000000a5100000, 0x00000000a5200000|  0%| F|  |TAMS 0x00000000a5100000, 0x00000000a5100000| Untracked 
|  70|0x00000000a5200000, 0x00000000a5200000, 0x00000000a5300000|  0%| F|  |TAMS 0x00000000a5200000, 0x00000000a5200000| Untracked 
|  71|0x00000000a5300000, 0x00000000a5300000, 0x00000000a5400000|  0%| F|  |TAMS 0x00000000a5300000, 0x00000000a5300000| Untracked 
|  72|0x00000000a5400000, 0x00000000a5400000, 0x00000000a5500000|  0%| F|  |TAMS 0x00000000a5400000, 0x00000000a5400000| Untracked 
|  73|0x00000000a5500000, 0x00000000a5500000, 0x00000000a5600000|  0%| F|  |TAMS 0x00000000a5500000, 0x00000000a5500000| Untracked 
|  74|0x00000000a5600000, 0x00000000a5600000, 0x00000000a5700000|  0%| F|  |TAMS 0x00000000a5600000, 0x00000000a5600000| Untracked 
|  75|0x00000000a5700000, 0x00000000a5700000, 0x00000000a5800000|  0%| F|  |TAMS 0x00000000a5700000, 0x00000000a5700000| Untracked 
|  76|0x00000000a5800000, 0x00000000a5800000, 0x00000000a5900000|  0%| F|  |TAMS 0x00000000a5800000, 0x00000000a5800000| Untracked 
|  77|0x00000000a5900000, 0x00000000a5900000, 0x00000000a5a00000|  0%| F|  |TAMS 0x00000000a5900000, 0x00000000a5900000| Untracked 
|  78|0x00000000a5a00000, 0x00000000a5a00000, 0x00000000a5b00000|  0%| F|  |TAMS 0x00000000a5a00000, 0x00000000a5a00000| Untracked 
|  79|0x00000000a5b00000, 0x00000000a5b00000, 0x00000000a5c00000|  0%| F|  |TAMS 0x00000000a5b00000, 0x00000000a5b00000| Untracked 
|  80|0x00000000a5c00000, 0x00000000a5c00000, 0x00000000a5d00000|  0%| F|  |TAMS 0x00000000a5c00000, 0x00000000a5c00000| Untracked 
|  81|0x00000000a5d00000, 0x00000000a5d00000, 0x00000000a5e00000|  0%| F|  |TAMS 0x00000000a5d00000, 0x00000000a5d00000| Untracked 
|  82|0x00000000a5e00000, 0x00000000a5eb3b68, 0x00000000a5f00000| 70%| E|  |TAMS 0x00000000a5e00000, 0x00000000a5e00000| Complete 
|  83|0x00000000a5f00000, 0x00000000a6000000, 0x00000000a6000000|100%| E|CS|TAMS 0x00000000a5f00000, 0x00000000a5f00000| Complete 
|  84|0x00000000a6000000, 0x00000000a6100000, 0x00000000a6100000|100%| E|CS|TAMS 0x00000000a6000000, 0x00000000a6000000| Complete 
|  85|0x00000000a6100000, 0x00000000a6200000, 0x00000000a6200000|100%| E|CS|TAMS 0x00000000a6100000, 0x00000000a6100000| Complete 
|  86|0x00000000a6200000, 0x00000000a6300000, 0x00000000a6300000|100%| E|CS|TAMS 0x00000000a6200000, 0x00000000a6200000| Complete 
|  87|0x00000000a6300000, 0x00000000a6400000, 0x00000000a6400000|100%| E|CS|TAMS 0x00000000a6300000, 0x00000000a6300000| Complete 
|  88|0x00000000a6400000, 0x00000000a6500000, 0x00000000a6500000|100%| E|CS|TAMS 0x00000000a6400000, 0x00000000a6400000| Complete 
|  89|0x00000000a6500000, 0x00000000a6600000, 0x00000000a6600000|100%| E|CS|TAMS 0x00000000a6500000, 0x00000000a6500000| Complete 
|  90|0x00000000a6600000, 0x00000000a6700000, 0x00000000a6700000|100%| E|CS|TAMS 0x00000000a6600000, 0x00000000a6600000| Complete 
|  91|0x00000000a6700000, 0x00000000a6800000, 0x00000000a6800000|100%| E|CS|TAMS 0x00000000a6700000, 0x00000000a6700000| Complete 
|  92|0x00000000a6800000, 0x00000000a6900000, 0x00000000a6900000|100%| E|CS|TAMS 0x00000000a6800000, 0x00000000a6800000| Complete 
|  93|0x00000000a6900000, 0x00000000a6a00000, 0x00000000a6a00000|100%| E|CS|TAMS 0x00000000a6900000, 0x00000000a6900000| Complete 
|  94|0x00000000a6a00000, 0x00000000a6b00000, 0x00000000a6b00000|100%| E|CS|TAMS 0x00000000a6a00000, 0x00000000a6a00000| Complete 
|  95|0x00000000a6b00000, 0x00000000a6c00000, 0x00000000a6c00000|100%| E|CS|TAMS 0x00000000a6b00000, 0x00000000a6b00000| Complete 

Card table byte_map: [0x000001807c690000,0x000001807c990000] _byte_map_base: 0x000001807c18a000

Marking Bits (Prev, Next): (CMBitMap*) 0x00000180749eadc0, (CMBitMap*) 0x00000180749ead88
 Prev Bits: [0x000001807e460000, 0x000001807fc30000)
 Next Bits: [0x000001807cc90000, 0x000001807e460000)

Polling page: 0x0000018074190000

Metaspace:

Usage:
  Non-class:     29.34 MB capacity,    28.72 MB ( 98%) used,   512.95 KB (  2%) free+waste,   121.81 KB ( <1%) overhead. 
      Class:      4.30 MB capacity,     3.87 MB ( 90%) used,   380.93 KB (  9%) free+waste,    62.50 KB (  1%) overhead. 
       Both:     33.64 MB capacity,    32.59 MB ( 97%) used,   893.88 KB (  3%) free+waste,   184.31 KB ( <1%) overhead. 

Virtual space:
  Non-class space:       30.00 MB reserved,      29.50 MB ( 98%) committed 
      Class space:        1.00 GB reserved,       4.38 MB ( <1%) committed 
             Both:        1.03 GB reserved,      33.88 MB (  3%) committed 

Chunk freelists:
   Non-Class:  0 bytes
       Class:  0 bytes
        Both:  0 bytes

CodeHeap 'non-profiled nmethods': size=120000Kb used=1238Kb max_used=1238Kb free=118761Kb
 bounds [0x0000018007ad0000, 0x0000018007d40000, 0x000001800f000000]
CodeHeap 'profiled nmethods': size=120000Kb used=5471Kb max_used=5471Kb free=114528Kb
 bounds [0x00000180005a0000, 0x0000018000b00000, 0x0000018007ad0000]
CodeHeap 'non-nmethods': size=5760Kb used=1221Kb max_used=1234Kb free=4538Kb
 bounds [0x0000018000000000, 0x0000018000270000, 0x00000180005a0000]
 total_blobs=3222 nmethods=2634 adapters=499
 compilation: enabled
              stopped_count=0, restarted_count=0
 full_count=0

Compilation events (10 events):
Event: 5.565 Thread 0x000001801172c000 2629       3       java.lang.invoke.InnerClassLambdaMetafactory$ForwardingMethodGenerator::convertArgumentTypes (96 bytes)
Event: 5.566 Thread 0x000001801172c000 nmethod 2629 0x0000018000aeab90 code [0x0000018000aeade0, 0x0000018000aeb838]
Event: 5.566 Thread 0x000001801172c000 2630       3       java.lang.invoke.InnerClassLambdaMetafactory$ForwardingMethodGenerator::invocationOpcode (93 bytes)
Event: 5.567 Thread 0x000001801172c000 nmethod 2630 0x0000018000aebd90 code [0x0000018000aebfe0, 0x0000018000aec958]
Event: 5.567 Thread 0x000001801172c000 2631       3       java.util.LinkedHashMap$LinkedHashIterator::<init> (31 bytes)
Event: 5.567 Thread 0x000001801172c000 nmethod 2631 0x0000018000aecc90 code [0x0000018000aece40, 0x0000018000aed098]
Event: 5.567 Thread 0x000001801172c000 2632       3       jdk.internal.org.objectweb.asm.Frame::execute (2264 bytes)
Event: 5.569 Thread 0x0000018011729000 2633       4       jdk.internal.org.objectweb.asm.Frame::pop (43 bytes)
Event: 5.570 Thread 0x0000018011729000 nmethod 2633 0x0000018007c05790 code [0x0000018007c05900, 0x0000018007c059b8]
Event: 5.570 Thread 0x0000018011729000 2636       4       java.lang.StringBuilder::toString (35 bytes)

GC Heap History (6 events):
Event: 1.134 GC heap before
{Heap before GC invocations=0 (full 0):
 garbage-first heap   total 98304K, used 23552K [0x00000000a0c00000, 0x0000000100000000)
  region size 1024K, 24 young (24576K), 0 survivors (0K)
 Metaspace       used 12083K, capacity 12313K, committed 12672K, reserved 1060864K
  class space    used 1188K, capacity 1281K, committed 1408K, reserved 1048576K
}
Event: 1.143 GC heap after
{Heap after GC invocations=1 (full 0):
 garbage-first heap   total 98304K, used 5905K [0x00000000a0c00000, 0x0000000100000000)
  region size 1024K, 3 young (3072K), 3 survivors (3072K)
 Metaspace       used 12083K, capacity 12313K, committed 12672K, reserved 1060864K
  class space    used 1188K, capacity 1281K, committed 1408K, reserved 1048576K
}
Event: 2.392 GC heap before
{Heap before GC invocations=1 (full 0):
 garbage-first heap   total 98304K, used 56081K [0x00000000a0c00000, 0x0000000100000000)
  region size 1024K, 53 young (54272K), 3 survivors (3072K)
 Metaspace       used 20461K, capacity 21118K, committed 21248K, reserved 1069056K
  class space    used 2174K, capacity 2468K, committed 2560K, reserved 1048576K
}
Event: 2.407 GC heap after
{Heap after GC invocations=2 (full 0):
 garbage-first heap   total 98304K, used 10273K [0x00000000a0c00000, 0x0000000100000000)
  region size 1024K, 8 young (8192K), 8 survivors (8192K)
 Metaspace       used 20461K, capacity 21118K, committed 21248K, reserved 1069056K
  class space    used 2174K, capacity 2468K, committed 2560K, reserved 1048576K
}
Event: 4.138 GC heap before
{Heap before GC invocations=3 (full 0):
 garbage-first heap   total 98304K, used 60449K [0x00000000a0c00000, 0x0000000100000000)
  region size 1024K, 57 young (58368K), 8 survivors (8192K)
 Metaspace       used 31076K, capacity 32058K, committed 32256K, reserved 1077248K
  class space    used 3601K, capacity 4010K, committed 4096K, reserved 1048576K
}
Event: 4.154 GC heap after
{Heap after GC invocations=4 (full 0):
 garbage-first heap   total 98304K, used 13294K [0x00000000a0c00000, 0x0000000100000000)
  region size 1024K, 3 young (3072K), 3 survivors (3072K)
 Metaspace       used 31076K, capacity 32058K, committed 32256K, reserved 1077248K
  class space    used 3601K, capacity 4010K, committed 4096K, reserved 1048576K
}

Deoptimization events (10 events):
Event: 3.186 Thread 0x00000180749b8000 Uncommon trap: reason=unstable_if action=reinterpret pc=0x0000018007b6de3c method=java.lang.Integer.parseInt(Ljava/lang/String;I)I @ 119 c2
Event: 3.188 Thread 0x00000180749b8000 Uncommon trap: reason=unstable_if action=reinterpret pc=0x0000018007b783a4 method=jdk.internal.loader.URLClassPath$JarLoader.getResource(Ljava/lang/String;ZLjava/util/Set;)Ljdk/internal/loader/Resource; @ 17 c2
Event: 3.549 Thread 0x00000180749b8000 Uncommon trap: reason=class_check action=maybe_recompile pc=0x0000018007bb7690 method=java.util.regex.Matcher.search(I)Z @ 121 c2
Event: 3.550 Thread 0x00000180749b8000 Uncommon trap: reason=class_check action=maybe_recompile pc=0x0000018007bb7690 method=java.util.regex.Matcher.search(I)Z @ 121 c2
Event: 3.550 Thread 0x00000180749b8000 Uncommon trap: reason=class_check action=maybe_recompile pc=0x0000018007bb7690 method=java.util.regex.Matcher.search(I)Z @ 121 c2
Event: 3.550 Thread 0x00000180749b8000 Uncommon trap: reason=class_check action=maybe_recompile pc=0x0000018007bb7690 method=java.util.regex.Matcher.search(I)Z @ 121 c2
Event: 3.562 Thread 0x00000180749b8000 Uncommon trap: reason=unstable_if action=reinterpret pc=0x0000018007bc2cfc method=java.lang.String.replace(CC)Ljava/lang/String; @ 2 c2
Event: 3.685 Thread 0x00000180749b8000 Uncommon trap: reason=unstable_if action=reinterpret pc=0x0000018007b3646c method=jdk.internal.org.objectweb.asm.Type.getArgumentsAndReturnSizes(Ljava/lang/String;)I @ 41 c2
Event: 3.686 Thread 0x00000180749b8000 Uncommon trap: reason=unstable_if action=reinterpret pc=0x0000018007bc8d78 method=jdk.internal.org.objectweb.asm.Type.getArgumentsAndReturnSizes(Ljava/lang/String;)I @ 41 c2
Event: 5.556 Thread 0x00000180749b8000 Uncommon trap: reason=unstable_if action=reinterpret pc=0x0000018007bb8eec method=java.util.HashMap.hash(Ljava/lang/Object;)I @ 1 c2

Classes redefined (0 events):
No events

Internal exceptions (10 events):
Event: 3.686 Thread 0x00000180749b8000 Exception <a 'java/lang/NoSuchMethodError'{0x00000000a4648a30}: java.lang.invoke.DirectMethodHandle$Holder.invokeVirtual(Ljava/lang/Object;Ljava/lang/Object;)F> (0x00000000a4648a30) thrown at [./open/src/hotspot/share/interpreter/linkResolver.cpp, line 77
Event: 3.687 Thread 0x00000180749b8000 Exception <a 'java/lang/NoSuchMethodError'{0x00000000a4650ec8}: java.lang.invoke.DirectMethodHandle$Holder.invokeVirtual(Ljava/lang/Object;Ljava/lang/Object;)J> (0x00000000a4650ec8) thrown at [./open/src/hotspot/share/interpreter/linkResolver.cpp, line 77
Event: 3.718 Thread 0x00000180749b8000 Exception <a 'java/lang/NoSuchMethodError'{0x00000000a45bb4f0}: java.lang.invoke.DirectMethodHandle$Holder.invokeSpecial(Ljava/lang/Object;Ljava/lang/Object;Ljava/lang/Object;Ljava/lang/Object;Ljava/lang/Object;)V> (0x00000000a45bb4f0) thrown at [./open/s
Event: 3.721 Thread 0x00000180749b8000 Exception <a 'java/lang/NoSuchMethodError'{0x00000000a45c1fb8}: java.lang.invoke.DirectMethodHandle$Holder.invokeStatic(Ljava/lang/Object;Ljava/lang/Object;I)V> (0x00000000a45c1fb8) thrown at [./open/src/hotspot/share/interpreter/linkResolver.cpp, line 77
Event: 3.775 Thread 0x00000180749b8000 Exception <a 'java/lang/NoSuchMethodError'{0x00000000a422a858}: java.lang.invoke.DirectMethodHandle$Holder.invokeSpecialIFC(Ljava/lang/Object;Ljava/lang/Object;Ljava/lang/Object;)I> (0x00000000a422a858) thrown at [./open/src/hotspot/share/interpreter/link
Event: 3.873 Thread 0x00000180749b8000 Exception <a 'java/lang/NoSuchMethodError'{0x00000000a3d8a8c8}: java.lang.invoke.DirectMethodHandle$Holder.invokeSpecial(Ljava/lang/Object;Ljava/lang/Object;Ljava/lang/Object;Ljava/lang/Object;Ljava/lang/Object;Ljava/lang/Object;)V> (0x00000000a3d8a8c8) t
Event: 5.471 Thread 0x00000180749b8000 Exception <a 'java/lang/NoSuchMethodError'{0x00000000a62b8780}: java.lang.invoke.DirectMethodHandle$Holder.invokeSpecialIFC(Ljava/lang/Object;Ljava/lang/Object;Ljava/lang/Object;)Ljava/lang/Object;> (0x00000000a62b8780) thrown at [./open/src/hotspot/share
Event: 5.545 Thread 0x00000180749b8000 Exception <a 'java/lang/reflect/InvocationTargetException'{0x00000000a60e2038}> (0x00000000a60e2038) thrown at [./open/src/hotspot/share/runtime/reflection.cpp, line 1242]
Event: 5.547 Thread 0x00000180749b8000 Exception <a 'java/lang/NoClassDefFoundError'{0x00000000a60ff938}: junit/framework/ComparisonFailure> (0x00000000a60ff938) thrown at [./open/src/hotspot/share/classfile/systemDictionary.cpp, line 215]
Event: 5.556 Thread 0x00000180749b8000 Implicit null exception at 0x0000018007bb8b11 to 0x0000018007bb8ed8

Events (10 events):
Event: 5.567 loading class org/testng/IReporter done
Event: 5.572 loading class java/util/IdentityHashMap$KeyIterator
Event: 5.572 loading class java/util/IdentityHashMap$IdentityHashMapIterator
Event: 5.572 loading class java/util/IdentityHashMap$IdentityHashMapIterator done
Event: 5.572 loading class java/util/IdentityHashMap$KeyIterator done
Event: 5.573 Thread 0x000001801382e800 Thread added: 0x000001801382e800
Event: 5.573 Executing VM operation: RevokeBias
Event: 5.573 Executing VM operation: RevokeBias done
Event: 5.573 Executing VM operation: RevokeBias
Event: 5.573 Executing VM operation: RevokeBias done


Dynamic libraries:
0x00007ff7f94c0000 - 0x00007ff7f94cf000 	C:\Program Files\jdk-11.0.16.1\bin\java.exe
0x00007ffbe0fd0000 - 0x00007ffbe11c8000 	C:\WINDOWS\SYSTEM32\ntdll.dll
0x00007ffbe0300000 - 0x00007ffbe03bf000 	C:\WINDOWS\System32\KERNEL32.DLL
0x00007ffbde7b0000 - 0x00007ffbdea82000 	C:\WINDOWS\System32\KERNELBASE.dll
0x00007ffbdebd0000 - 0x00007ffbdecd0000 	C:\WINDOWS\System32\ucrtbase.dll
0x00007ffbceae0000 - 0x00007ffbceaf8000 	C:\Program Files\jdk-11.0.16.1\bin\jli.dll
0x00007ffbceb00000 - 0x00007ffbceb15000 	C:\Program Files\jdk-11.0.16.1\bin\VCRUNTIME140.dll
0x00007ffbe07c0000 - 0x00007ffbe086e000 	C:\WINDOWS\System32\ADVAPI32.dll
0x00007ffbe0e70000 - 0x00007ffbe0f0e000 	C:\WINDOWS\System32\msvcrt.dll
0x00007ffbdfc10000 - 0x00007ffbdfcac000 	C:\WINDOWS\System32\sechost.dll
0x00007ffbdf010000 - 0x00007ffbdf135000 	C:\WINDOWS\System32\RPCRT4.dll
0x00007ffbe0570000 - 0x00007ffbe0711000 	C:\WINDOWS\System32\USER32.dll
0x00007ffbde710000 - 0x00007ffbde732000 	C:\WINDOWS\System32\win32u.dll
0x00007ffbcd590000 - 0x00007ffbcd82a000 	C:\WINDOWS\WinSxS\amd64_microsoft.windows.common-controls_6595b64144ccf1df_6.0.19041.1110_none_60b5254171f9507e\COMCTL32.dll
0x00007ffbdff40000 - 0x00007ffbdff6b000 	C:\WINDOWS\System32\GDI32.dll
0x00007ffbdeac0000 - 0x00007ffbdebcf000 	C:\WINDOWS\System32\gdi32full.dll
0x00007ffbdeee0000 - 0x00007ffbdef7d000 	C:\WINDOWS\System32\msvcp_win.dll
0x00007ffbd5c60000 - 0x00007ffbd5c6a000 	C:\WINDOWS\SYSTEM32\VERSION.dll
0x00007ffbe0720000 - 0x00007ffbe0752000 	C:\WINDOWS\System32\IMM32.DLL
0x00007ffbaf1e0000 - 0x00007ffbaf27b000 	C:\Program Files\jdk-11.0.16.1\bin\msvcp140.dll
0x00007ffbae6c0000 - 0x00007ffbaf1d8000 	C:\Program Files\jdk-11.0.16.1\bin\server\jvm.dll
0x00007ffbdf140000 - 0x00007ffbdf148000 	C:\WINDOWS\System32\PSAPI.DLL
0x00007ffbda1e0000 - 0x00007ffbda1e9000 	C:\WINDOWS\SYSTEM32\WSOCK32.dll
0x00007ffbd4140000 - 0x00007ffbd4167000 	C:\WINDOWS\SYSTEM32\WINMM.dll
0x00007ffbe0870000 - 0x00007ffbe08db000 	C:\WINDOWS\System32\WS2_32.dll
0x00007ffbdc580000 - 0x00007ffbdc592000 	C:\WINDOWS\SYSTEM32\kernel.appcore.dll
0x00007ffbcead0000 - 0x00007ffbceae0000 	C:\Program Files\jdk-11.0.16.1\bin\verify.dll
0x00007ffbd5a70000 - 0x00007ffbd5c54000 	C:\WINDOWS\SYSTEM32\DBGHELP.DLL
0x00007ffbc0fd0000 - 0x00007ffbc1005000 	C:\WINDOWS\SYSTEM32\dbgcore.DLL
0x00007ffbdef80000 - 0x00007ffbdf002000 	C:\WINDOWS\System32\bcryptPrimitives.dll
0x00007ffbb7b60000 - 0x00007ffbb7b88000 	C:\Program Files\jdk-11.0.16.1\bin\java.dll
0x00007ffbceac0000 - 0x00007ffbceaca000 	C:\Program Files\jdk-11.0.16.1\bin\jimage.dll
0x00007ffbd8bd0000 - 0x00007ffbd8bde000 	C:\Program Files\jdk-11.0.16.1\bin\instrument.dll
0x00007ffbc8ee0000 - 0x00007ffbc8ef6000 	C:\Program Files\jdk-11.0.16.1\bin\zip.dll
0x00007ffbdf430000 - 0x00007ffbdfb74000 	C:\WINDOWS\System32\SHELL32.dll
0x00007ffbdc780000 - 0x00007ffbdcf12000 	C:\WINDOWS\SYSTEM32\windows.storage.dll
0x00007ffbdffa0000 - 0x00007ffbe02f5000 	C:\WINDOWS\System32\combase.dll
0x00007ffbde040000 - 0x00007ffbde070000 	C:\WINDOWS\SYSTEM32\Wldp.dll
0x00007ffbdfd60000 - 0x00007ffbdfe0d000 	C:\WINDOWS\System32\SHCORE.dll
0x00007ffbdf3d0000 - 0x00007ffbdf425000 	C:\WINDOWS\System32\shlwapi.dll
0x00007ffbde600000 - 0x00007ffbde61f000 	C:\WINDOWS\SYSTEM32\profapi.dll
0x00007ffbb32b0000 - 0x00007ffbb32c9000 	C:\Program Files\jdk-11.0.16.1\bin\net.dll
0x00007ffbd3e70000 - 0x00007ffbd3f7c000 	C:\WINDOWS\SYSTEM32\WINHTTP.dll
0x00007ffbddda0000 - 0x00007ffbdde0a000 	C:\WINDOWS\system32\mswsock.dll
0x00007ffbae6a0000 - 0x00007ffbae6b2000 	C:\Program Files\jdk-11.0.16.1\bin\nio.dll
0x00007ffbd8680000 - 0x00007ffbd869a000 	C:\Users\ASUS\IntelliJ IDEA Community Edition 2022.3\bin\breakgen64.dll
0x00007ffbddf90000 - 0x00007ffbddfa8000 	C:\WINDOWS\SYSTEM32\CRYPTSP.dll
0x00007ffbdd6c0000 - 0x00007ffbdd6f4000 	C:\WINDOWS\system32\rsaenh.dll
0x00007ffbdea90000 - 0x00007ffbdeab7000 	C:\WINDOWS\System32\bcrypt.dll
0x00007ffbde580000 - 0x00007ffbde5ae000 	C:\WINDOWS\SYSTEM32\USERENV.dll
0x00007ffbddfb0000 - 0x00007ffbddfbc000 	C:\WINDOWS\SYSTEM32\CRYPTBASE.dll
0x00007ffbdda90000 - 0x00007ffbddacb000 	C:\WINDOWS\SYSTEM32\IPHLPAPI.DLL
0x00007ffbe0560000 - 0x00007ffbe0568000 	C:\WINDOWS\System32\NSI.dll
0x00007ffbd57a0000 - 0x00007ffbd57b7000 	C:\WINDOWS\SYSTEM32\dhcpcsvc6.DLL
0x00007ffbd5890000 - 0x00007ffbd58ad000 	C:\WINDOWS\SYSTEM32\dhcpcsvc.DLL
0x00007ffbddad0000 - 0x00007ffbddb9a000 	C:\WINDOWS\SYSTEM32\DNSAPI.dll
0x00007ffbd7910000 - 0x00007ffbd791d000 	C:\Program Files\jdk-11.0.16.1\bin\sunmscapi.dll
0x00007ffbdecd0000 - 0x00007ffbdee26000 	C:\WINDOWS\System32\CRYPT32.dll
0x00007ffbde0b0000 - 0x00007ffbde0d7000 	C:\WINDOWS\SYSTEM32\ncrypt.dll
0x00007ffbde070000 - 0x00007ffbde0ab000 	C:\WINDOWS\SYSTEM32\NTASN1.dll
0x00007ffbd2ee0000 - 0x00007ffbd2f05000 	C:\Program Files\jdk-11.0.16.1\bin\sunec.dll
0x0000000067bb0000 - 0x0000000067bd6000 	C:\Program Files\Bonjour\mdnsNSP.dll
0x00007ffbce3d0000 - 0x00007ffbce3da000 	C:\Windows\System32\rasadhlp.dll
0x00007ffbce4b0000 - 0x00007ffbce530000 	C:\WINDOWS\System32\fwpuclnt.dll
0x00007ffbd8ba0000 - 0x00007ffbd8ba9000 	C:\Program Files\jdk-11.0.16.1\bin\management.dll
0x00007ffbd8670000 - 0x00007ffbd867b000 	C:\Program Files\jdk-11.0.16.1\bin\management_ext.dll

dbghelp: loaded successfully - version: 4.0.5 - missing functions: none
symbol engine: initialized successfully - sym options: 0x614 - pdb path: .;C:\Program Files\jdk-11.0.16.1\bin;C:\WINDOWS\SYSTEM32;C:\WINDOWS\WinSxS\amd64_microsoft.windows.common-controls_6595b64144ccf1df_6.0.19041.1110_none_60b5254171f9507e;C:\Program Files\jdk-11.0.16.1\bin\server;C:\Users\ASUS\IntelliJ IDEA Community Edition 2022.3\bin;C:\Program Files\Bonjour

VM Arguments:
jvm_args: -ea -Didea.test.cyclic.buffer.size=1048576 -javaagent:C:\Users\ASUS\IntelliJ IDEA Community Edition 2022.3\lib\idea_rt.jar=63429:C:\Users\ASUS\IntelliJ IDEA Community Edition 2022.3\bin -Dfile.encoding=UTF-8 
java_command: com.intellij.rt.testng.RemoteTestNGStarter -usedefaultlisteners false -socket63428 @w@C:\Users\ASUS\AppData\Local\Temp\idea_working_dirs_testng.tmp -temp C:\Users\ASUS\AppData\Local\Temp\idea_testng.tmp
java_class_path (initial): C:\Users\ASUS\IntelliJ IDEA Community Edition 2022.3\lib\idea_rt.jar;C:\Users\ASUS\IntelliJ IDEA Community Edition 2022.3\plugins\testng\lib\testng-rt.jar;C:\Users\ASUS\IdeaProjects\FirstSeleniumTest\target\test-classes;C:\Users\ASUS\.m2\repository\org\seleniumhq\selenium\selenium-java\4.6.0\selenium-java-4.6.0.jar;C:\Users\ASUS\.m2\repository\org\seleniumhq\selenium\selenium-api\4.6.0\selenium-api-4.6.0.jar;C:\Users\ASUS\.m2\repository\org\seleniumhq\selenium\selenium-chrome-driver\4.6.0\selenium-chrome-driver-4.6.0.jar;C:\Users\ASUS\.m2\repository\com\google\auto\service\auto-service-annotations\1.0.1\auto-service-annotations-1.0.1.jar;C:\Users\ASUS\.m2\repository\com\google\auto\service\auto-service\1.0.1\auto-service-1.0.1.jar;C:\Users\ASUS\.m2\repository\com\google\auto\auto-common\1.2\auto-common-1.2.jar;C:\Users\ASUS\.m2\repository\com\google\guava\guava\31.1-jre\guava-31.1-jre.jar;C:\Users\ASUS\.m2\repository\com\google\guava\failureaccess\1.0.1\failureaccess-1.0.1.jar;C:\Users\ASUS\.m2\repository\com\google\guava\listenablefuture\9999.0-empty-to-avoid-conflict-with-guava\listenablefuture-9999.0-empty-to-avoid-conflict-with-guava.jar;C:\Users\ASUS\.m2\repository\com\google\code\findbugs\jsr305\3.0.2\jsr305-3.0.2.jar;C:\Users\ASUS\.m2\repository\org\checkerframework\checker-qual\3.12.0\checker-qual-3.12.0.jar;C:\Users\ASUS\.m2\repository\com\google\errorprone\error_prone_annotations\2.11.0\error_prone_annotations-2.11.0.jar;C:\Users\ASUS\.m2\repository\com\google\j2objc\j2objc-annotations\1.3\j2objc-annotations-1.3.jar;C:\Users\ASUS\.m2\repository\org\seleniumhq\selenium\selenium-chromium-driver\4.6.0\selenium-chromium-driver-4.6.0.jar;C:\Users\ASUS\.m2\repository\org\seleniumhq\selenium\selenium-json\4.6.0\selenium-json-4.6.0.jar;C:\Users\ASUS\.m2\repository\org\seleniumhq\selenium\selenium-devtools-v105\4.6.0\selenium-devtools-v105-4.6.0.jar;C:\Users\ASUS\.m2\repository\org\seleniumhq\selenium\selenium-devtools-v106\4.6.0\seleni
Launcher Type: SUN_STANDARD

[Global flags]
     intx CICompilerCount                          = 4                                         {product} {ergonomic}
     uint ConcGCThreads                            = 2                                         {product} {ergonomic}
     uint G1ConcRefinementThreads                  = 8                                         {product} {ergonomic}
   size_t G1HeapRegionSize                         = 1048576                                   {product} {ergonomic}
    uintx GCDrainStackTargetSize                   = 64                                        {product} {ergonomic}
   size_t InitialHeapSize                          = 100663296                                 {product} {ergonomic}
   size_t MarkStackSize                            = 4194304                                   {product} {ergonomic}
   size_t MaxHeapSize                              = 1598029824                                {product} {ergonomic}
   size_t MaxNewSize                               = 958398464                                 {product} {ergonomic}
   size_t MinHeapDeltaBytes                        = 1048576                                   {product} {ergonomic}
    uintx NonNMethodCodeHeapSize                   = 5836300                                {pd product} {ergonomic}
    uintx NonProfiledCodeHeapSize                  = 122910970                              {pd product} {ergonomic}
    uintx ProfiledCodeHeapSize                     = 122910970                              {pd product} {ergonomic}
    uintx ReservedCodeCacheSize                    = 251658240                              {pd product} {ergonomic}
     bool SegmentedCodeCache                       = true                                      {product} {ergonomic}
     bool UseCompressedClassPointers               = true                                 {lp64_product} {ergonomic}
     bool UseCompressedOops                        = true                                 {lp64_product} {ergonomic}
     bool UseG1GC                                  = true                                      {product} {ergonomic}
     bool UseLargePagesIndividualAllocation        = false                                  {pd product} {ergonomic}

Logging:
Log output configuration:
 #0: stdout all=warning uptime,level,tags
 #1: stderr all=off uptime,level,tags

Environment Variables:
PATH=C:\WINDOWS\system32;C:\WINDOWS;C:\WINDOWS\System32\Wbem;C:\WINDOWS\System32\WindowsPowerShell\v1.0\;C:\WINDOWS\System32\OpenSSH\;C:\Program Files\Git\cmd;C:\Program Files\jdk-11.0.16.1\bin;C:\Program Files\apache-maven-3.8.7\bin;C:\Users\ASUS\AppData\Local\Microsoft\WindowsApps;;C:\Users\ASUS\IntelliJ IDEA Community Edition 2022.3\bin;;C:\Users\ASUS\AppData\Local\Programs\Microsoft VS Code\bin
USERNAME=ASUS
OS=Windows_NT
PROCESSOR_IDENTIFIER=AMD64 Family 23 Model 24 Stepping 1, AuthenticAMD



---------------  S Y S T E M  ---------------

OS: Windows 10 , 64 bit Build 19041 (10.0.19041.2364)

CPU:total 8 (initial active 8) (8 cores per cpu, 2 threads per core) family 23 model 24 stepping 1 microcode 0x0, cmov, cx8, fxsr, mmx, sse, sse2, sse3, ssse3, sse4.1, sse4.2, popcnt, avx, avx2, aes, clmul, mmxext, 3dnowpref, lzcnt, sse4a, ht, tsc, tscinvbit, tscinv, bmi1, bmi2, adx, s

Memory: 4k page, system-wide physical 6091M (900M free)
TotalPageFile size 8107M (AvailPageFile size 4M)
current process WorkingSet (physical memory assigned to process): 164M, peak: 175M
current process commit charge ("private bytes"): 226M, peak: 237M

vm_info: Java HotSpot(TM) 64-Bit Server VM (11.0.16.1+1-LTS-1) for windows-amd64 JRE (11.0.16.1+1-LTS-1), built on Aug 16 2022 01:46:01 by "mach5one" with MS VC++ 15.9 (VS2017)

END.
